00:18:59 : Path identified is D:\UH_KTP\Outputs\Exp_6_1_Baseline_80_Split\Balanced and D:\UH_KTP\Outputs\Exp_6_1_Baseline_80_Split\Unbalanced 
00:18:59 : Starting the processing of Exp_6_1_Baseline_newPC_b32e50L1e-05 
00:19:24 : Running on GPU 
00:19:24 : Model is Exp_6_1_Baseline_newPC_b32e50L1e-05 
00:19:44 : Epoch [1/50], Loss: 0.5533, Accuracy: 0.8107, Precision: 0.8148, Recall: 0.8042, Specificity: 0.8172, F1-Score: 0.8095 
00:20:03 : Epoch [2/50], Loss: 0.4274, Accuracy: 0.8577, Precision: 0.8460, Recall: 0.8747, Specificity: 0.8407, F1-Score: 0.8601 
00:20:22 : Epoch [3/50], Loss: 0.3672, Accuracy: 0.8681, Precision: 0.8013, Recall: 0.9791, Specificity: 0.7572, F1-Score: 0.8813 
00:20:40 : Epoch [4/50], Loss: 0.3307, Accuracy: 0.8877, Precision: 0.8337, Recall: 0.9687, Specificity: 0.8068, F1-Score: 0.8961 
00:20:59 : Epoch [5/50], Loss: 0.2529, Accuracy: 0.9125, Precision: 0.9389, Recall: 0.8825, Specificity: 0.9426, F1-Score: 0.9098 
00:21:18 : Epoch [6/50], Loss: 0.2950, Accuracy: 0.9086, Precision: 0.8549, Recall: 0.9843, Specificity: 0.8329, F1-Score: 0.9150 
00:21:37 : Epoch [7/50], Loss: 0.2340, Accuracy: 0.9308, Precision: 0.9253, Recall: 0.9373, Specificity: 0.9243, F1-Score: 0.9313 
00:21:56 : Epoch [8/50], Loss: 0.2753, Accuracy: 0.9217, Precision: 0.8747, Recall: 0.9843, Specificity: 0.8590, F1-Score: 0.9263 
00:22:15 : Epoch [9/50], Loss: 0.2146, Accuracy: 0.9399, Precision: 0.9288, Recall: 0.9530, Specificity: 0.9269, F1-Score: 0.9407 
00:22:33 : Epoch [10/50], Loss: 0.2636, Accuracy: 0.9256, Precision: 0.8844, Recall: 0.9791, Specificity: 0.8721, F1-Score: 0.9294 
00:22:52 : Epoch [11/50], Loss: 0.1791, Accuracy: 0.9386, Precision: 0.9352, Recall: 0.9426, Specificity: 0.9347, F1-Score: 0.9389 
00:23:10 : Epoch [12/50], Loss: 0.1956, Accuracy: 0.9465, Precision: 0.9233, Recall: 0.9739, Specificity: 0.9191, F1-Score: 0.9479 
00:23:28 : Epoch [13/50], Loss: 0.2255, Accuracy: 0.9347, Precision: 0.8993, Recall: 0.9791, Specificity: 0.8903, F1-Score: 0.9375 
00:23:47 : Epoch [14/50], Loss: 0.1591, Accuracy: 0.9491, Precision: 0.9365, Recall: 0.9634, Specificity: 0.9347, F1-Score: 0.9498 
00:24:05 : Epoch [15/50], Loss: 0.1964, Accuracy: 0.9439, Precision: 0.9126, Recall: 0.9817, Specificity: 0.9060, F1-Score: 0.9459 
00:24:23 : Epoch [16/50], Loss: 0.2268, Accuracy: 0.9373, Precision: 0.9017, Recall: 0.9817, Specificity: 0.8930, F1-Score: 0.9400 
00:24:41 : Epoch [17/50], Loss: 0.1396, Accuracy: 0.9556, Precision: 0.9418, Recall: 0.9713, Specificity: 0.9399, F1-Score: 0.9563 
00:25:02 : Epoch [18/50], Loss: 0.1448, Accuracy: 0.9504, Precision: 0.9238, Recall: 0.9817, Specificity: 0.9191, F1-Score: 0.9519 
00:25:24 : Epoch [19/50], Loss: 0.2896, Accuracy: 0.9282, Precision: 0.8779, Recall: 0.9948, Specificity: 0.8616, F1-Score: 0.9327 
00:25:47 : Epoch [20/50], Loss: 0.1607, Accuracy: 0.9452, Precision: 0.9089, Recall: 0.9896, Specificity: 0.9008, F1-Score: 0.9475 
00:26:07 : Epoch [21/50], Loss: 0.1347, Accuracy: 0.9569, Precision: 0.9419, Recall: 0.9739, Specificity: 0.9399, F1-Score: 0.9576 
00:26:27 : Epoch [22/50], Loss: 0.1039, Accuracy: 0.9543, Precision: 0.9439, Recall: 0.9661, Specificity: 0.9426, F1-Score: 0.9548 
00:26:48 : Epoch [23/50], Loss: 0.1250, Accuracy: 0.9517, Precision: 0.9240, Recall: 0.9843, Specificity: 0.9191, F1-Score: 0.9532 
00:27:08 : Epoch [24/50], Loss: 0.1703, Accuracy: 0.9478, Precision: 0.9133, Recall: 0.9896, Specificity: 0.9060, F1-Score: 0.9499 
00:27:27 : Epoch [25/50], Loss: 0.1349, Accuracy: 0.9556, Precision: 0.9287, Recall: 0.9869, Specificity: 0.9243, F1-Score: 0.9570 
00:27:46 : Epoch [26/50], Loss: 0.1113, Accuracy: 0.9569, Precision: 0.9487, Recall: 0.9661, Specificity: 0.9478, F1-Score: 0.9573 
00:28:06 : Epoch [27/50], Loss: 0.0728, Accuracy: 0.9556, Precision: 0.9653, Recall: 0.9452, Specificity: 0.9661, F1-Score: 0.9551 
00:28:27 : Epoch [28/50], Loss: 0.0750, Accuracy: 0.9621, Precision: 0.9562, Recall: 0.9687, Specificity: 0.9556, F1-Score: 0.9624 
00:28:47 : Epoch [29/50], Loss: 0.0956, Accuracy: 0.9569, Precision: 0.9332, Recall: 0.9843, Specificity: 0.9295, F1-Score: 0.9581 
00:29:06 : Epoch [30/50], Loss: 0.1866, Accuracy: 0.9478, Precision: 0.9133, Recall: 0.9896, Specificity: 0.9060, F1-Score: 0.9499 
00:29:25 : Epoch [31/50], Loss: 0.1221, Accuracy: 0.9608, Precision: 0.9358, Recall: 0.9896, Specificity: 0.9321, F1-Score: 0.9619 
00:29:44 : Epoch [32/50], Loss: 0.0687, Accuracy: 0.9608, Precision: 0.9682, Recall: 0.9530, Specificity: 0.9687, F1-Score: 0.9605 
00:30:02 : Epoch [33/50], Loss: 0.1071, Accuracy: 0.9595, Precision: 0.9335, Recall: 0.9896, Specificity: 0.9295, F1-Score: 0.9607 
00:30:21 : Epoch [34/50], Loss: 0.1300, Accuracy: 0.9556, Precision: 0.9246, Recall: 0.9922, Specificity: 0.9191, F1-Score: 0.9572 
00:30:39 : Epoch [35/50], Loss: 0.0807, Accuracy: 0.9595, Precision: 0.9378, Recall: 0.9843, Specificity: 0.9347, F1-Score: 0.9605 
00:30:58 : Epoch [36/50], Loss: 0.0887, Accuracy: 0.9661, Precision: 0.9519, Recall: 0.9817, Specificity: 0.9504, F1-Score: 0.9666 
00:31:16 : Epoch [37/50], Loss: 0.1260, Accuracy: 0.9621, Precision: 0.9447, Recall: 0.9817, Specificity: 0.9426, F1-Score: 0.9629 
00:31:35 : Epoch [38/50], Loss: 0.0824, Accuracy: 0.9621, Precision: 0.9447, Recall: 0.9817, Specificity: 0.9426, F1-Score: 0.9629 
00:31:53 : Epoch [39/50], Loss: 0.1601, Accuracy: 0.9543, Precision: 0.9244, Recall: 0.9896, Specificity: 0.9191, F1-Score: 0.9559 
00:32:12 : Epoch [40/50], Loss: 0.1301, Accuracy: 0.9582, Precision: 0.9291, Recall: 0.9922, Specificity: 0.9243, F1-Score: 0.9596 
00:32:30 : Epoch [41/50], Loss: 0.1846, Accuracy: 0.9530, Precision: 0.9201, Recall: 0.9922, Specificity: 0.9138, F1-Score: 0.9548 
00:32:48 : Epoch [42/50], Loss: 0.0490, Accuracy: 0.9687, Precision: 0.9687, Recall: 0.9687, Specificity: 0.9687, F1-Score: 0.9687 
00:33:06 : Epoch [43/50], Loss: 0.0500, Accuracy: 0.9687, Precision: 0.9662, Recall: 0.9713, Specificity: 0.9661, F1-Score: 0.9688 
00:33:25 : Epoch [44/50], Loss: 0.0762, Accuracy: 0.9648, Precision: 0.9428, Recall: 0.9896, Specificity: 0.9399, F1-Score: 0.9656 
00:33:43 : Epoch [45/50], Loss: 0.0888, Accuracy: 0.9634, Precision: 0.9449, Recall: 0.9843, Specificity: 0.9426, F1-Score: 0.9642 
00:34:01 : Epoch [46/50], Loss: 0.1085, Accuracy: 0.9582, Precision: 0.9291, Recall: 0.9922, Specificity: 0.9243, F1-Score: 0.9596 
00:34:19 : Epoch [47/50], Loss: 0.1184, Accuracy: 0.9595, Precision: 0.9272, Recall: 0.9974, Specificity: 0.9217, F1-Score: 0.9610 
00:34:38 : Epoch [48/50], Loss: 0.0855, Accuracy: 0.9648, Precision: 0.9472, Recall: 0.9843, Specificity: 0.9452, F1-Score: 0.9654 
00:34:56 : Epoch [49/50], Loss: 0.1090, Accuracy: 0.9582, Precision: 0.9291, Recall: 0.9922, Specificity: 0.9243, F1-Score: 0.9596 
00:35:14 : Epoch [50/50], Loss: 0.0914, Accuracy: 0.9674, Precision: 0.9613, Recall: 0.9739, Specificity: 0.9608, F1-Score: 0.9676 
