22:00:47 : Running on GPU 
22:00:47 : Model is CNN_256xFC_512_Spatial_Contour_b32e50L0.0001 
22:00:47 : No saved model found. Training a new model. 
22:01:03 : Epoch [1/50], Loss: 0.4965, Accuracy: 0.9269, Precision: 0.8811, Recall: 0.9869, Specificity: 0.8668, F1-Score: 0.9310 
22:01:18 : Epoch [2/50], Loss: 0.3666, Accuracy: 0.5379, Precision: 0.5197, Recall: 1.0000, Specificity: 0.0757, F1-Score: 0.6839 
22:01:32 : Epoch [3/50], Loss: 0.3345, Accuracy: 0.9569, Precision: 0.9397, Recall: 0.9765, Specificity: 0.9373, F1-Score: 0.9577 
22:01:47 : Epoch [4/50], Loss: 0.3514, Accuracy: 0.6292, Precision: 1.0000, Recall: 0.2585, Specificity: 1.0000, F1-Score: 0.4108 
22:02:01 : Epoch [5/50], Loss: 0.3256, Accuracy: 0.8446, Precision: 0.9962, Recall: 0.6919, Specificity: 0.9974, F1-Score: 0.8166 
22:02:16 : Epoch [6/50], Loss: 0.3442, Accuracy: 0.9674, Precision: 0.9812, Recall: 0.9530, Specificity: 0.9817, F1-Score: 0.9669 
22:02:30 : Epoch [7/50], Loss: 0.3876, Accuracy: 0.5000, Precision: 0.5000, Recall: 1.0000, Specificity: 0.0000, F1-Score: 0.6667 
22:02:45 : Epoch [8/50], Loss: 0.3145, Accuracy: 0.9739, Precision: 0.9618, Recall: 0.9869, Specificity: 0.9608, F1-Score: 0.9742 
22:02:59 : Epoch [9/50], Loss: 0.3181, Accuracy: 0.7702, Precision: 0.6852, Recall: 1.0000, Specificity: 0.5405, F1-Score: 0.8132 
22:03:14 : Epoch [10/50], Loss: 0.3380, Accuracy: 0.5000, Precision: 0.5000, Recall: 1.0000, Specificity: 0.0000, F1-Score: 0.6667 
22:03:29 : Epoch [11/50], Loss: 0.3194, Accuracy: 0.9595, Precision: 0.9809, Recall: 0.9373, Specificity: 0.9817, F1-Score: 0.9586 
22:03:43 : Epoch [12/50], Loss: 0.3136, Accuracy: 0.9373, Precision: 0.8904, Recall: 0.9974, Specificity: 0.8773, F1-Score: 0.9409 
22:03:58 : Epoch [13/50], Loss: 0.3174, Accuracy: 0.9621, Precision: 0.9562, Recall: 0.9687, Specificity: 0.9556, F1-Score: 0.9624 
22:04:12 : Epoch [14/50], Loss: 0.3140, Accuracy: 0.7990, Precision: 1.0000, Recall: 0.5979, Specificity: 1.0000, F1-Score: 0.7484 
22:04:27 : Epoch [15/50], Loss: 0.3138, Accuracy: 0.5000, Precision: 0.5000, Recall: 1.0000, Specificity: 0.0000, F1-Score: 0.6667 
22:04:42 : Epoch [16/50], Loss: 0.3136, Accuracy: 0.9543, Precision: 0.9833, Recall: 0.9243, Specificity: 0.9843, F1-Score: 0.9529 
22:04:56 : Epoch [17/50], Loss: 0.3241, Accuracy: 0.9138, Precision: 0.8546, Recall: 0.9974, Specificity: 0.8303, F1-Score: 0.9205 
22:05:11 : Epoch [18/50], Loss: 0.3134, Accuracy: 0.8473, Precision: 1.0000, Recall: 0.6945, Specificity: 1.0000, F1-Score: 0.8197 
22:05:25 : Epoch [19/50], Loss: 0.3527, Accuracy: 0.9569, Precision: 0.9834, Recall: 0.9295, Specificity: 0.9843, F1-Score: 0.9557 
22:05:40 : Epoch [20/50], Loss: 0.3153, Accuracy: 0.5326, Precision: 0.5169, Recall: 1.0000, Specificity: 0.0653, F1-Score: 0.6815 
22:05:54 : Epoch [21/50], Loss: 0.3135, Accuracy: 0.9582, Precision: 0.9889, Recall: 0.9269, Specificity: 0.9896, F1-Score: 0.9569 
22:06:09 : Epoch [22/50], Loss: 0.3733, Accuracy: 0.9778, Precision: 0.9816, Recall: 0.9739, Specificity: 0.9817, F1-Score: 0.9777 
22:06:24 : Epoch [23/50], Loss: 0.3870, Accuracy: 0.9726, Precision: 0.9689, Recall: 0.9765, Specificity: 0.9687, F1-Score: 0.9727 
22:06:38 : Epoch [24/50], Loss: 0.3521, Accuracy: 0.5000, Precision: 0.5000, Recall: 1.0000, Specificity: 0.0000, F1-Score: 0.6667 
22:06:53 : Epoch [25/50], Loss: 0.3226, Accuracy: 0.9661, Precision: 0.9685, Recall: 0.9634, Specificity: 0.9687, F1-Score: 0.9660 
22:07:07 : Epoch [26/50], Loss: 0.3133, Accuracy: 0.9060, Precision: 0.8418, Recall: 1.0000, Specificity: 0.8120, F1-Score: 0.9141 
22:07:22 : Epoch [27/50], Loss: 0.3135, Accuracy: 0.9726, Precision: 0.9763, Recall: 0.9687, Specificity: 0.9765, F1-Score: 0.9725 
22:07:37 : Epoch [28/50], Loss: 0.3530, Accuracy: 0.9700, Precision: 0.9615, Recall: 0.9791, Specificity: 0.9608, F1-Score: 0.9702 
22:16:33 : Epoch [29/50], Loss: 0.3135, Accuracy: 0.9595, Precision: 0.9835, Recall: 0.9347, Specificity: 0.9843, F1-Score: 0.9585 
22:20:42 : Epoch [30/50], Loss: 0.3145, Accuracy: 0.9700, Precision: 0.9787, Recall: 0.9608, Specificity: 0.9791, F1-Score: 0.9697 
22:20:57 : Epoch [31/50], Loss: 0.3133, Accuracy: 0.8930, Precision: 0.8237, Recall: 1.0000, Specificity: 0.7859, F1-Score: 0.9033 
22:21:11 : Epoch [32/50], Loss: 0.3133, Accuracy: 0.8916, Precision: 0.9839, Recall: 0.7963, Specificity: 0.9869, F1-Score: 0.8802 
22:21:26 : Epoch [33/50], Loss: 0.3134, Accuracy: 0.9674, Precision: 0.9431, Recall: 0.9948, Specificity: 0.9399, F1-Score: 0.9682 
22:21:41 : Epoch [34/50], Loss: 0.3133, Accuracy: 0.9334, Precision: 0.8843, Recall: 0.9974, Specificity: 0.8695, F1-Score: 0.9374 
22:21:55 : Epoch [35/50], Loss: 0.3145, Accuracy: 0.9595, Precision: 0.9335, Recall: 0.9896, Specificity: 0.9295, F1-Score: 0.9607 
22:22:10 : Epoch [36/50], Loss: 0.3207, Accuracy: 0.9021, Precision: 0.9843, Recall: 0.8172, Specificity: 0.9869, F1-Score: 0.8930 
22:22:25 : Epoch [37/50], Loss: 0.3138, Accuracy: 0.9739, Precision: 0.9840, Recall: 0.9634, Specificity: 0.9843, F1-Score: 0.9736 
22:22:39 : Epoch [38/50], Loss: 0.3186, Accuracy: 0.5026, Precision: 1.0000, Recall: 0.0052, Specificity: 1.0000, F1-Score: 0.0104 
22:22:54 : Epoch [39/50], Loss: 0.3133, Accuracy: 0.9321, Precision: 0.9911, Recall: 0.8721, Specificity: 0.9922, F1-Score: 0.9278 
22:23:09 : Epoch [40/50], Loss: 0.3148, Accuracy: 0.9778, Precision: 0.9716, Recall: 0.9843, Specificity: 0.9713, F1-Score: 0.9780 
22:23:24 : Epoch [41/50], Loss: 0.3133, Accuracy: 0.9360, Precision: 0.9827, Recall: 0.8877, Specificity: 0.9843, F1-Score: 0.9328 
22:23:38 : Epoch [42/50], Loss: 0.3133, Accuracy: 0.9739, Precision: 0.9526, Recall: 0.9974, Specificity: 0.9504, F1-Score: 0.9745 
22:23:53 : Epoch [43/50], Loss: 0.3134, Accuracy: 0.9713, Precision: 0.9524, Recall: 0.9922, Specificity: 0.9504, F1-Score: 0.9719 
22:24:08 : Epoch [44/50], Loss: 0.3461, Accuracy: 0.9713, Precision: 0.9547, Recall: 0.9896, Specificity: 0.9530, F1-Score: 0.9718 
22:24:23 : Epoch [45/50], Loss: 0.3135, Accuracy: 0.9752, Precision: 0.9643, Recall: 0.9869, Specificity: 0.9634, F1-Score: 0.9755 
22:24:37 : Epoch [46/50], Loss: 0.3133, Accuracy: 0.8055, Precision: 0.7199, Recall: 1.0000, Specificity: 0.6110, F1-Score: 0.8372 
22:24:52 : Epoch [47/50], Loss: 0.3133, Accuracy: 0.9778, Precision: 0.9741, Recall: 0.9817, Specificity: 0.9739, F1-Score: 0.9779 
22:25:40 : Epoch [48/50], Loss: 0.3526, Accuracy: 0.9726, Precision: 0.9738, Recall: 0.9713, Specificity: 0.9739, F1-Score: 0.9725 
22:25:55 : Epoch [49/50], Loss: 0.3136, Accuracy: 0.9687, Precision: 0.9499, Recall: 0.9896, Specificity: 0.9478, F1-Score: 0.9693 
22:26:10 : Epoch [50/50], Loss: 0.3133, Accuracy: 0.9426, Precision: 0.9885, Recall: 0.8956, Specificity: 0.9896, F1-Score: 0.9397 
22:29:12 : Test Loss: 0.1617, Test Accuracy: 0.9895, Test Precision: 0.3703, Test Recall: 0.8958, Test Specificity: 0.9901, Test F1-Score: 0.5240 
22:29:12 : Total Time taken: 1773.213923800009 Seconds 
22:29:12 : process completed 
