09:17:06 : Running on GPU 
09:17:06 : Model is CNN_256xFC_512_Spatial_b32e50L0.0001 
09:17:06 : No saved model found. Training a new model. 
09:19:26 : Epoch [1/50], Loss: 0.4845, Accuracy: 0.9399, Precision: 0.9060, Recall: 0.9817, Specificity: 0.8982, F1-Score: 0.9424 
09:21:46 : Epoch [2/50], Loss: 0.3982, Accuracy: 0.9582, Precision: 0.9558, Recall: 0.9608, Specificity: 0.9556, F1-Score: 0.9583 
09:23:58 : Epoch [3/50], Loss: 0.3278, Accuracy: 0.6906, Precision: 1.0000, Recall: 0.3812, Specificity: 1.0000, F1-Score: 0.5520 
09:26:10 : Epoch [4/50], Loss: 0.3252, Accuracy: 0.8499, Precision: 1.0000, Recall: 0.6997, Specificity: 1.0000, F1-Score: 0.8233 
09:28:23 : Epoch [5/50], Loss: 0.3236, Accuracy: 0.7533, Precision: 1.0000, Recall: 0.5065, Specificity: 1.0000, F1-Score: 0.6724 
09:30:36 : Epoch [6/50], Loss: 0.3677, Accuracy: 0.8851, Precision: 0.9900, Recall: 0.7781, Specificity: 0.9922, F1-Score: 0.8713 
09:32:55 : Epoch [7/50], Loss: 0.4405, Accuracy: 0.5000, Precision: 0.5000, Recall: 1.0000, Specificity: 0.0000, F1-Score: 0.6667 
09:35:07 : Epoch [8/50], Loss: 0.3157, Accuracy: 0.7624, Precision: 0.6779, Recall: 1.0000, Specificity: 0.5248, F1-Score: 0.8080 
09:37:23 : Epoch [9/50], Loss: 0.3219, Accuracy: 0.9204, Precision: 0.8744, Recall: 0.9817, Specificity: 0.8590, F1-Score: 0.9250 
09:39:38 : Epoch [10/50], Loss: 0.3146, Accuracy: 0.8851, Precision: 0.8145, Recall: 0.9974, Specificity: 0.7728, F1-Score: 0.8967 
09:41:51 : Epoch [11/50], Loss: 0.3149, Accuracy: 0.8238, Precision: 0.9921, Recall: 0.6527, Specificity: 0.9948, F1-Score: 0.7874 
09:44:12 : Epoch [12/50], Loss: 0.3295, Accuracy: 0.5679, Precision: 0.5364, Recall: 1.0000, Specificity: 0.1358, F1-Score: 0.6983 
09:46:25 : Epoch [13/50], Loss: 0.3149, Accuracy: 0.9608, Precision: 0.9424, Recall: 0.9817, Specificity: 0.9399, F1-Score: 0.9616 
09:48:37 : Epoch [14/50], Loss: 0.3640, Accuracy: 0.9661, Precision: 0.9661, Recall: 0.9661, Specificity: 0.9661, F1-Score: 0.9661 
09:50:54 : Epoch [15/50], Loss: 0.3140, Accuracy: 0.9765, Precision: 0.9765, Recall: 0.9765, Specificity: 0.9765, F1-Score: 0.9765 
09:53:09 : Epoch [16/50], Loss: 0.3374, Accuracy: 0.7755, Precision: 1.0000, Recall: 0.5509, Specificity: 1.0000, F1-Score: 0.7104 
09:55:33 : Epoch [17/50], Loss: 0.3500, Accuracy: 0.9556, Precision: 0.9287, Recall: 0.9869, Specificity: 0.9243, F1-Score: 0.9570 
09:57:48 : Epoch [18/50], Loss: 0.3133, Accuracy: 0.9648, Precision: 0.9541, Recall: 0.9765, Specificity: 0.9530, F1-Score: 0.9652 
10:00:03 : Epoch [19/50], Loss: 0.3410, Accuracy: 0.9621, Precision: 0.9403, Recall: 0.9869, Specificity: 0.9373, F1-Score: 0.9631 
10:02:21 : Epoch [20/50], Loss: 0.3146, Accuracy: 0.8277, Precision: 1.0000, Recall: 0.6554, Specificity: 1.0000, F1-Score: 0.7918 
10:04:36 : Epoch [21/50], Loss: 0.3525, Accuracy: 0.6253, Precision: 0.9706, Recall: 0.2585, Specificity: 0.9922, F1-Score: 0.4082 
10:07:00 : Epoch [22/50], Loss: 0.3827, Accuracy: 0.9726, Precision: 0.9641, Recall: 0.9817, Specificity: 0.9634, F1-Score: 0.9728 
10:09:15 : Epoch [23/50], Loss: 0.3137, Accuracy: 0.6593, Precision: 0.5947, Recall: 1.0000, Specificity: 0.3185, F1-Score: 0.7459 
10:11:30 : Epoch [24/50], Loss: 0.3134, Accuracy: 0.9530, Precision: 0.9201, Recall: 0.9922, Specificity: 0.9138, F1-Score: 0.9548 
10:13:48 : Epoch [25/50], Loss: 0.3140, Accuracy: 0.9713, Precision: 0.9616, Recall: 0.9817, Specificity: 0.9608, F1-Score: 0.9716 
10:16:04 : Epoch [26/50], Loss: 0.3133, Accuracy: 0.9739, Precision: 0.9714, Recall: 0.9765, Specificity: 0.9713, F1-Score: 0.9740 
10:18:27 : Epoch [27/50], Loss: 0.3134, Accuracy: 0.9491, Precision: 0.9859, Recall: 0.9112, Specificity: 0.9869, F1-Score: 0.9471 
10:20:42 : Epoch [28/50], Loss: 0.3754, Accuracy: 0.9765, Precision: 0.9644, Recall: 0.9896, Specificity: 0.9634, F1-Score: 0.9768 
10:22:58 : Epoch [29/50], Loss: 0.3139, Accuracy: 0.9530, Precision: 0.9780, Recall: 0.9269, Specificity: 0.9791, F1-Score: 0.9517 
10:25:15 : Epoch [30/50], Loss: 0.3138, Accuracy: 0.9556, Precision: 0.9267, Recall: 0.9896, Specificity: 0.9217, F1-Score: 0.9571 
10:27:30 : Epoch [31/50], Loss: 0.3133, Accuracy: 0.9661, Precision: 0.9811, Recall: 0.9504, Specificity: 0.9817, F1-Score: 0.9655 
10:29:54 : Epoch [32/50], Loss: 0.3134, Accuracy: 0.8812, Precision: 0.8080, Recall: 1.0000, Specificity: 0.7624, F1-Score: 0.8938 
10:32:09 : Epoch [33/50], Loss: 0.3135, Accuracy: 0.9687, Precision: 0.9864, Recall: 0.9504, Specificity: 0.9869, F1-Score: 0.9681 
10:34:24 : Epoch [34/50], Loss: 0.3133, Accuracy: 0.5496, Precision: 1.0000, Recall: 0.0992, Specificity: 1.0000, F1-Score: 0.1805 
10:36:42 : Epoch [35/50], Loss: 0.3154, Accuracy: 0.9700, Precision: 0.9813, Recall: 0.9582, Specificity: 0.9817, F1-Score: 0.9696 
10:38:58 : Epoch [36/50], Loss: 0.3134, Accuracy: 0.9256, Precision: 0.9880, Recall: 0.8616, Specificity: 0.9896, F1-Score: 0.9205 
10:41:21 : Epoch [37/50], Loss: 0.3144, Accuracy: 0.5379, Precision: 1.0000, Recall: 0.0757, Specificity: 1.0000, F1-Score: 0.1408 
10:43:37 : Epoch [38/50], Loss: 0.3144, Accuracy: 0.9478, Precision: 0.9074, Recall: 0.9974, Specificity: 0.8982, F1-Score: 0.9502 
10:45:52 : Epoch [39/50], Loss: 0.3134, Accuracy: 0.9752, Precision: 0.9691, Recall: 0.9817, Specificity: 0.9687, F1-Score: 0.9754 
10:48:10 : Epoch [40/50], Loss: 0.3133, Accuracy: 0.9399, Precision: 0.8983, Recall: 0.9922, Specificity: 0.8877, F1-Score: 0.9429 
10:50:25 : Epoch [41/50], Loss: 0.3133, Accuracy: 0.7063, Precision: 1.0000, Recall: 0.4125, Specificity: 1.0000, F1-Score: 0.5841 
10:52:49 : Epoch [42/50], Loss: 0.3133, Accuracy: 0.9138, Precision: 0.8546, Recall: 0.9974, Specificity: 0.8303, F1-Score: 0.9205 
10:55:04 : Epoch [43/50], Loss: 0.3194, Accuracy: 0.8943, Precision: 0.8254, Recall: 1.0000, Specificity: 0.7885, F1-Score: 0.9044 
10:57:19 : Epoch [44/50], Loss: 0.3140, Accuracy: 0.9739, Precision: 0.9789, Recall: 0.9687, Specificity: 0.9791, F1-Score: 0.9738 
10:59:37 : Epoch [45/50], Loss: 0.3136, Accuracy: 0.9569, Precision: 0.9227, Recall: 0.9974, Specificity: 0.9164, F1-Score: 0.9586 
11:01:53 : Epoch [46/50], Loss: 0.3133, Accuracy: 0.7833, Precision: 0.9865, Recall: 0.5744, Specificity: 0.9922, F1-Score: 0.7261 
11:04:16 : Epoch [47/50], Loss: 0.3133, Accuracy: 0.9713, Precision: 0.9524, Recall: 0.9922, Specificity: 0.9504, F1-Score: 0.9719 
11:06:32 : Epoch [48/50], Loss: 0.3513, Accuracy: 0.9399, Precision: 0.8965, Recall: 0.9948, Specificity: 0.8851, F1-Score: 0.9431 
11:08:47 : Epoch [49/50], Loss: 0.3133, Accuracy: 0.9752, Precision: 0.9619, Recall: 0.9896, Specificity: 0.9608, F1-Score: 0.9755 
11:11:04 : Epoch [50/50], Loss: 0.3134, Accuracy: 0.9739, Precision: 0.9572, Recall: 0.9922, Specificity: 0.9556, F1-Score: 0.9744 
11:20:08 : Test Loss: 0.1783, Test Accuracy: 0.9557, Test Precision: 0.1264, Test Recall: 0.9922, Test Specificity: 0.9555, Test F1-Score: 0.2242 
11:20:08 : Total Time taken: 7446.901269599999 Seconds 
11:20:08 : process completed 
20:15:36 : Running on GPU 
20:15:36 : Model is CNN_256xFC_512_Spatial_NC_b32e50L0.0001 
20:15:37 : No saved model found. Training a new model. 
20:16:31 : Epoch [1/50], Loss: 0.5297, Accuracy: 0.8460, Precision: 0.7710, Recall: 0.9843, Specificity: 0.7076, F1-Score: 0.8647 
