00:41:48 : Sample raw path is  C:/Users/bt22aak/GPU_DS/Exp_6_1_Baseline_80_Split/balanced 
00:41:48 : Sample of path is  C:/Users/bt22aak/GPU_DS/Exp_6_2_BG+OF_Baseline_80_Split/balanced 
00:41:49 : Error occured With n_samples=0, test_size=0.25 and train_size=None, the resulting train set will be empty. Adjust any of the aforementioned parameters. 
00:41:49 : Traceback (most recent call last):
  File "D:\Cloud_drives\OneDrive - University of Hertfordshire\ProjectWorkables\MscProjectRepo\smt_repo\Exp7_5_Feature_out_Best_epoch_Spatial.py", line 585, in <module>
    train_idx_raw, val_idx_raw = train_test_split(range(len(train_val_dataset_raw)), test_size=0.25, random_state=42, stratify=train_val_dataset_raw.labels)
                                 ^^^^^^^^^^^^^^^^^^^^^^^^^^^^^^^^^^^^^^^^^^^^^^^^^^^^^^^^^^^^^^^^^^^^^^^^^^^^^^^^^^^^^^^^^^^^^^^^^^^^^^^^^^^^^^^^^^^^^^^^^^^
  File "C:\Users\binso\anaconda3\Lib\site-packages\sklearn\utils\_param_validation.py", line 211, in wrapper
    return func(*args, **kwargs)
           ^^^^^^^^^^^^^^^^^^^^^
  File "C:\Users\binso\anaconda3\Lib\site-packages\sklearn\model_selection\_split.py", line 2617, in train_test_split
    n_train, n_test = _validate_shuffle_split(
                      ^^^^^^^^^^^^^^^^^^^^^^^^
  File "C:\Users\binso\anaconda3\Lib\site-packages\sklearn\model_selection\_split.py", line 2273, in _validate_shuffle_split
    raise ValueError(
ValueError: With n_samples=0, test_size=0.25 and train_size=None, the resulting train set will be empty. Adjust any of the aforementioned parameters.
 
00:41:49 : ****************************** 
00:42:15 : Sample raw path is  C:/Users/bt22aak/GPU_DS/Exp_6_1_Baseline_80_Split/balanced 
00:42:15 : Sample of path is  C:/Users/bt22aak/GPU_DS/Exp_6_2_BG+OF_Baseline_80_Split/balanced 
00:43:37 : Running on GPU 
00:43:37 : Model is Exp7_5_Feature_out_Best_epoch_Spatial/CNN_256xFC_512_Spatial_Orig_b32e100L0.0001 
00:43:37 : Saved Model Path is ./Results/Exp7_5_Feature_out_Best_epoch_Spatial/CNN_256xFC_512_Spatial_Orig/Exp7_5_Feature_out_Best_epoch_Spatial/CNN_256xFC_512_Spatial_Orig_b32e100L0.0001.pth 
00:43:37 : No saved model found. Training a new model. 
00:43:53 : Error occured Parent directory ./Results/Exp7_5_Feature_out_Best_epoch_Spatial/CNN_256xFC_512_Spatial_Orig/Exp7_5_Feature_out_Best_epoch_Spatial does not exist. 
00:43:53 : Traceback (most recent call last):
  File "C:\Users\bt22aak\OneDrive - University of Hertfordshire\ProjectWorkables\MscProjectRepo\smt_repo\Exp7_5_Feature_out_Best_epoch_Spatial.py", line 638, in <module>
    model = train_model(dataloader_train_raw, dataloader_val_raw,dataloader_train_OF, dataloader_val_OF, num_epochs,learning_rate)
  File "C:\Users\bt22aak\OneDrive - University of Hertfordshire\ProjectWorkables\MscProjectRepo\smt_repo\Exp7_5_Feature_out_Best_epoch_Spatial.py", line 405, in train_model
    torch.save(model.state_dict(), f'{saved_model_path}_best_model')
  File "C:\Users\bt22aak\AppData\Roaming\Python\Python310\site-packages\torch\serialization.py", line 627, in save
    with _open_zipfile_writer(f) as opened_zipfile:
  File "C:\Users\bt22aak\AppData\Roaming\Python\Python310\site-packages\torch\serialization.py", line 501, in _open_zipfile_writer
    return container(name_or_buffer)
  File "C:\Users\bt22aak\AppData\Roaming\Python\Python310\site-packages\torch\serialization.py", line 472, in __init__
    super().__init__(torch._C.PyTorchFileWriter(self.name))
RuntimeError: Parent directory ./Results/Exp7_5_Feature_out_Best_epoch_Spatial/CNN_256xFC_512_Spatial_Orig/Exp7_5_Feature_out_Best_epoch_Spatial does not exist.
 
00:43:53 : ****************************** 
11:44:33 : Sample raw path is  D:/UH_KTP/Outputs/Exp_6_1_Baseline_80_Split/balanced 
11:44:33 : Sample of path is  D:/UH_KTP/Outputs/Exp_6_2_BG+OF_Baseline_80_Split/balanced 
11:55:49 : Sample raw path is  D:/UH_KTP/Outputs/Exp_6_1_Baseline_80_Split/balanced 
11:55:49 : Sample of path is  D:/UH_KTP/Outputs/Exp_6_2_BG+OF_Baseline_80_Split/balanced 
12:14:02 : Running on GPU 
12:14:02 : Model is Exp7_5_Feature_out_Best_epoch_Spatial_CNN_256xFC_512_Spatial_Orig_b32e100L0.0001 
12:14:03 : Saved Model Path is ./Results/Exp7_5_Feature_out_Best_epoch_Spatial/CNN_256xFC_512_Spatial_Orig/Exp7_5_Feature_out_Best_epoch_Spatial_CNN_256xFC_512_Spatial_Orig_b32e100L0.0001.pth 
12:14:03 : No saved model found. Training a new model. 
12:14:35 : Sample raw path is  C:/Users/bt22aak/GPU_DS/Exp_6_1_Baseline_80_Split/balanced 
12:14:35 : Sample of path is  C:/Users/bt22aak/GPU_DS/Exp_6_2_BG+OF_Baseline_80_Split/balanced 
12:16:04 : Running on GPU 
12:16:04 : Model is Exp7_5_Feature_out_Best_epoch_Spatial_CNN_256xFC_512_Spatial_Orig_b32e100L0.0001 
12:16:05 : Saved Model Path is ./Results/Exp7_5_Feature_out_Best_epoch_Spatial/CNN_256xFC_512_Spatial_Orig/Exp7_5_Feature_out_Best_epoch_Spatial_CNN_256xFC_512_Spatial_Orig_b32e100L0.0001.pth 
12:16:05 : No saved model found. Training a new model. 
12:16:24 : Epoch [1/100], Loss: 0.5242, Accuracy: 0.8799, Precision: 0.8212, Recall: 0.9713, Specificity: 0.7885, F1-Score: 0.8900 
12:16:39 : Epoch [2/100], Loss: 0.3828, Accuracy: 0.5287, Precision: 1.0000, Recall: 0.0574, Specificity: 1.0000, F1-Score: 0.1086 
12:16:53 : Epoch [3/100], Loss: 0.3261, Accuracy: 0.6997, Precision: 0.6248, Recall: 1.0000, Specificity: 0.3995, F1-Score: 0.7691 
12:17:08 : Epoch [4/100], Loss: 0.3405, Accuracy: 0.8760, Precision: 0.9966, Recall: 0.7546, Specificity: 0.9974, F1-Score: 0.8588 
12:17:22 : Epoch [5/100], Loss: 0.3668, Accuracy: 0.9138, Precision: 0.9907, Recall: 0.8355, Specificity: 0.9922, F1-Score: 0.9065 
12:18:26 : Sample raw path is  C:/Users/bt22aak/GPU_DS/Exp_6_1_Baseline_80_Split/balanced 
12:18:26 : Sample of path is  C:/Users/bt22aak/GPU_DS/Exp_6_2_BG+OF_Baseline_80_Split/balanced 
12:19:45 : Running on GPU 
12:19:45 : Model is Exp7_5_Feature_out_Best_epoch_Spatial_CNN_256xFC_512_Spatial_Orig_b32e100L0.0001 
12:19:46 : Saved Model Path is ./Results/Exp7_5_Feature_out_Best_epoch_Spatial/CNN_256xFC_512_Spatial_Orig/Exp7_5_Feature_out_Best_epoch_Spatial_CNN_256xFC_512_Spatial_Orig_b32e100L0.0001.pth 
12:19:46 : Loaded Best model. 
12:22:09 : Test Loss: 0.1609, Test Accuracy: 0.9917, Test Precision: 0.4278, Test Recall: 0.8411, Test Specificity: 0.9927, Test F1-Score: 0.5672 
12:22:09 : Total Time taken: 222.56182550000085 Seconds 
12:22:10 : process completed 
12:27:34 : Sample raw path is  C:/Users/bt22aak/GPU_DS/Exp_6_1_Baseline_80_Split/balanced 
12:27:34 : Sample of path is  C:/Users/bt22aak/GPU_DS/Exp_6_2_BG+OF_Baseline_80_Split/balanced 
12:28:07 : Sample raw path is  C:/Users/bt22aak/GPU_DS/Exp_6_1_Baseline_80_Split/balanced 
12:28:07 : Sample of path is  C:/Users/bt22aak/GPU_DS/Exp_6_2_BG+OF_Baseline_80_Split/balanced 
12:30:31 : Sample raw path is  C:/Users/bt22aak/GPU_DS/Exp_6_1_Baseline_80_Split/balanced 
12:30:31 : Sample of path is  C:/Users/bt22aak/GPU_DS/Exp_6_2_BG+OF_Baseline_80_Split/balanced 
12:31:08 : Running on GPU 
12:31:08 : Model is Exp7_5_Feature_out_Best_epoch_Spatial_CNN_256xFC_512_Spatial_Orig_b32e100L0.0001 
12:31:08 : Saved Model Path is ./Results/Exp7_5_Feature_out_Best_epoch_Spatial/CNN_256xFC_512_Spatial_Orig/Exp7_5_Feature_out_Best_epoch_Spatial_CNN_256xFC_512_Spatial_Orig_b32e100L0.0001.pth 
12:31:08 : Loaded saved model. 
12:33:30 : Test Loss: 0.1609, Test Accuracy: 0.9917, Test Precision: 0.4278, Test Recall: 0.8411, Test Specificity: 0.9927, Test F1-Score: 0.5672 
12:33:30 : Total Time taken: 179.2595025999981 Seconds 
12:33:31 : process completed 
12:39:29 : Sample raw path is  C:/Users/bt22aak/GPU_DS/Exp_6_1_Baseline_80_Split/balanced 
12:39:29 : Sample of path is  C:/Users/bt22aak/GPU_DS/Exp_6_2_BG+OF_Baseline_80_Split/balanced 
12:40:05 : Running on GPU 
12:40:05 : Model is Exp7_5_Feature_out_Best_epoch_Spatial_CNN_256xFC_512_Spatial_Orig_b32e100L0.0001 
12:40:05 : Saved Model Path is ./Results/Exp7_5_Feature_out_Best_epoch_Spatial/CNN_256xFC_512_Spatial_Orig/Exp7_5_Feature_out_Best_epoch_Spatial_CNN_256xFC_512_Spatial_Orig_b32e100L0.0001.pth 
12:40:05 : Fully Retraining Model 
12:40:21 : New best model saved at epoch 1 with F1 Score: 0.8900 and Accuracy: 0.8799 
12:40:21 : Epoch [1/100], Loss: 0.5242, Accuracy: 0.8799, Precision: 0.8212, Recall: 0.9713, Specificity: 0.7885, F1-Score: 0.8900 
12:40:35 : Epoch [2/100], Loss: 0.3828, Accuracy: 0.5287, Precision: 1.0000, Recall: 0.0574, Specificity: 1.0000, F1-Score: 0.1086 
12:40:50 : Epoch [3/100], Loss: 0.3261, Accuracy: 0.6997, Precision: 0.6248, Recall: 1.0000, Specificity: 0.3995, F1-Score: 0.7691 
12:41:04 : Epoch [4/100], Loss: 0.3405, Accuracy: 0.8760, Precision: 0.9966, Recall: 0.7546, Specificity: 0.9974, F1-Score: 0.8588 
12:41:19 : New best model saved at epoch 5 with F1 Score: 0.9065 and Accuracy: 0.9138 
12:41:19 : Epoch [5/100], Loss: 0.3668, Accuracy: 0.9138, Precision: 0.9907, Recall: 0.8355, Specificity: 0.9922, F1-Score: 0.9065 
12:41:33 : New best model saved at epoch 6 with F1 Score: 0.9307 and Accuracy: 0.9256 
12:41:33 : Epoch [6/100], Loss: 0.3556, Accuracy: 0.9256, Precision: 0.8705, Recall: 1.0000, Specificity: 0.8512, F1-Score: 0.9307 
12:41:48 : Epoch [7/100], Loss: 0.3305, Accuracy: 0.9099, Precision: 0.9846, Recall: 0.8329, Specificity: 0.9869, F1-Score: 0.9024 
12:42:02 : Epoch [8/100], Loss: 0.3204, Accuracy: 0.5052, Precision: 1.0000, Recall: 0.0104, Specificity: 1.0000, F1-Score: 0.0207 
12:42:17 : New best model saved at epoch 9 with F1 Score: 0.9727 and Accuracy: 0.9726 
12:42:17 : Epoch [9/100], Loss: 0.3156, Accuracy: 0.9726, Precision: 0.9689, Recall: 0.9765, Specificity: 0.9687, F1-Score: 0.9727 
12:42:31 : Epoch [10/100], Loss: 0.3147, Accuracy: 0.8708, Precision: 0.9897, Recall: 0.7493, Specificity: 0.9922, F1-Score: 0.8529 
12:42:46 : Epoch [11/100], Loss: 0.3329, Accuracy: 0.8512, Precision: 0.7706, Recall: 1.0000, Specificity: 0.7023, F1-Score: 0.8705 
12:43:00 : New best model saved at epoch 12 with F1 Score: 0.9781 and Accuracy: 0.9778 
12:43:00 : Epoch [12/100], Loss: 0.3141, Accuracy: 0.9778, Precision: 0.9668, Recall: 0.9896, Specificity: 0.9661, F1-Score: 0.9781 
12:43:15 : Epoch [13/100], Loss: 0.3143, Accuracy: 0.8681, Precision: 1.0000, Recall: 0.7363, Specificity: 1.0000, F1-Score: 0.8481 
12:43:30 : Epoch [14/100], Loss: 0.3156, Accuracy: 0.9582, Precision: 0.9808, Recall: 0.9347, Specificity: 0.9817, F1-Score: 0.9572 
12:43:44 : Epoch [15/100], Loss: 0.3481, Accuracy: 0.8916, Precision: 0.9839, Recall: 0.7963, Specificity: 0.9869, F1-Score: 0.8802 
12:43:59 : Epoch [16/100], Loss: 0.3134, Accuracy: 0.9439, Precision: 0.8991, Recall: 1.0000, Specificity: 0.8877, F1-Score: 0.9468 
12:44:13 : Epoch [17/100], Loss: 0.3145, Accuracy: 0.9713, Precision: 0.9713, Recall: 0.9713, Specificity: 0.9713, F1-Score: 0.9713 
12:44:28 : Epoch [18/100], Loss: 0.3137, Accuracy: 0.9661, Precision: 0.9474, Recall: 0.9869, Specificity: 0.9452, F1-Score: 0.9668 
12:44:42 : Epoch [19/100], Loss: 0.3162, Accuracy: 0.9674, Precision: 0.9864, Recall: 0.9478, Specificity: 0.9869, F1-Score: 0.9667 
12:44:57 : Epoch [20/100], Loss: 0.3134, Accuracy: 0.8982, Precision: 0.8308, Recall: 1.0000, Specificity: 0.7963, F1-Score: 0.9076 
12:45:11 : Epoch [21/100], Loss: 0.3151, Accuracy: 0.8825, Precision: 0.8097, Recall: 1.0000, Specificity: 0.7650, F1-Score: 0.8949 
12:45:26 : Epoch [22/100], Loss: 0.3139, Accuracy: 0.8068, Precision: 0.9876, Recall: 0.6214, Specificity: 0.9922, F1-Score: 0.7628 
12:45:41 : Epoch [23/100], Loss: 0.3144, Accuracy: 0.9178, Precision: 0.8620, Recall: 0.9948, Specificity: 0.8407, F1-Score: 0.9236 
12:45:55 : Epoch [24/100], Loss: 0.3136, Accuracy: 0.9491, Precision: 0.9859, Recall: 0.9112, Specificity: 0.9869, F1-Score: 0.9471 
12:46:10 : Epoch [25/100], Loss: 0.3133, Accuracy: 0.6841, Precision: 0.6128, Recall: 1.0000, Specificity: 0.3681, F1-Score: 0.7599 
12:46:24 : Epoch [26/100], Loss: 0.3150, Accuracy: 0.5039, Precision: 1.0000, Recall: 0.0078, Specificity: 1.0000, F1-Score: 0.0155 
12:46:39 : Epoch [27/100], Loss: 0.3136, Accuracy: 0.9439, Precision: 0.8991, Recall: 1.0000, Specificity: 0.8877, F1-Score: 0.9468 
12:46:53 : Epoch [28/100], Loss: 0.3291, Accuracy: 0.9687, Precision: 0.9567, Recall: 0.9817, Specificity: 0.9556, F1-Score: 0.9691 
12:47:08 : Epoch [29/100], Loss: 0.3517, Accuracy: 0.9556, Precision: 0.9729, Recall: 0.9373, Specificity: 0.9739, F1-Score: 0.9548 
12:47:22 : Epoch [30/100], Loss: 0.3288, Accuracy: 0.9674, Precision: 0.9497, Recall: 0.9869, Specificity: 0.9478, F1-Score: 0.9680 
12:47:37 : Epoch [31/100], Loss: 0.3143, Accuracy: 0.9687, Precision: 0.9614, Recall: 0.9765, Specificity: 0.9608, F1-Score: 0.9689 
12:47:51 : Epoch [32/100], Loss: 0.3133, Accuracy: 0.8877, Precision: 0.9901, Recall: 0.7833, Specificity: 0.9922, F1-Score: 0.8746 
12:48:06 : Epoch [33/100], Loss: 0.3577, Accuracy: 0.8512, Precision: 0.9927, Recall: 0.7076, Specificity: 0.9948, F1-Score: 0.8262 
12:48:20 : Epoch [34/100], Loss: 0.3146, Accuracy: 0.9282, Precision: 0.8744, Recall: 1.0000, Specificity: 0.8564, F1-Score: 0.9330 
12:48:35 : Epoch [35/100], Loss: 0.3133, Accuracy: 0.9282, Precision: 0.9881, Recall: 0.8668, Specificity: 0.9896, F1-Score: 0.9235 
12:48:49 : Epoch [36/100], Loss: 0.3133, Accuracy: 0.9726, Precision: 0.9763, Recall: 0.9687, Specificity: 0.9765, F1-Score: 0.9725 
12:49:04 : Epoch [37/100], Loss: 0.3134, Accuracy: 0.9608, Precision: 0.9783, Recall: 0.9426, Specificity: 0.9791, F1-Score: 0.9601 
12:49:18 : Epoch [38/100], Loss: 0.3420, Accuracy: 0.9634, Precision: 0.9340, Recall: 0.9974, Specificity: 0.9295, F1-Score: 0.9646 
12:49:32 : Epoch [39/100], Loss: 0.3135, Accuracy: 0.8890, Precision: 0.8197, Recall: 0.9974, Specificity: 0.7807, F1-Score: 0.8999 
12:49:47 : Epoch [40/100], Loss: 0.3143, Accuracy: 0.9700, Precision: 0.9813, Recall: 0.9582, Specificity: 0.9817, F1-Score: 0.9696 
12:50:01 : Epoch [41/100], Loss: 0.3135, Accuracy: 0.8420, Precision: 0.7599, Recall: 1.0000, Specificity: 0.6841, F1-Score: 0.8636 
12:50:16 : Epoch [42/100], Loss: 0.3133, Accuracy: 0.9491, Precision: 0.9076, Recall: 1.0000, Specificity: 0.8982, F1-Score: 0.9516 
12:50:31 : Epoch [43/100], Loss: 0.3133, Accuracy: 0.9739, Precision: 0.9618, Recall: 0.9869, Specificity: 0.9608, F1-Score: 0.9742 
12:50:45 : Epoch [44/100], Loss: 0.3134, Accuracy: 0.7990, Precision: 0.9957, Recall: 0.6005, Specificity: 0.9974, F1-Score: 0.7492 
12:50:59 : Epoch [45/100], Loss: 0.3134, Accuracy: 0.9661, Precision: 0.9710, Recall: 0.9608, Specificity: 0.9713, F1-Score: 0.9659 
12:51:14 : Epoch [46/100], Loss: 0.3133, Accuracy: 0.9739, Precision: 0.9764, Recall: 0.9713, Specificity: 0.9765, F1-Score: 0.9738 
12:51:28 : Epoch [47/100], Loss: 0.3156, Accuracy: 0.9582, Precision: 0.9291, Recall: 0.9922, Specificity: 0.9243, F1-Score: 0.9596 
12:51:43 : Epoch [48/100], Loss: 0.3142, Accuracy: 0.9621, Precision: 0.9317, Recall: 0.9974, Specificity: 0.9269, F1-Score: 0.9634 
12:51:57 : Epoch [49/100], Loss: 0.3532, Accuracy: 0.9687, Precision: 0.9432, Recall: 0.9974, Specificity: 0.9399, F1-Score: 0.9695 
12:52:12 : Epoch [50/100], Loss: 0.3133, Accuracy: 0.9726, Precision: 0.9594, Recall: 0.9869, Specificity: 0.9582, F1-Score: 0.9730 
12:52:26 : Epoch [51/100], Loss: 0.3135, Accuracy: 0.8681, Precision: 0.7913, Recall: 1.0000, Specificity: 0.7363, F1-Score: 0.8835 
12:52:41 : Epoch [52/100], Loss: 0.3133, Accuracy: 0.9687, Precision: 0.9454, Recall: 0.9948, Specificity: 0.9426, F1-Score: 0.9695 
12:52:55 : Epoch [53/100], Loss: 0.3147, Accuracy: 0.9595, Precision: 0.9731, Recall: 0.9452, Specificity: 0.9739, F1-Score: 0.9589 
12:53:10 : Epoch [54/100], Loss: 0.3517, Accuracy: 0.9347, Precision: 0.8881, Recall: 0.9948, Specificity: 0.8747, F1-Score: 0.9384 
12:53:24 : Epoch [55/100], Loss: 0.3142, Accuracy: 0.9661, Precision: 0.9451, Recall: 0.9896, Specificity: 0.9426, F1-Score: 0.9668 
12:53:39 : Epoch [56/100], Loss: 0.3137, Accuracy: 0.7872, Precision: 0.9867, Recall: 0.5822, Specificity: 0.9922, F1-Score: 0.7323 
12:53:53 : Epoch [57/100], Loss: 0.3501, Accuracy: 0.7937, Precision: 1.0000, Recall: 0.5875, Specificity: 1.0000, F1-Score: 0.7401 
12:54:08 : Epoch [58/100], Loss: 0.3136, Accuracy: 0.9648, Precision: 0.9472, Recall: 0.9843, Specificity: 0.9452, F1-Score: 0.9654 
12:54:22 : Epoch [59/100], Loss: 0.3134, Accuracy: 0.9595, Precision: 0.9706, Recall: 0.9478, Specificity: 0.9713, F1-Score: 0.9590 
12:54:37 : Epoch [60/100], Loss: 0.3133, Accuracy: 0.9726, Precision: 0.9714, Recall: 0.9739, Specificity: 0.9713, F1-Score: 0.9726 
12:54:51 : Epoch [61/100], Loss: 0.3352, Accuracy: 0.6893, Precision: 0.9801, Recall: 0.3864, Specificity: 0.9922, F1-Score: 0.5543 
12:55:06 : Epoch [62/100], Loss: 0.3174, Accuracy: 0.9530, Precision: 0.9833, Recall: 0.9217, Specificity: 0.9843, F1-Score: 0.9515 
12:55:20 : Epoch [63/100], Loss: 0.3133, Accuracy: 0.8786, Precision: 0.9899, Recall: 0.7650, Specificity: 0.9922, F1-Score: 0.8630 
12:55:35 : Epoch [64/100], Loss: 0.3150, Accuracy: 0.5157, Precision: 0.5080, Recall: 1.0000, Specificity: 0.0313, F1-Score: 0.6737 
12:55:49 : Epoch [65/100], Loss: 0.3133, Accuracy: 0.9674, Precision: 0.9812, Recall: 0.9530, Specificity: 0.9817, F1-Score: 0.9669 
12:56:04 : Epoch [66/100], Loss: 0.3133, Accuracy: 0.9634, Precision: 0.9449, Recall: 0.9843, Specificity: 0.9426, F1-Score: 0.9642 
12:56:18 : Epoch [67/100], Loss: 0.3133, Accuracy: 0.8420, Precision: 0.7599, Recall: 1.0000, Specificity: 0.6841, F1-Score: 0.8636 
12:56:33 : Epoch [68/100], Loss: 0.3133, Accuracy: 0.6018, Precision: 0.5567, Recall: 1.0000, Specificity: 0.2037, F1-Score: 0.7152 
12:56:47 : Epoch [69/100], Loss: 0.3133, Accuracy: 0.9426, Precision: 0.8988, Recall: 0.9974, Specificity: 0.8877, F1-Score: 0.9455 
12:57:02 : Epoch [70/100], Loss: 0.3134, Accuracy: 0.9399, Precision: 0.8928, Recall: 1.0000, Specificity: 0.8799, F1-Score: 0.9433 
12:57:16 : Epoch [71/100], Loss: 0.3133, Accuracy: 0.8172, Precision: 0.7323, Recall: 1.0000, Specificity: 0.6345, F1-Score: 0.8455 
12:57:31 : Epoch [72/100], Loss: 0.3438, Accuracy: 0.9687, Precision: 0.9476, Recall: 0.9922, Specificity: 0.9452, F1-Score: 0.9694 
12:57:46 : Epoch [73/100], Loss: 0.3163, Accuracy: 0.9739, Precision: 0.9690, Recall: 0.9791, Specificity: 0.9687, F1-Score: 0.9740 
12:58:01 : Epoch [74/100], Loss: 0.3133, Accuracy: 0.9778, Precision: 0.9716, Recall: 0.9843, Specificity: 0.9713, F1-Score: 0.9780 
12:58:16 : Epoch [75/100], Loss: 0.3133, Accuracy: 0.9334, Precision: 0.8843, Recall: 0.9974, Specificity: 0.8695, F1-Score: 0.9374 
12:58:31 : Epoch [76/100], Loss: 0.3133, Accuracy: 0.8799, Precision: 0.9932, Recall: 0.7650, Specificity: 0.9948, F1-Score: 0.8643 
12:58:48 : Epoch [77/100], Loss: 0.3133, Accuracy: 0.9726, Precision: 0.9665, Recall: 0.9791, Specificity: 0.9661, F1-Score: 0.9728 
12:59:05 : Epoch [78/100], Loss: 0.3133, Accuracy: 0.9713, Precision: 0.9664, Recall: 0.9765, Specificity: 0.9661, F1-Score: 0.9714 
12:59:21 : Epoch [79/100], Loss: 0.3133, Accuracy: 0.9765, Precision: 0.9815, Recall: 0.9713, Specificity: 0.9817, F1-Score: 0.9764 
12:59:38 : Epoch [80/100], Loss: 0.3133, Accuracy: 0.9752, Precision: 0.9667, Recall: 0.9843, Specificity: 0.9661, F1-Score: 0.9754 
12:59:54 : Epoch [81/100], Loss: 0.3133, Accuracy: 0.9752, Precision: 0.9740, Recall: 0.9765, Specificity: 0.9739, F1-Score: 0.9752 
13:00:11 : Epoch [82/100], Loss: 0.3135, Accuracy: 0.9752, Precision: 0.9596, Recall: 0.9922, Specificity: 0.9582, F1-Score: 0.9756 
13:00:28 : Epoch [83/100], Loss: 0.3134, Accuracy: 0.9191, Precision: 0.9908, Recall: 0.8460, Specificity: 0.9922, F1-Score: 0.9127 
13:00:45 : Epoch [84/100], Loss: 0.3512, Accuracy: 0.8760, Precision: 0.8013, Recall: 1.0000, Specificity: 0.7520, F1-Score: 0.8897 
13:01:01 : Epoch [85/100], Loss: 0.3262, Accuracy: 0.9543, Precision: 0.9888, Recall: 0.9191, Specificity: 0.9896, F1-Score: 0.9526 
13:01:18 : Epoch [86/100], Loss: 0.3133, Accuracy: 0.9700, Precision: 0.9569, Recall: 0.9843, Specificity: 0.9556, F1-Score: 0.9704 
13:01:34 : Epoch [87/100], Loss: 0.3133, Accuracy: 0.9726, Precision: 0.9617, Recall: 0.9843, Specificity: 0.9608, F1-Score: 0.9729 
13:01:51 : Epoch [88/100], Loss: 0.3133, Accuracy: 0.9726, Precision: 0.9617, Recall: 0.9843, Specificity: 0.9608, F1-Score: 0.9729 
13:02:08 : Epoch [89/100], Loss: 0.3136, Accuracy: 0.9125, Precision: 0.8559, Recall: 0.9922, Specificity: 0.8329, F1-Score: 0.9190 
13:02:24 : Epoch [90/100], Loss: 0.3133, Accuracy: 0.9595, Precision: 0.9706, Recall: 0.9478, Specificity: 0.9713, F1-Score: 0.9590 
13:02:41 : Epoch [91/100], Loss: 0.3134, Accuracy: 0.9713, Precision: 0.9738, Recall: 0.9687, Specificity: 0.9739, F1-Score: 0.9712 
13:02:58 : Epoch [92/100], Loss: 0.3133, Accuracy: 0.9491, Precision: 0.9076, Recall: 1.0000, Specificity: 0.8982, F1-Score: 0.9516 
13:03:14 : Epoch [93/100], Loss: 0.3133, Accuracy: 0.9582, Precision: 0.9229, Recall: 1.0000, Specificity: 0.9164, F1-Score: 0.9599 
13:03:31 : Epoch [94/100], Loss: 0.3134, Accuracy: 0.9726, Precision: 0.9617, Recall: 0.9843, Specificity: 0.9608, F1-Score: 0.9729 
13:03:47 : Epoch [95/100], Loss: 0.3133, Accuracy: 0.9413, Precision: 0.8949, Recall: 1.0000, Specificity: 0.8825, F1-Score: 0.9445 
13:04:04 : Epoch [96/100], Loss: 0.3133, Accuracy: 0.8851, Precision: 0.8132, Recall: 1.0000, Specificity: 0.7702, F1-Score: 0.8970 
13:04:21 : Epoch [97/100], Loss: 0.3133, Accuracy: 0.9713, Precision: 0.9640, Recall: 0.9791, Specificity: 0.9634, F1-Score: 0.9715 
13:04:37 : Epoch [98/100], Loss: 0.3144, Accuracy: 0.9582, Precision: 0.9655, Recall: 0.9504, Specificity: 0.9661, F1-Score: 0.9579 
13:04:54 : Epoch [99/100], Loss: 0.3517, Accuracy: 0.9582, Precision: 0.9291, Recall: 0.9922, Specificity: 0.9243, F1-Score: 0.9596 
13:05:11 : Epoch [100/100], Loss: 0.3133, Accuracy: 0.9713, Precision: 0.9688, Recall: 0.9739, Specificity: 0.9687, F1-Score: 0.9714 
13:08:18 : Test Loss: 0.1675, Test Accuracy: 0.9779, Test Precision: 0.2224, Test Recall: 0.9740, Test Specificity: 0.9779, Test F1-Score: 0.3621 
13:08:18 : Total Time taken: 1728.4774992999992 Seconds 
13:08:18 : process completed 
15:17:41 : Sample raw path is  C:/Users/bt22aak/GPU_DS/Exp_6_1_Baseline_80_Split/balanced 
15:17:41 : Sample of path is  C:/Users/bt22aak/GPU_DS/Exp_6_2_BG+OF_Baseline_80_Split/balanced 
15:18:50 : Running on GPU 
15:18:50 : Model is Exp7_5_Feature_out_Best_epoch_Spatial_CNN_256xFC_512_Spatial_Orig_b32e100L0.0001 
15:18:50 : Saved Model Path is ./Results/Exp7_5_Feature_out_Best_epoch_Spatial/CNN_256xFC_512_Spatial_Orig/Exp7_5_Feature_out_Best_epoch_Spatial_CNN_256xFC_512_Spatial_Orig_b32e100L0.0001.pth 
15:18:50 : Checking Trained Models 
15:18:50 : Loaded Best model. 
15:21:15 : Test Loss: 0.1724, Test Accuracy: 0.9673, Test Precision: 0.1634, Test Recall: 0.9896, Test Specificity: 0.9671, Test F1-Score: 0.2804 
15:21:15 : Total Time taken: 214.23223600000347 Seconds 
15:21:16 : process completed 
