19:14:28 : Running on GPU 
19:14:28 : Model is CNN_Orig_LateFusion_b32e100L0.0001 
19:14:28 : No saved model found. Training a new model. 
19:14:44 : Epoch [1/100], Loss: 0.5952, Accuracy: 0.8211, Precision: 0.7365, Recall: 1.0000, Specificity: 0.6423, F1-Score: 0.8483 
19:14:58 : Epoch [2/100], Loss: 0.4230, Accuracy: 0.5209, Precision: 0.5107, Recall: 1.0000, Specificity: 0.0418, F1-Score: 0.6761 
19:15:13 : Epoch [3/100], Loss: 0.3601, Accuracy: 0.9517, Precision: 0.9626, Recall: 0.9399, Specificity: 0.9634, F1-Score: 0.9511 
19:15:28 : Epoch [4/100], Loss: 0.3801, Accuracy: 0.5209, Precision: 1.0000, Recall: 0.0418, Specificity: 1.0000, F1-Score: 0.0802 
19:15:42 : Epoch [5/100], Loss: 0.3901, Accuracy: 0.8760, Precision: 1.0000, Recall: 0.7520, Specificity: 1.0000, F1-Score: 0.8584 
19:15:57 : Epoch [6/100], Loss: 0.3282, Accuracy: 0.5901, Precision: 0.5495, Recall: 1.0000, Specificity: 0.1802, F1-Score: 0.7093 
19:16:11 : Epoch [7/100], Loss: 0.3185, Accuracy: 0.9582, Precision: 0.9312, Recall: 0.9896, Specificity: 0.9269, F1-Score: 0.9595 
19:16:26 : Epoch [8/100], Loss: 0.3183, Accuracy: 0.5000, Precision: 0.0000, Recall: 0.0000, Specificity: 1.0000, F1-Score: 0.0000 
19:16:40 : Epoch [9/100], Loss: 0.3500, Accuracy: 0.9687, Precision: 0.9567, Recall: 0.9817, Specificity: 0.9556, F1-Score: 0.9691 
19:16:55 : Epoch [10/100], Loss: 0.3180, Accuracy: 0.8760, Precision: 0.8013, Recall: 1.0000, Specificity: 0.7520, F1-Score: 0.8897 
19:17:09 : Epoch [11/100], Loss: 0.3297, Accuracy: 0.8747, Precision: 0.9931, Recall: 0.7546, Specificity: 0.9948, F1-Score: 0.8576 
19:17:24 : Epoch [12/100], Loss: 0.3155, Accuracy: 0.8590, Precision: 0.9928, Recall: 0.7232, Specificity: 0.9948, F1-Score: 0.8369 
19:17:38 : Epoch [13/100], Loss: 0.3190, Accuracy: 0.8525, Precision: 0.7722, Recall: 1.0000, Specificity: 0.7050, F1-Score: 0.8714 
19:17:53 : Epoch [14/100], Loss: 0.3528, Accuracy: 0.9347, Precision: 0.8918, Recall: 0.9896, Specificity: 0.8799, F1-Score: 0.9381 
19:18:08 : Epoch [15/100], Loss: 0.3139, Accuracy: 0.9634, Precision: 0.9890, Recall: 0.9373, Specificity: 0.9896, F1-Score: 0.9625 
19:18:22 : Epoch [16/100], Loss: 0.3570, Accuracy: 0.7950, Precision: 0.7093, Recall: 1.0000, Specificity: 0.5901, F1-Score: 0.8299 
19:18:37 : Epoch [17/100], Loss: 0.3531, Accuracy: 0.7950, Precision: 0.7093, Recall: 1.0000, Specificity: 0.5901, F1-Score: 0.8299 
19:18:52 : Epoch [18/100], Loss: 0.3465, Accuracy: 0.9164, Precision: 0.8568, Recall: 1.0000, Specificity: 0.8329, F1-Score: 0.9229 
19:19:06 : Epoch [19/100], Loss: 0.3135, Accuracy: 0.9256, Precision: 0.9910, Recall: 0.8590, Specificity: 0.9922, F1-Score: 0.9203 
19:19:21 : Epoch [20/100], Loss: 0.3143, Accuracy: 0.9021, Precision: 0.9873, Recall: 0.8146, Specificity: 0.9896, F1-Score: 0.8927 
19:19:35 : Epoch [21/100], Loss: 0.3143, Accuracy: 0.9230, Precision: 0.9909, Recall: 0.8538, Specificity: 0.9922, F1-Score: 0.9173 
19:19:50 : Epoch [22/100], Loss: 0.3652, Accuracy: 0.8146, Precision: 1.0000, Recall: 0.6292, Specificity: 1.0000, F1-Score: 0.7724 
19:20:37 : Epoch [23/100], Loss: 0.3135, Accuracy: 0.8446, Precision: 0.7629, Recall: 1.0000, Specificity: 0.6893, F1-Score: 0.8655 
19:20:51 : Epoch [24/100], Loss: 0.3137, Accuracy: 0.7415, Precision: 0.9947, Recall: 0.4856, Specificity: 0.9974, F1-Score: 0.6526 
19:21:06 : Epoch [25/100], Loss: 0.3137, Accuracy: 0.5418, Precision: 1.0000, Recall: 0.0836, Specificity: 1.0000, F1-Score: 0.1542 
19:21:20 : Epoch [26/100], Loss: 0.3137, Accuracy: 0.9700, Precision: 0.9737, Recall: 0.9661, Specificity: 0.9739, F1-Score: 0.9699 
19:21:35 : Epoch [27/100], Loss: 0.3133, Accuracy: 0.9556, Precision: 0.9225, Recall: 0.9948, Specificity: 0.9164, F1-Score: 0.9573 
19:21:49 : Epoch [28/100], Loss: 0.3221, Accuracy: 0.9778, Precision: 0.9741, Recall: 0.9817, Specificity: 0.9739, F1-Score: 0.9779 
19:22:03 : Epoch [29/100], Loss: 0.3443, Accuracy: 0.5000, Precision: 0.0000, Recall: 0.0000, Specificity: 1.0000, F1-Score: 0.0000 
19:22:18 : Epoch [30/100], Loss: 0.3139, Accuracy: 0.9621, Precision: 0.9381, Recall: 0.9896, Specificity: 0.9347, F1-Score: 0.9632 
19:22:32 : Epoch [31/100], Loss: 0.3158, Accuracy: 0.8708, Precision: 1.0000, Recall: 0.7415, Specificity: 1.0000, F1-Score: 0.8516 
19:22:47 : Epoch [32/100], Loss: 0.3526, Accuracy: 0.9569, Precision: 0.9289, Recall: 0.9896, Specificity: 0.9243, F1-Score: 0.9583 
19:23:52 : Epoch [33/100], Loss: 0.3176, Accuracy: 0.9778, Precision: 0.9766, Recall: 0.9791, Specificity: 0.9765, F1-Score: 0.9778 
19:24:06 : Epoch [34/100], Loss: 0.3160, Accuracy: 0.8473, Precision: 0.9963, Recall: 0.6971, Specificity: 0.9974, F1-Score: 0.8203 
19:24:20 : Epoch [35/100], Loss: 0.3137, Accuracy: 0.9700, Precision: 0.9592, Recall: 0.9817, Specificity: 0.9582, F1-Score: 0.9703 
19:24:35 : Epoch [36/100], Loss: 0.3134, Accuracy: 0.9648, Precision: 0.9472, Recall: 0.9843, Specificity: 0.9452, F1-Score: 0.9654 
19:24:49 : Epoch [37/100], Loss: 0.3512, Accuracy: 0.9634, Precision: 0.9404, Recall: 0.9896, Specificity: 0.9373, F1-Score: 0.9644 
19:25:04 : Epoch [38/100], Loss: 0.3137, Accuracy: 0.6501, Precision: 0.5883, Recall: 1.0000, Specificity: 0.3003, F1-Score: 0.7408 
19:25:18 : Epoch [39/100], Loss: 0.3895, Accuracy: 0.9739, Precision: 0.9642, Recall: 0.9843, Specificity: 0.9634, F1-Score: 0.9742 
19:25:33 : Epoch [40/100], Loss: 0.3133, Accuracy: 0.8890, Precision: 0.9869, Recall: 0.7885, Specificity: 0.9896, F1-Score: 0.8766 
19:25:47 : Epoch [41/100], Loss: 0.3133, Accuracy: 0.6580, Precision: 0.5938, Recall: 1.0000, Specificity: 0.3159, F1-Score: 0.7451 
19:26:02 : Epoch [42/100], Loss: 0.3134, Accuracy: 0.9752, Precision: 0.9715, Recall: 0.9791, Specificity: 0.9713, F1-Score: 0.9753 
19:26:16 : Epoch [43/100], Loss: 0.3135, Accuracy: 0.9713, Precision: 0.9640, Recall: 0.9791, Specificity: 0.9634, F1-Score: 0.9715 
19:26:31 : Epoch [44/100], Loss: 0.3133, Accuracy: 0.9569, Precision: 0.9534, Recall: 0.9608, Specificity: 0.9530, F1-Score: 0.9571 
19:26:45 : Epoch [45/100], Loss: 0.3207, Accuracy: 0.9217, Precision: 0.9909, Recall: 0.8512, Specificity: 0.9922, F1-Score: 0.9157 
19:27:00 : Epoch [46/100], Loss: 0.3133, Accuracy: 0.9060, Precision: 0.8448, Recall: 0.9948, Specificity: 0.8172, F1-Score: 0.9137 
19:27:54 : Epoch [47/100], Loss: 0.3469, Accuracy: 0.9569, Precision: 0.9834, Recall: 0.9295, Specificity: 0.9843, F1-Score: 0.9557 
19:28:08 : Epoch [48/100], Loss: 0.3148, Accuracy: 0.9530, Precision: 0.9141, Recall: 1.0000, Specificity: 0.9060, F1-Score: 0.9551 
19:28:23 : Epoch [49/100], Loss: 0.3134, Accuracy: 0.8381, Precision: 0.7554, Recall: 1.0000, Specificity: 0.6762, F1-Score: 0.8607 
19:28:37 : Epoch [50/100], Loss: 0.3133, Accuracy: 0.9621, Precision: 0.9863, Recall: 0.9373, Specificity: 0.9869, F1-Score: 0.9612 
19:28:52 : Epoch [51/100], Loss: 0.3139, Accuracy: 0.9700, Precision: 0.9592, Recall: 0.9817, Specificity: 0.9582, F1-Score: 0.9703 
19:29:06 : Epoch [52/100], Loss: 0.3134, Accuracy: 0.9739, Precision: 0.9642, Recall: 0.9843, Specificity: 0.9634, F1-Score: 0.9742 
19:29:21 : Epoch [53/100], Loss: 0.3133, Accuracy: 0.9726, Precision: 0.9814, Recall: 0.9634, Specificity: 0.9817, F1-Score: 0.9723 
19:29:35 : Epoch [54/100], Loss: 0.3133, Accuracy: 0.9608, Precision: 0.9337, Recall: 0.9922, Specificity: 0.9295, F1-Score: 0.9620 
19:29:50 : Epoch [55/100], Loss: 0.3134, Accuracy: 0.9621, Precision: 0.9890, Recall: 0.9347, Specificity: 0.9896, F1-Score: 0.9611 
19:30:04 : Epoch [56/100], Loss: 0.3157, Accuracy: 0.9582, Precision: 0.9291, Recall: 0.9922, Specificity: 0.9243, F1-Score: 0.9596 
19:30:19 : Epoch [57/100], Loss: 0.3134, Accuracy: 0.9556, Precision: 0.9225, Recall: 0.9948, Specificity: 0.9164, F1-Score: 0.9573 
19:31:21 : Epoch [58/100], Loss: 0.3133, Accuracy: 0.9413, Precision: 0.8986, Recall: 0.9948, Specificity: 0.8877, F1-Score: 0.9442 
19:31:35 : Epoch [59/100], Loss: 0.3418, Accuracy: 0.9373, Precision: 0.8886, Recall: 1.0000, Specificity: 0.8747, F1-Score: 0.9410 
19:31:50 : Epoch [60/100], Loss: 0.3133, Accuracy: 0.9739, Precision: 0.9666, Recall: 0.9817, Specificity: 0.9661, F1-Score: 0.9741 
19:32:04 : Epoch [61/100], Loss: 0.3134, Accuracy: 0.9778, Precision: 0.9791, Recall: 0.9765, Specificity: 0.9791, F1-Score: 0.9778 
19:32:31 : Epoch [62/100], Loss: 0.3133, Accuracy: 0.9739, Precision: 0.9666, Recall: 0.9817, Specificity: 0.9661, F1-Score: 0.9741 
19:32:46 : Epoch [63/100], Loss: 0.3133, Accuracy: 0.9713, Precision: 0.9839, Recall: 0.9582, Specificity: 0.9843, F1-Score: 0.9709 
19:33:01 : Epoch [64/100], Loss: 0.3139, Accuracy: 0.9687, Precision: 0.9638, Recall: 0.9739, Specificity: 0.9634, F1-Score: 0.9688 
19:33:16 : Epoch [65/100], Loss: 0.3133, Accuracy: 0.9739, Precision: 0.9690, Recall: 0.9791, Specificity: 0.9687, F1-Score: 0.9740 
19:33:30 : Epoch [66/100], Loss: 0.3159, Accuracy: 0.9778, Precision: 0.9716, Recall: 0.9843, Specificity: 0.9713, F1-Score: 0.9780 
19:33:45 : Epoch [67/100], Loss: 0.3134, Accuracy: 0.9752, Precision: 0.9643, Recall: 0.9869, Specificity: 0.9634, F1-Score: 0.9755 
19:33:59 : Epoch [68/100], Loss: 0.3517, Accuracy: 0.9752, Precision: 0.9667, Recall: 0.9843, Specificity: 0.9661, F1-Score: 0.9754 
19:34:14 : Epoch [69/100], Loss: 0.3547, Accuracy: 0.9648, Precision: 0.9863, Recall: 0.9426, Specificity: 0.9869, F1-Score: 0.9640 
19:34:29 : Epoch [70/100], Loss: 0.3134, Accuracy: 0.9595, Precision: 0.9272, Recall: 0.9974, Specificity: 0.9217, F1-Score: 0.9610 
19:34:43 : Epoch [71/100], Loss: 0.3138, Accuracy: 0.9687, Precision: 0.9521, Recall: 0.9869, Specificity: 0.9504, F1-Score: 0.9692 
19:34:58 : Epoch [72/100], Loss: 0.3138, Accuracy: 0.9621, Precision: 0.9425, Recall: 0.9843, Specificity: 0.9399, F1-Score: 0.9630 
19:35:13 : Epoch [73/100], Loss: 0.3133, Accuracy: 0.8446, Precision: 1.0000, Recall: 0.6893, Specificity: 1.0000, F1-Score: 0.8161 
19:35:27 : Epoch [74/100], Loss: 0.3134, Accuracy: 0.8068, Precision: 0.9916, Recall: 0.6188, Specificity: 0.9948, F1-Score: 0.7621 
19:35:42 : Epoch [75/100], Loss: 0.3134, Accuracy: 0.9687, Precision: 0.9432, Recall: 0.9974, Specificity: 0.9399, F1-Score: 0.9695 
19:35:57 : Epoch [76/100], Loss: 0.3136, Accuracy: 0.8956, Precision: 0.9903, Recall: 0.7990, Specificity: 0.9922, F1-Score: 0.8844 
19:36:43 : Epoch [77/100], Loss: 0.3134, Accuracy: 0.9517, Precision: 0.9753, Recall: 0.9269, Specificity: 0.9765, F1-Score: 0.9505 
19:36:58 : Epoch [78/100], Loss: 0.3510, Accuracy: 0.9308, Precision: 0.8819, Recall: 0.9948, Specificity: 0.8668, F1-Score: 0.9350 
19:37:13 : Epoch [79/100], Loss: 0.3133, Accuracy: 0.8956, Precision: 0.9871, Recall: 0.8016, Specificity: 0.9896, F1-Score: 0.8847 
19:37:27 : Epoch [80/100], Loss: 0.3134, Accuracy: 0.9178, Precision: 0.9878, Recall: 0.8460, Specificity: 0.9896, F1-Score: 0.9114 
19:37:42 : Epoch [81/100], Loss: 0.3396, Accuracy: 0.9726, Precision: 0.9641, Recall: 0.9817, Specificity: 0.9634, F1-Score: 0.9728 
19:37:57 : Epoch [82/100], Loss: 0.3135, Accuracy: 0.8355, Precision: 0.9961, Recall: 0.6736, Specificity: 0.9974, F1-Score: 0.8037 
19:38:12 : Epoch [83/100], Loss: 0.3133, Accuracy: 0.9700, Precision: 0.9545, Recall: 0.9869, Specificity: 0.9530, F1-Score: 0.9705 
19:38:26 : Epoch [84/100], Loss: 0.3134, Accuracy: 0.9713, Precision: 0.9616, Recall: 0.9817, Specificity: 0.9608, F1-Score: 0.9716 
19:38:41 : Epoch [85/100], Loss: 0.3133, Accuracy: 0.9713, Precision: 0.9616, Recall: 0.9817, Specificity: 0.9608, F1-Score: 0.9716 
19:38:56 : Epoch [86/100], Loss: 0.3228, Accuracy: 0.9478, Precision: 0.9777, Recall: 0.9164, Specificity: 0.9791, F1-Score: 0.9461 
19:39:11 : Epoch [87/100], Loss: 0.3133, Accuracy: 0.9674, Precision: 0.9864, Recall: 0.9478, Specificity: 0.9869, F1-Score: 0.9667 
19:39:26 : Epoch [88/100], Loss: 0.3133, Accuracy: 0.9739, Precision: 0.9595, Recall: 0.9896, Specificity: 0.9582, F1-Score: 0.9743 
19:39:40 : Epoch [89/100], Loss: 0.3133, Accuracy: 0.9713, Precision: 0.9593, Recall: 0.9843, Specificity: 0.9582, F1-Score: 0.9716 
19:39:55 : Epoch [90/100], Loss: 0.3133, Accuracy: 0.9556, Precision: 0.9267, Recall: 0.9896, Specificity: 0.9217, F1-Score: 0.9571 
19:40:42 : Epoch [91/100], Loss: 0.3272, Accuracy: 0.9726, Precision: 0.9665, Recall: 0.9791, Specificity: 0.9661, F1-Score: 0.9728 
19:40:57 : Epoch [92/100], Loss: 0.3133, Accuracy: 0.9243, Precision: 0.9880, Recall: 0.8590, Specificity: 0.9896, F1-Score: 0.9190 
19:41:12 : Epoch [93/100], Loss: 0.3142, Accuracy: 0.9778, Precision: 0.9791, Recall: 0.9765, Specificity: 0.9791, F1-Score: 0.9778 
19:41:27 : Epoch [94/100], Loss: 0.3133, Accuracy: 0.9752, Precision: 0.9667, Recall: 0.9843, Specificity: 0.9661, F1-Score: 0.9754 
19:41:41 : Epoch [95/100], Loss: 0.3133, Accuracy: 0.8760, Precision: 0.8013, Recall: 1.0000, Specificity: 0.7520, F1-Score: 0.8897 
19:41:56 : Epoch [96/100], Loss: 0.3133, Accuracy: 0.9752, Precision: 0.9715, Recall: 0.9791, Specificity: 0.9713, F1-Score: 0.9753 
19:42:11 : Epoch [97/100], Loss: 0.3133, Accuracy: 0.9386, Precision: 0.9693, Recall: 0.9060, Specificity: 0.9713, F1-Score: 0.9366 
19:42:25 : Epoch [98/100], Loss: 0.3145, Accuracy: 0.9674, Precision: 0.9543, Recall: 0.9817, Specificity: 0.9530, F1-Score: 0.9678 
19:42:40 : Epoch [99/100], Loss: 0.3133, Accuracy: 0.9334, Precision: 0.9911, Recall: 0.8747, Specificity: 0.9922, F1-Score: 0.9293 
19:42:55 : Epoch [100/100], Loss: 0.3517, Accuracy: 0.8799, Precision: 1.0000, Recall: 0.7598, Specificity: 1.0000, F1-Score: 0.8635 
19:46:30 : Test Loss: 0.1589, Test Accuracy: 0.9953, Test Precision: 0.6052, Test Recall: 0.7865, Test Specificity: 0.9967, Test F1-Score: 0.6840 
19:46:30 : Total Time taken: 1962.570596599995 Seconds 
19:46:31 : process completed 
