12:22:14 : Sample raw path is  C:/Users/bt22aak/GPU_DS/Exp_6_1_Baseline_80_Split/balanced 
12:22:14 : Sample of path is  C:/Users/bt22aak/GPU_DS/Exp_6_2_BG+OF_Baseline_80_Split/balanced 
12:22:50 : Running on GPU 
12:22:50 : Model is Exp7_6_Feature_out_Best_epoch_Channel_CNN_256xFC_512_Channel_Orig_b32e100L0.0001 
12:22:51 : Saved Model Path is ./Results/Exp7_6_Feature_out_Best_epoch_Channel/CNN_256xFC_512_Channel_Orig/Exp7_6_Feature_out_Best_epoch_Channel_CNN_256xFC_512_Channel_Orig_b32e100L0.0001.pth 
12:22:51 : No saved model found. Training a new model. 
12:23:06 : Epoch [1/100], Loss: 0.5340, Accuracy: 0.8825, Precision: 0.8322, Recall: 0.9582, Specificity: 0.8068, F1-Score: 0.8908 
12:23:21 : Epoch [2/100], Loss: 0.4060, Accuracy: 0.7559, Precision: 1.0000, Recall: 0.5117, Specificity: 1.0000, F1-Score: 0.6770 
12:23:35 : Epoch [3/100], Loss: 0.3259, Accuracy: 0.9517, Precision: 0.9676, Recall: 0.9347, Specificity: 0.9687, F1-Score: 0.9509 
12:23:50 : Epoch [4/100], Loss: 0.3368, Accuracy: 0.8642, Precision: 0.9964, Recall: 0.7311, Specificity: 0.9974, F1-Score: 0.8434 
12:24:04 : Epoch [5/100], Loss: 0.3440, Accuracy: 0.6240, Precision: 1.0000, Recall: 0.2480, Specificity: 1.0000, F1-Score: 0.3975 
12:24:19 : Epoch [6/100], Loss: 0.3578, Accuracy: 0.9347, Precision: 0.8918, Recall: 0.9896, Specificity: 0.8799, F1-Score: 0.9381 
12:24:33 : Epoch [7/100], Loss: 0.3372, Accuracy: 0.9073, Precision: 0.8436, Recall: 1.0000, Specificity: 0.8146, F1-Score: 0.9152 
12:24:48 : Epoch [8/100], Loss: 0.3220, Accuracy: 0.5144, Precision: 1.0000, Recall: 0.0287, Specificity: 1.0000, F1-Score: 0.0558 
12:25:02 : Epoch [9/100], Loss: 0.3500, Accuracy: 0.8851, Precision: 0.8158, Recall: 0.9948, Specificity: 0.7755, F1-Score: 0.8965 
12:25:17 : Epoch [10/100], Loss: 0.3141, Accuracy: 0.9726, Precision: 0.9840, Recall: 0.9608, Specificity: 0.9843, F1-Score: 0.9723 
12:25:32 : Epoch [11/100], Loss: 0.3405, Accuracy: 0.9739, Precision: 0.9714, Recall: 0.9765, Specificity: 0.9713, F1-Score: 0.9740 
12:25:46 : Epoch [12/100], Loss: 0.3515, Accuracy: 0.9295, Precision: 0.9824, Recall: 0.8747, Specificity: 0.9843, F1-Score: 0.9254 
12:26:01 : Epoch [13/100], Loss: 0.3141, Accuracy: 0.7728, Precision: 1.0000, Recall: 0.5457, Specificity: 1.0000, F1-Score: 0.7061 
12:26:15 : Epoch [14/100], Loss: 0.3458, Accuracy: 0.7154, Precision: 1.0000, Recall: 0.4308, Specificity: 1.0000, F1-Score: 0.6022 
12:33:35 : Sample raw path is  C:/Users/bt22aak/GPU_DS/Exp_6_1_Baseline_80_Split/balanced 
12:33:35 : Sample of path is  C:/Users/bt22aak/GPU_DS/Exp_6_2_BG+OF_Baseline_80_Split/balanced 
12:34:11 : Running on GPU 
12:34:11 : Model is Exp7_6_Feature_out_Best_epoch_Channel_CNN_256xFC_512_Channel_Orig_b32e100L0.0001 
12:34:11 : Saved Model Path is ./Results/Exp7_6_Feature_out_Best_epoch_Channel/CNN_256xFC_512_Channel_Orig/Exp7_6_Feature_out_Best_epoch_Channel_CNN_256xFC_512_Channel_Orig_b32e100L0.0001.pth 
12:34:11 : Loaded Best model. 
13:08:22 : Sample raw path is  C:/Users/bt22aak/GPU_DS/Exp_6_1_Baseline_80_Split/balanced 
13:08:22 : Sample of path is  C:/Users/bt22aak/GPU_DS/Exp_6_2_BG+OF_Baseline_80_Split/balanced 
13:09:27 : Running on GPU 
13:09:27 : Model is Exp7_6_Feature_out_Best_epoch_Channel_CNN_256xFC_512_Channel_Orig_b32e100L0.0001 
13:09:28 : Saved Model Path is ./Results/Exp7_6_Feature_out_Best_epoch_Channel/CNN_256xFC_512_Channel_Orig/Exp7_6_Feature_out_Best_epoch_Channel_CNN_256xFC_512_Channel_Orig_b32e100L0.0001.pth 
13:09:28 : Fully Retraining Model 
13:09:47 : Epoch [1/100], Loss: 0.5340, Accuracy: 0.8825, Precision: 0.8322, Recall: 0.9582, Specificity: 0.8068, F1-Score: 0.8908 
13:10:04 : Epoch [2/100], Loss: 0.4060, Accuracy: 0.7559, Precision: 1.0000, Recall: 0.5117, Specificity: 1.0000, F1-Score: 0.6770 
13:10:21 : Epoch [3/100], Loss: 0.3259, Accuracy: 0.9517, Precision: 0.9676, Recall: 0.9347, Specificity: 0.9687, F1-Score: 0.9509 
13:10:38 : Epoch [4/100], Loss: 0.3368, Accuracy: 0.8642, Precision: 0.9964, Recall: 0.7311, Specificity: 0.9974, F1-Score: 0.8434 
13:10:54 : Epoch [5/100], Loss: 0.3440, Accuracy: 0.6240, Precision: 1.0000, Recall: 0.2480, Specificity: 1.0000, F1-Score: 0.3975 
13:11:11 : Epoch [6/100], Loss: 0.3578, Accuracy: 0.9347, Precision: 0.8918, Recall: 0.9896, Specificity: 0.8799, F1-Score: 0.9381 
13:11:27 : Epoch [7/100], Loss: 0.3372, Accuracy: 0.9073, Precision: 0.8436, Recall: 1.0000, Specificity: 0.8146, F1-Score: 0.9152 
13:11:44 : Epoch [8/100], Loss: 0.3220, Accuracy: 0.5144, Precision: 1.0000, Recall: 0.0287, Specificity: 1.0000, F1-Score: 0.0558 
13:12:00 : Epoch [9/100], Loss: 0.3500, Accuracy: 0.8851, Precision: 0.8158, Recall: 0.9948, Specificity: 0.7755, F1-Score: 0.8965 
13:12:17 : Epoch [10/100], Loss: 0.3141, Accuracy: 0.9726, Precision: 0.9840, Recall: 0.9608, Specificity: 0.9843, F1-Score: 0.9723 
13:12:34 : Epoch [11/100], Loss: 0.3405, Accuracy: 0.9739, Precision: 0.9714, Recall: 0.9765, Specificity: 0.9713, F1-Score: 0.9740 
13:12:50 : Epoch [12/100], Loss: 0.3515, Accuracy: 0.9295, Precision: 0.9824, Recall: 0.8747, Specificity: 0.9843, F1-Score: 0.9254 
13:13:07 : Epoch [13/100], Loss: 0.3141, Accuracy: 0.7728, Precision: 1.0000, Recall: 0.5457, Specificity: 1.0000, F1-Score: 0.7061 
13:13:23 : Epoch [14/100], Loss: 0.3458, Accuracy: 0.7154, Precision: 1.0000, Recall: 0.4308, Specificity: 1.0000, F1-Score: 0.6022 
13:13:40 : Epoch [15/100], Loss: 0.3140, Accuracy: 0.7911, Precision: 1.0000, Recall: 0.5822, Specificity: 1.0000, F1-Score: 0.7360 
13:13:57 : Epoch [16/100], Loss: 0.3220, Accuracy: 0.9713, Precision: 0.9763, Recall: 0.9661, Specificity: 0.9765, F1-Score: 0.9711 
13:14:13 : Epoch [17/100], Loss: 0.3196, Accuracy: 0.9726, Precision: 0.9665, Recall: 0.9791, Specificity: 0.9661, F1-Score: 0.9728 
13:14:30 : Epoch [18/100], Loss: 0.3138, Accuracy: 0.9674, Precision: 0.9812, Recall: 0.9530, Specificity: 0.9817, F1-Score: 0.9669 
13:14:46 : Epoch [19/100], Loss: 0.3140, Accuracy: 0.9230, Precision: 0.9880, Recall: 0.8564, Specificity: 0.9896, F1-Score: 0.9175 
13:15:03 : Epoch [20/100], Loss: 0.3248, Accuracy: 0.9726, Precision: 0.9641, Recall: 0.9817, Specificity: 0.9634, F1-Score: 0.9728 
13:15:20 : Epoch [21/100], Loss: 0.4312, Accuracy: 0.8355, Precision: 0.7525, Recall: 1.0000, Specificity: 0.6710, F1-Score: 0.8587 
13:15:36 : Epoch [22/100], Loss: 0.3137, Accuracy: 0.9726, Precision: 0.9714, Recall: 0.9739, Specificity: 0.9713, F1-Score: 0.9726 
13:15:53 : Epoch [23/100], Loss: 0.3134, Accuracy: 0.8525, Precision: 0.7722, Recall: 1.0000, Specificity: 0.7050, F1-Score: 0.8714 
13:16:09 : Epoch [24/100], Loss: 0.3137, Accuracy: 0.9713, Precision: 0.9788, Recall: 0.9634, Specificity: 0.9791, F1-Score: 0.9711 
13:16:24 : Epoch [25/100], Loss: 0.3134, Accuracy: 0.9230, Precision: 0.8665, Recall: 1.0000, Specificity: 0.8460, F1-Score: 0.9285 
13:16:39 : Epoch [26/100], Loss: 0.3136, Accuracy: 0.9491, Precision: 0.9751, Recall: 0.9217, Specificity: 0.9765, F1-Score: 0.9477 
13:16:54 : Epoch [27/100], Loss: 0.3513, Accuracy: 0.9648, Precision: 0.9450, Recall: 0.9869, Specificity: 0.9426, F1-Score: 0.9655 
13:17:09 : Epoch [28/100], Loss: 0.3161, Accuracy: 0.9726, Precision: 0.9714, Recall: 0.9739, Specificity: 0.9713, F1-Score: 0.9726 
13:17:23 : Epoch [29/100], Loss: 0.3135, Accuracy: 0.5992, Precision: 0.9872, Recall: 0.2010, Specificity: 0.9974, F1-Score: 0.3341 
13:17:38 : Epoch [30/100], Loss: 0.3174, Accuracy: 0.7676, Precision: 0.9904, Recall: 0.5405, Specificity: 0.9948, F1-Score: 0.6993 
13:17:53 : Epoch [31/100], Loss: 0.3151, Accuracy: 0.8316, Precision: 0.9885, Recall: 0.6710, Specificity: 0.9922, F1-Score: 0.7994 
13:18:07 : Epoch [32/100], Loss: 0.3134, Accuracy: 0.9556, Precision: 0.9729, Recall: 0.9373, Specificity: 0.9739, F1-Score: 0.9548 
13:18:22 : Epoch [33/100], Loss: 0.3518, Accuracy: 0.9661, Precision: 0.9710, Recall: 0.9608, Specificity: 0.9713, F1-Score: 0.9659 
13:18:38 : Epoch [34/100], Loss: 0.3280, Accuracy: 0.5470, Precision: 0.5247, Recall: 1.0000, Specificity: 0.0940, F1-Score: 0.6882 
13:18:52 : Epoch [35/100], Loss: 0.3133, Accuracy: 0.9530, Precision: 0.9161, Recall: 0.9974, Specificity: 0.9086, F1-Score: 0.9550 
13:19:07 : Epoch [36/100], Loss: 0.3133, Accuracy: 0.9491, Precision: 0.9095, Recall: 0.9974, Specificity: 0.9008, F1-Score: 0.9514 
13:19:23 : Epoch [37/100], Loss: 0.3133, Accuracy: 0.9582, Precision: 0.9835, Recall: 0.9321, Specificity: 0.9843, F1-Score: 0.9571 
13:19:40 : Epoch [38/100], Loss: 0.3135, Accuracy: 0.9739, Precision: 0.9572, Recall: 0.9922, Specificity: 0.9556, F1-Score: 0.9744 
13:19:56 : Epoch [39/100], Loss: 0.3133, Accuracy: 0.9687, Precision: 0.9787, Recall: 0.9582, Specificity: 0.9791, F1-Score: 0.9683 
13:20:13 : Epoch [40/100], Loss: 0.3136, Accuracy: 0.9661, Precision: 0.9760, Recall: 0.9556, Specificity: 0.9765, F1-Score: 0.9657 
13:20:29 : Epoch [41/100], Loss: 0.3516, Accuracy: 0.8695, Precision: 0.7930, Recall: 1.0000, Specificity: 0.7389, F1-Score: 0.8845 
13:20:43 : Epoch [42/100], Loss: 0.3133, Accuracy: 0.9569, Precision: 0.9248, Recall: 0.9948, Specificity: 0.9191, F1-Score: 0.9585 
13:20:58 : Epoch [43/100], Loss: 0.3133, Accuracy: 0.9021, Precision: 0.9904, Recall: 0.8120, Specificity: 0.9922, F1-Score: 0.8924 
13:21:13 : Epoch [44/100], Loss: 0.3518, Accuracy: 0.9582, Precision: 0.9756, Recall: 0.9399, Specificity: 0.9765, F1-Score: 0.9574 
13:21:27 : Epoch [45/100], Loss: 0.3134, Accuracy: 0.9634, Precision: 0.9426, Recall: 0.9869, Specificity: 0.9399, F1-Score: 0.9643 
13:21:42 : Epoch [46/100], Loss: 0.3133, Accuracy: 0.5131, Precision: 1.0000, Recall: 0.0261, Specificity: 1.0000, F1-Score: 0.0509 
13:21:57 : Epoch [47/100], Loss: 0.3476, Accuracy: 0.9517, Precision: 0.9779, Recall: 0.9243, Specificity: 0.9791, F1-Score: 0.9503 
13:22:11 : Epoch [48/100], Loss: 0.3151, Accuracy: 0.9595, Precision: 0.9731, Recall: 0.9452, Specificity: 0.9739, F1-Score: 0.9589 
13:22:26 : Epoch [49/100], Loss: 0.3135, Accuracy: 0.9739, Precision: 0.9642, Recall: 0.9843, Specificity: 0.9634, F1-Score: 0.9742 
13:22:41 : Epoch [50/100], Loss: 0.3135, Accuracy: 0.9700, Precision: 0.9712, Recall: 0.9687, Specificity: 0.9713, F1-Score: 0.9699 
13:22:55 : Epoch [51/100], Loss: 0.3133, Accuracy: 0.9739, Precision: 0.9666, Recall: 0.9817, Specificity: 0.9661, F1-Score: 0.9741 
13:23:10 : Epoch [52/100], Loss: 0.3133, Accuracy: 0.8029, Precision: 0.7172, Recall: 1.0000, Specificity: 0.6057, F1-Score: 0.8353 
13:23:25 : Epoch [53/100], Loss: 0.3133, Accuracy: 0.5000, Precision: 0.0000, Recall: 0.0000, Specificity: 1.0000, F1-Score: 0.0000 
13:23:39 : Epoch [54/100], Loss: 0.3133, Accuracy: 0.9674, Precision: 0.9661, Recall: 0.9687, Specificity: 0.9661, F1-Score: 0.9674 
13:23:54 : Epoch [55/100], Loss: 0.3458, Accuracy: 0.9648, Precision: 0.9384, Recall: 0.9948, Specificity: 0.9347, F1-Score: 0.9658 
13:24:09 : Epoch [56/100], Loss: 0.3448, Accuracy: 0.9739, Precision: 0.9642, Recall: 0.9843, Specificity: 0.9634, F1-Score: 0.9742 
13:24:23 : Epoch [57/100], Loss: 0.3135, Accuracy: 0.9608, Precision: 0.9862, Recall: 0.9347, Specificity: 0.9869, F1-Score: 0.9598 
13:24:40 : Epoch [58/100], Loss: 0.3133, Accuracy: 0.9713, Precision: 0.9664, Recall: 0.9765, Specificity: 0.9661, F1-Score: 0.9714 
13:24:56 : Epoch [59/100], Loss: 0.3133, Accuracy: 0.8708, Precision: 0.9897, Recall: 0.7493, Specificity: 0.9922, F1-Score: 0.8529 
13:25:13 : Epoch [60/100], Loss: 0.3134, Accuracy: 0.8407, Precision: 0.9888, Recall: 0.6893, Specificity: 0.9922, F1-Score: 0.8123 
13:25:30 : Epoch [61/100], Loss: 0.3134, Accuracy: 0.9752, Precision: 0.9667, Recall: 0.9843, Specificity: 0.9661, F1-Score: 0.9754 
13:25:44 : Epoch [62/100], Loss: 0.3139, Accuracy: 0.9634, Precision: 0.9810, Recall: 0.9452, Specificity: 0.9817, F1-Score: 0.9628 
13:25:59 : Epoch [63/100], Loss: 0.3272, Accuracy: 0.8851, Precision: 0.9868, Recall: 0.7807, Specificity: 0.9896, F1-Score: 0.8717 
13:26:13 : Epoch [64/100], Loss: 0.3136, Accuracy: 0.9569, Precision: 0.9353, Recall: 0.9817, Specificity: 0.9321, F1-Score: 0.9580 
13:26:28 : Epoch [65/100], Loss: 0.3133, Accuracy: 0.8381, Precision: 1.0000, Recall: 0.6762, Specificity: 1.0000, F1-Score: 0.8069 
13:26:42 : Epoch [66/100], Loss: 0.3133, Accuracy: 0.8681, Precision: 0.7913, Recall: 1.0000, Specificity: 0.7363, F1-Score: 0.8835 
13:26:57 : Epoch [67/100], Loss: 0.3133, Accuracy: 0.9426, Precision: 0.9721, Recall: 0.9112, Specificity: 0.9739, F1-Score: 0.9407 
13:27:11 : Epoch [68/100], Loss: 0.3133, Accuracy: 0.9752, Precision: 0.9619, Recall: 0.9896, Specificity: 0.9608, F1-Score: 0.9755 
13:27:26 : Epoch [69/100], Loss: 0.3134, Accuracy: 0.9595, Precision: 0.9835, Recall: 0.9347, Specificity: 0.9843, F1-Score: 0.9585 
13:27:41 : Epoch [70/100], Loss: 0.3135, Accuracy: 0.6554, Precision: 0.5920, Recall: 1.0000, Specificity: 0.3107, F1-Score: 0.7437 
13:27:55 : Epoch [71/100], Loss: 0.3138, Accuracy: 0.9739, Precision: 0.9642, Recall: 0.9843, Specificity: 0.9634, F1-Score: 0.9742 
13:28:10 : Epoch [72/100], Loss: 0.3133, Accuracy: 0.9726, Precision: 0.9665, Recall: 0.9791, Specificity: 0.9661, F1-Score: 0.9728 
13:28:24 : Epoch [73/100], Loss: 0.3297, Accuracy: 0.9399, Precision: 0.9856, Recall: 0.8930, Specificity: 0.9869, F1-Score: 0.9370 
13:28:39 : Epoch [74/100], Loss: 0.3134, Accuracy: 0.9491, Precision: 0.9155, Recall: 0.9896, Specificity: 0.9086, F1-Score: 0.9511 
13:28:53 : Epoch [75/100], Loss: 0.3133, Accuracy: 0.9439, Precision: 0.9830, Recall: 0.9034, Specificity: 0.9843, F1-Score: 0.9415 
13:29:08 : Epoch [76/100], Loss: 0.3206, Accuracy: 0.9674, Precision: 0.9590, Recall: 0.9765, Specificity: 0.9582, F1-Score: 0.9677 
13:29:22 : Epoch [77/100], Loss: 0.3137, Accuracy: 0.9360, Precision: 0.8866, Recall: 1.0000, Specificity: 0.8721, F1-Score: 0.9399 
13:29:37 : Epoch [78/100], Loss: 0.3133, Accuracy: 0.9491, Precision: 0.9859, Recall: 0.9112, Specificity: 0.9869, F1-Score: 0.9471 
13:29:51 : Epoch [79/100], Loss: 0.3283, Accuracy: 0.9008, Precision: 0.9904, Recall: 0.8094, Specificity: 0.9922, F1-Score: 0.8908 
13:30:06 : Epoch [80/100], Loss: 0.3133, Accuracy: 0.9739, Precision: 0.9714, Recall: 0.9765, Specificity: 0.9713, F1-Score: 0.9740 
13:30:20 : Epoch [81/100], Loss: 0.3133, Accuracy: 0.9713, Precision: 0.9738, Recall: 0.9687, Specificity: 0.9739, F1-Score: 0.9712 
13:30:35 : Epoch [82/100], Loss: 0.3138, Accuracy: 0.9700, Precision: 0.9615, Recall: 0.9791, Specificity: 0.9608, F1-Score: 0.9702 
13:30:49 : Epoch [83/100], Loss: 0.3133, Accuracy: 0.9674, Precision: 0.9475, Recall: 0.9896, Specificity: 0.9452, F1-Score: 0.9681 
13:31:04 : Epoch [84/100], Loss: 0.3133, Accuracy: 0.9700, Precision: 0.9592, Recall: 0.9817, Specificity: 0.9582, F1-Score: 0.9703 
13:31:18 : Epoch [85/100], Loss: 0.3133, Accuracy: 0.9726, Precision: 0.9665, Recall: 0.9791, Specificity: 0.9661, F1-Score: 0.9728 
13:31:33 : Epoch [86/100], Loss: 0.3133, Accuracy: 0.9726, Precision: 0.9665, Recall: 0.9791, Specificity: 0.9661, F1-Score: 0.9728 
13:31:47 : Epoch [87/100], Loss: 0.3133, Accuracy: 0.9726, Precision: 0.9665, Recall: 0.9791, Specificity: 0.9661, F1-Score: 0.9728 
13:32:02 : Epoch [88/100], Loss: 0.3133, Accuracy: 0.9739, Precision: 0.9642, Recall: 0.9843, Specificity: 0.9634, F1-Score: 0.9742 
13:32:16 : Epoch [89/100], Loss: 0.3136, Accuracy: 0.9739, Precision: 0.9618, Recall: 0.9869, Specificity: 0.9608, F1-Score: 0.9742 
13:32:31 : Epoch [90/100], Loss: 0.3133, Accuracy: 0.9439, Precision: 0.8991, Recall: 1.0000, Specificity: 0.8877, F1-Score: 0.9468 
13:32:45 : Epoch [91/100], Loss: 0.3133, Accuracy: 0.9739, Precision: 0.9666, Recall: 0.9817, Specificity: 0.9661, F1-Score: 0.9741 
13:33:00 : Epoch [92/100], Loss: 0.3319, Accuracy: 0.9726, Precision: 0.9738, Recall: 0.9713, Specificity: 0.9739, F1-Score: 0.9725 
13:33:14 : Epoch [93/100], Loss: 0.3135, Accuracy: 0.9713, Precision: 0.9664, Recall: 0.9765, Specificity: 0.9661, F1-Score: 0.9714 
13:33:29 : Epoch [94/100], Loss: 0.3133, Accuracy: 0.9739, Precision: 0.9739, Recall: 0.9739, Specificity: 0.9739, F1-Score: 0.9739 
13:33:44 : Epoch [95/100], Loss: 0.3133, Accuracy: 0.9739, Precision: 0.9572, Recall: 0.9922, Specificity: 0.9556, F1-Score: 0.9744 
13:33:58 : Epoch [96/100], Loss: 0.3134, Accuracy: 0.9191, Precision: 0.9878, Recall: 0.8486, Specificity: 0.9896, F1-Score: 0.9129 
13:34:13 : Epoch [97/100], Loss: 0.3267, Accuracy: 0.8838, Precision: 0.9900, Recall: 0.7755, Specificity: 0.9922, F1-Score: 0.8697 
13:34:27 : Epoch [98/100], Loss: 0.3133, Accuracy: 0.9726, Precision: 0.9714, Recall: 0.9739, Specificity: 0.9713, F1-Score: 0.9726 
13:34:41 : Epoch [99/100], Loss: 0.3517, Accuracy: 0.8786, Precision: 0.9899, Recall: 0.7650, Specificity: 0.9922, F1-Score: 0.8630 
13:34:56 : Epoch [100/100], Loss: 0.3133, Accuracy: 0.9739, Precision: 0.9549, Recall: 0.9948, Specificity: 0.9530, F1-Score: 0.9744 
13:37:55 : Test Loss: 0.1739, Test Accuracy: 0.9647, Test Precision: 0.1543, Test Recall: 1.0000, Test Specificity: 0.9644, Test F1-Score: 0.2674 
13:37:55 : Total Time taken: 1772.7223833000025 Seconds 
13:37:55 : process completed 
15:21:20 : Sample raw path is  C:/Users/bt22aak/GPU_DS/Exp_6_1_Baseline_80_Split/balanced 
15:21:20 : Sample of path is  C:/Users/bt22aak/GPU_DS/Exp_6_2_BG+OF_Baseline_80_Split/balanced 
15:21:57 : Running on GPU 
15:21:57 : Model is Exp7_6_Feature_out_Best_epoch_Channel_CNN_256xFC_512_Channel_Orig_b32e100L0.0001 
15:21:57 : Saved Model Path is ./Results/Exp7_6_Feature_out_Best_epoch_Channel/CNN_256xFC_512_Channel_Orig/Exp7_6_Feature_out_Best_epoch_Channel_CNN_256xFC_512_Channel_Orig_b32e100L0.0001.pth 
15:21:57 : Checking Trained Models 
15:21:57 : Loaded Best model. 
15:24:24 : Test Loss: 0.1765, Test Accuracy: 0.9591, Test Precision: 0.1352, Test Recall: 0.9896, Test Specificity: 0.9589, Test F1-Score: 0.2379 
15:24:24 : Total Time taken: 183.67389469999762 Seconds 
15:24:24 : process completed 
