13:03:28 : Path identified is C:\Users\bt22aak\GPU_DS\Exp_0\Exp_0_multipleChecks  
13:03:28 : Starting the processing of Exp_0_multipleChecks_b32e50L0.001 
13:03:45 : Running on GPU 
13:03:45 : Model is Exp_0_multipleChecks_b32e50L0.001 
13:04:12 : Epoch [1/50], Loss: 0.0284, Accuracy: 0.9858, Precision: 0.8091, Recall: 0.6990, Specificity: 0.9948, F1-Score: 0.7500 
13:04:38 : Epoch [2/50], Loss: 0.0254, Accuracy: 0.9875, Precision: 0.7660, Recall: 0.8482, Specificity: 0.9918, F1-Score: 0.8050 
13:05:04 : Epoch [3/50], Loss: 0.0102, Accuracy: 0.9881, Precision: 0.8192, Recall: 0.7827, Specificity: 0.9946, F1-Score: 0.8005 
13:05:30 : Epoch [4/50], Loss: 0.0097, Accuracy: 0.9885, Precision: 0.8036, Recall: 0.8246, Specificity: 0.9937, F1-Score: 0.8140 
13:05:56 : Epoch [5/50], Loss: 0.0184, Accuracy: 0.9889, Precision: 0.8462, Recall: 0.7775, Specificity: 0.9956, F1-Score: 0.8104 
13:06:22 : Epoch [6/50], Loss: 0.0209, Accuracy: 0.9892, Precision: 0.8643, Recall: 0.7670, Specificity: 0.9962, F1-Score: 0.8128 
13:06:46 : Epoch [7/50], Loss: 0.0256, Accuracy: 0.9882, Precision: 0.8900, Recall: 0.6990, Specificity: 0.9973, F1-Score: 0.7830 
13:07:12 : Epoch [8/50], Loss: 0.0156, Accuracy: 0.9897, Precision: 0.8170, Recall: 0.8534, Specificity: 0.9940, F1-Score: 0.8348 
13:07:37 : Epoch [9/50], Loss: 0.0094, Accuracy: 0.9891, Precision: 0.8203, Recall: 0.8246, Specificity: 0.9943, F1-Score: 0.8225 
13:08:03 : Epoch [10/50], Loss: 0.0117, Accuracy: 0.9901, Precision: 0.8772, Recall: 0.7853, Specificity: 0.9965, F1-Score: 0.8287 
13:08:29 : Epoch [11/50], Loss: 0.0182, Accuracy: 0.9883, Precision: 0.8041, Recall: 0.8168, Specificity: 0.9937, F1-Score: 0.8104 
13:08:54 : Epoch [12/50], Loss: 0.0058, Accuracy: 0.9889, Precision: 0.8563, Recall: 0.7644, Specificity: 0.9960, F1-Score: 0.8077 
13:09:20 : Epoch [13/50], Loss: 0.0058, Accuracy: 0.9892, Precision: 0.8080, Recall: 0.8482, Specificity: 0.9937, F1-Score: 0.8276 
13:09:45 : Epoch [14/50], Loss: 0.0036, Accuracy: 0.9886, Precision: 0.8010, Recall: 0.8325, Specificity: 0.9935, F1-Score: 0.8164 
13:10:11 : Epoch [15/50], Loss: 0.0004, Accuracy: 0.9877, Precision: 0.7579, Recall: 0.8770, Specificity: 0.9912, F1-Score: 0.8131 
13:10:36 : Epoch [16/50], Loss: 0.0028, Accuracy: 0.9887, Precision: 0.8000, Recall: 0.8377, Specificity: 0.9934, F1-Score: 0.8184 
13:11:01 : Epoch [17/50], Loss: 0.0019, Accuracy: 0.9899, Precision: 0.8437, Recall: 0.8194, Specificity: 0.9952, F1-Score: 0.8313 
13:11:27 : Epoch [18/50], Loss: 0.0022, Accuracy: 0.9887, Precision: 0.8231, Recall: 0.8037, Specificity: 0.9946, F1-Score: 0.8132 
13:11:52 : Epoch [19/50], Loss: 0.0016, Accuracy: 0.9896, Precision: 0.8231, Recall: 0.8403, Specificity: 0.9943, F1-Score: 0.8316 
13:12:18 : Epoch [20/50], Loss: 0.0018, Accuracy: 0.9874, Precision: 0.7557, Recall: 0.8665, Specificity: 0.9912, F1-Score: 0.8073 
13:12:44 : Epoch [21/50], Loss: 0.0169, Accuracy: 0.9885, Precision: 0.8362, Recall: 0.7749, Specificity: 0.9952, F1-Score: 0.8043 
13:13:09 : Epoch [22/50], Loss: 0.0075, Accuracy: 0.9882, Precision: 0.7683, Recall: 0.8770, Specificity: 0.9917, F1-Score: 0.8191 
13:13:35 : Epoch [23/50], Loss: 0.0032, Accuracy: 0.9877, Precision: 0.8081, Recall: 0.7827, Specificity: 0.9942, F1-Score: 0.7952 
13:14:01 : Epoch [24/50], Loss: 0.0009, Accuracy: 0.9842, Precision: 0.6925, Recall: 0.8665, Specificity: 0.9879, F1-Score: 0.7698 
13:14:26 : Epoch [25/50], Loss: 0.0016, Accuracy: 0.9887, Precision: 0.8000, Recall: 0.8377, Specificity: 0.9934, F1-Score: 0.8184 
13:14:52 : Epoch [26/50], Loss: 0.0001, Accuracy: 0.9886, Precision: 0.8041, Recall: 0.8272, Specificity: 0.9937, F1-Score: 0.8155 
13:15:18 : Epoch [27/50], Loss: 0.0000, Accuracy: 0.9891, Precision: 0.8551, Recall: 0.7723, Specificity: 0.9959, F1-Score: 0.8116 
13:15:44 : Epoch [28/50], Loss: 0.0000, Accuracy: 0.9888, Precision: 0.7909, Recall: 0.8613, Specificity: 0.9928, F1-Score: 0.8246 
13:16:10 : Epoch [29/50], Loss: 0.0005, Accuracy: 0.9881, Precision: 0.8498, Recall: 0.7408, Specificity: 0.9959, F1-Score: 0.7916 
13:16:35 : Epoch [30/50], Loss: 0.0004, Accuracy: 0.9891, Precision: 0.8320, Recall: 0.8037, Specificity: 0.9949, F1-Score: 0.8176 
13:17:00 : Epoch [31/50], Loss: 0.0000, Accuracy: 0.9883, Precision: 0.8089, Recall: 0.8089, Specificity: 0.9940, F1-Score: 0.8089 
13:17:26 : Epoch [32/50], Loss: 0.0000, Accuracy: 0.9887, Precision: 0.8333, Recall: 0.7853, Specificity: 0.9951, F1-Score: 0.8086 
13:17:52 : Epoch [33/50], Loss: 0.0001, Accuracy: 0.9874, Precision: 0.7593, Recall: 0.8586, Specificity: 0.9914, F1-Score: 0.8059 
13:18:18 : Epoch [34/50], Loss: 0.0000, Accuracy: 0.9890, Precision: 0.8065, Recall: 0.8403, Specificity: 0.9937, F1-Score: 0.8231 
13:18:43 : Epoch [35/50], Loss: 0.0000, Accuracy: 0.9889, Precision: 0.8501, Recall: 0.7723, Specificity: 0.9957, F1-Score: 0.8093 
13:19:09 : Epoch [36/50], Loss: 0.0000, Accuracy: 0.9889, Precision: 0.8140, Recall: 0.8246, Specificity: 0.9941, F1-Score: 0.8192 
13:19:35 : Epoch [37/50], Loss: 0.0000, Accuracy: 0.9891, Precision: 0.8412, Recall: 0.7906, Specificity: 0.9953, F1-Score: 0.8151 
13:20:01 : Epoch [38/50], Loss: 0.0000, Accuracy: 0.9878, Precision: 0.7813, Recall: 0.8325, Specificity: 0.9927, F1-Score: 0.8061 
13:20:27 : Epoch [39/50], Loss: 0.0000, Accuracy: 0.9884, Precision: 0.8015, Recall: 0.8246, Specificity: 0.9936, F1-Score: 0.8129 
13:20:52 : Epoch [40/50], Loss: 0.0000, Accuracy: 0.9883, Precision: 0.8224, Recall: 0.7880, Specificity: 0.9946, F1-Score: 0.8048 
13:21:18 : Epoch [41/50], Loss: 0.0000, Accuracy: 0.9894, Precision: 0.8392, Recall: 0.8063, Specificity: 0.9951, F1-Score: 0.8224 
13:21:43 : Epoch [42/50], Loss: 0.0000, Accuracy: 0.9883, Precision: 0.8155, Recall: 0.7984, Specificity: 0.9943, F1-Score: 0.8069 
13:22:09 : Epoch [43/50], Loss: 0.0000, Accuracy: 0.9877, Precision: 0.7850, Recall: 0.8220, Specificity: 0.9929, F1-Score: 0.8031 
13:22:35 : Epoch [44/50], Loss: 0.0000, Accuracy: 0.9890, Precision: 0.8427, Recall: 0.7853, Specificity: 0.9954, F1-Score: 0.8130 
13:23:00 : Epoch [45/50], Loss: 0.0000, Accuracy: 0.9882, Precision: 0.8401, Recall: 0.7565, Specificity: 0.9955, F1-Score: 0.7961 
13:23:27 : Epoch [46/50], Loss: 0.0000, Accuracy: 0.9891, Precision: 0.8203, Recall: 0.8246, Specificity: 0.9943, F1-Score: 0.8225 
13:23:53 : Epoch [47/50], Loss: 0.0001, Accuracy: 0.9883, Precision: 0.8084, Recall: 0.8063, Specificity: 0.9940, F1-Score: 0.8073 
13:24:18 : Epoch [48/50], Loss: 0.0000, Accuracy: 0.9885, Precision: 0.8459, Recall: 0.7618, Specificity: 0.9956, F1-Score: 0.8017 
13:24:44 : Epoch [49/50], Loss: 0.0000, Accuracy: 0.9892, Precision: 0.8459, Recall: 0.7906, Specificity: 0.9955, F1-Score: 0.8173 
13:25:10 : Epoch [50/50], Loss: 0.0000, Accuracy: 0.9887, Precision: 0.8158, Recall: 0.8115, Specificity: 0.9942, F1-Score: 0.8136 
13:25:17 : Test Loss: 0.4578, Test Accuracy: 0.9883, Test Precision: 0.8381, Test Recall: 0.7682, Test Specificity: 0.9953, Test F1-Score: 0.8016 
13:25:17 : Total Time taken: 1309.7848051000037 Seconds 
13:25:17 : Learning rate is 1e-05 
13:25:17 : Path identified is C:\Users\bt22aak\GPU_DS\Exp_0\Exp_0_multipleChecks  
13:25:17 : Starting the processing of Exp_0_multipleChecks_b32e50L1e-05 
13:25:33 : Running on GPU 
13:25:33 : Model is Exp_0_multipleChecks_b32e50L1e-05 
13:25:58 : Epoch [1/50], Loss: 0.2298, Accuracy: 0.9776, Precision: 0.7285, Recall: 0.4215, Specificity: 0.9951, F1-Score: 0.5340 
13:26:23 : Epoch [2/50], Loss: 0.1149, Accuracy: 0.9816, Precision: 0.8140, Recall: 0.5157, Specificity: 0.9963, F1-Score: 0.6314 
13:26:48 : Epoch [3/50], Loss: 0.0699, Accuracy: 0.9821, Precision: 0.7651, Recall: 0.5969, Specificity: 0.9942, F1-Score: 0.6706 
13:27:13 : Epoch [4/50], Loss: 0.0487, Accuracy: 0.9828, Precision: 0.8879, Recall: 0.4974, Specificity: 0.9980, F1-Score: 0.6376 
13:27:39 : Epoch [5/50], Loss: 0.0615, Accuracy: 0.9827, Precision: 0.7200, Recall: 0.7068, Specificity: 0.9914, F1-Score: 0.7133 
13:28:05 : Epoch [6/50], Loss: 0.0292, Accuracy: 0.9832, Precision: 0.8800, Recall: 0.5183, Specificity: 0.9978, F1-Score: 0.6524 
13:28:47 : Epoch [7/50], Loss: 0.0403, Accuracy: 0.9852, Precision: 0.8267, Recall: 0.6492, Specificity: 0.9957, F1-Score: 0.7273 
13:29:26 : Epoch [8/50], Loss: 0.0336, Accuracy: 0.9854, Precision: 0.8419, Recall: 0.6414, Specificity: 0.9962, F1-Score: 0.7281 
13:30:09 : Epoch [9/50], Loss: 0.0291, Accuracy: 0.9856, Precision: 0.8459, Recall: 0.6466, Specificity: 0.9963, F1-Score: 0.7329 
13:30:52 : Epoch [10/50], Loss: 0.0345, Accuracy: 0.9865, Precision: 0.8277, Recall: 0.7042, Specificity: 0.9954, F1-Score: 0.7610 
13:31:36 : Epoch [11/50], Loss: 0.0355, Accuracy: 0.9867, Precision: 0.8267, Recall: 0.7120, Specificity: 0.9953, F1-Score: 0.7651 
13:32:20 : Epoch [12/50], Loss: 0.0332, Accuracy: 0.9872, Precision: 0.8469, Recall: 0.7094, Specificity: 0.9960, F1-Score: 0.7721 
13:32:55 : Epoch [13/50], Loss: 0.0334, Accuracy: 0.9871, Precision: 0.8299, Recall: 0.7277, Specificity: 0.9953, F1-Score: 0.7755 
13:33:32 : Epoch [14/50], Loss: 0.0244, Accuracy: 0.9866, Precision: 0.8302, Recall: 0.7042, Specificity: 0.9955, F1-Score: 0.7620 
13:33:57 : Epoch [15/50], Loss: 0.0314, Accuracy: 0.9875, Precision: 0.8571, Recall: 0.7068, Specificity: 0.9963, F1-Score: 0.7747 
13:34:23 : Epoch [16/50], Loss: 0.0285, Accuracy: 0.9875, Precision: 0.8527, Recall: 0.7120, Specificity: 0.9961, F1-Score: 0.7760 
13:34:49 : Epoch [17/50], Loss: 0.0345, Accuracy: 0.9879, Precision: 0.8177, Recall: 0.7749, Specificity: 0.9946, F1-Score: 0.7957 
13:35:15 : Epoch [18/50], Loss: 0.0376, Accuracy: 0.9877, Precision: 0.8413, Recall: 0.7356, Specificity: 0.9956, F1-Score: 0.7849 
13:35:40 : Epoch [19/50], Loss: 0.0205, Accuracy: 0.9875, Precision: 0.8424, Recall: 0.7277, Specificity: 0.9957, F1-Score: 0.7809 
13:36:05 : Epoch [20/50], Loss: 0.0476, Accuracy: 0.9877, Precision: 0.7893, Recall: 0.8141, Specificity: 0.9932, F1-Score: 0.8015 
13:36:31 : Epoch [21/50], Loss: 0.0269, Accuracy: 0.9880, Precision: 0.8187, Recall: 0.7801, Specificity: 0.9946, F1-Score: 0.7989 
13:36:56 : Epoch [22/50], Loss: 0.0288, Accuracy: 0.9883, Precision: 0.8296, Recall: 0.7775, Specificity: 0.9950, F1-Score: 0.8027 
13:37:26 : Epoch [23/50], Loss: 0.0355, Accuracy: 0.9884, Precision: 0.8177, Recall: 0.7984, Specificity: 0.9944, F1-Score: 0.8079 
13:38:09 : Epoch [24/50], Loss: 0.0248, Accuracy: 0.9879, Precision: 0.8783, Recall: 0.6990, Specificity: 0.9970, F1-Score: 0.7784 
13:38:53 : Epoch [25/50], Loss: 0.0398, Accuracy: 0.9889, Precision: 0.8076, Recall: 0.8351, Specificity: 0.9937, F1-Score: 0.8211 
13:39:28 : Epoch [26/50], Loss: 0.0403, Accuracy: 0.9893, Precision: 0.8179, Recall: 0.8351, Specificity: 0.9942, F1-Score: 0.8264 
13:40:12 : Epoch [27/50], Loss: 0.0275, Accuracy: 0.9883, Precision: 0.8507, Recall: 0.7461, Specificity: 0.9959, F1-Score: 0.7950 
13:40:54 : Epoch [28/50], Loss: 0.0263, Accuracy: 0.9887, Precision: 0.8394, Recall: 0.7801, Specificity: 0.9953, F1-Score: 0.8087 
13:41:38 : Epoch [29/50], Loss: 0.0207, Accuracy: 0.9886, Precision: 0.8385, Recall: 0.7749, Specificity: 0.9953, F1-Score: 0.8054 
13:42:23 : Epoch [30/50], Loss: 0.0731, Accuracy: 0.9873, Precision: 0.7528, Recall: 0.8691, Specificity: 0.9910, F1-Score: 0.8068 
13:42:58 : Epoch [31/50], Loss: 0.0227, Accuracy: 0.9889, Precision: 0.8462, Recall: 0.7775, Specificity: 0.9956, F1-Score: 0.8104 
13:43:41 : Epoch [32/50], Loss: 0.0282, Accuracy: 0.9879, Precision: 0.8662, Recall: 0.7120, Specificity: 0.9965, F1-Score: 0.7816 
13:44:24 : Epoch [33/50], Loss: 0.0350, Accuracy: 0.9877, Precision: 0.8800, Recall: 0.6911, Specificity: 0.9970, F1-Score: 0.7742 
13:45:07 : Epoch [34/50], Loss: 0.0233, Accuracy: 0.9881, Precision: 0.8416, Recall: 0.7513, Specificity: 0.9956, F1-Score: 0.7939 
13:45:46 : Epoch [35/50], Loss: 0.0190, Accuracy: 0.9881, Precision: 0.8675, Recall: 0.7199, Specificity: 0.9965, F1-Score: 0.7868 
13:46:26 : Epoch [36/50], Loss: 0.0346, Accuracy: 0.9894, Precision: 0.8201, Recall: 0.8351, Specificity: 0.9942, F1-Score: 0.8275 
13:47:09 : Epoch [37/50], Loss: 0.0293, Accuracy: 0.9891, Precision: 0.8576, Recall: 0.7723, Specificity: 0.9960, F1-Score: 0.8127 
13:47:52 : Epoch [38/50], Loss: 0.0326, Accuracy: 0.9892, Precision: 0.8622, Recall: 0.7696, Specificity: 0.9961, F1-Score: 0.8133 
13:48:36 : Epoch [39/50], Loss: 0.0215, Accuracy: 0.9889, Precision: 0.8542, Recall: 0.7670, Specificity: 0.9959, F1-Score: 0.8083 
13:49:11 : Epoch [40/50], Loss: 0.0372, Accuracy: 0.9890, Precision: 0.8675, Recall: 0.7539, Specificity: 0.9964, F1-Score: 0.8067 
13:49:54 : Epoch [41/50], Loss: 0.0306, Accuracy: 0.9897, Precision: 0.8447, Recall: 0.8115, Specificity: 0.9953, F1-Score: 0.8278 
13:50:38 : Epoch [42/50], Loss: 0.0317, Accuracy: 0.9894, Precision: 0.8392, Recall: 0.8063, Specificity: 0.9951, F1-Score: 0.8224 
13:51:21 : Epoch [43/50], Loss: 0.0262, Accuracy: 0.9896, Precision: 0.8663, Recall: 0.7801, Specificity: 0.9962, F1-Score: 0.8209 
13:52:05 : Epoch [44/50], Loss: 0.0285, Accuracy: 0.9895, Precision: 0.8311, Recall: 0.8246, Specificity: 0.9947, F1-Score: 0.8279 
13:52:39 : Epoch [45/50], Loss: 0.0416, Accuracy: 0.9893, Precision: 0.8388, Recall: 0.8037, Specificity: 0.9951, F1-Score: 0.8209 
13:53:23 : Epoch [46/50], Loss: 0.0355, Accuracy: 0.9892, Precision: 0.8159, Recall: 0.8351, Specificity: 0.9941, F1-Score: 0.8254 
13:54:06 : Epoch [47/50], Loss: 0.0371, Accuracy: 0.9898, Precision: 0.8325, Recall: 0.8325, Specificity: 0.9947, F1-Score: 0.8325 
13:54:49 : Epoch [48/50], Loss: 0.0253, Accuracy: 0.9897, Precision: 0.8428, Recall: 0.8141, Specificity: 0.9952, F1-Score: 0.8282 
13:55:32 : Epoch [49/50], Loss: 0.0240, Accuracy: 0.9890, Precision: 0.8194, Recall: 0.8194, Specificity: 0.9943, F1-Score: 0.8194 
13:56:07 : Epoch [50/50], Loss: 0.0384, Accuracy: 0.9894, Precision: 0.8152, Recall: 0.8429, Specificity: 0.9940, F1-Score: 0.8288 
13:56:18 : Test Loss: 0.0267, Test Accuracy: 0.9901, Test Precision: 0.8351, Test Recall: 0.8438, Test Specificity: 0.9947, Test F1-Score: 0.8394 
13:56:18 : Total Time taken: 1860.9468042000008 Seconds 
13:56:19 : Learning rate is 1e-06 
13:56:19 : Path identified is C:\Users\bt22aak\GPU_DS\Exp_0\Exp_0_multipleChecks  
13:56:19 : Starting the processing of Exp_0_multipleChecks_b32e50L1e-06 
13:56:47 : Running on GPU 
13:56:47 : Model is Exp_0_multipleChecks_b32e50L1e-06 
13:57:30 : Epoch [1/50], Loss: 0.5069, Accuracy: 0.9695, Precision: 0.0000, Recall: 0.0000, Specificity: 1.0000, F1-Score: 0.0000 
13:58:14 : Epoch [2/50], Loss: 0.2651, Accuracy: 0.9695, Precision: 0.0000, Recall: 0.0000, Specificity: 1.0000, F1-Score: 0.0000 
13:58:52 : Epoch [3/50], Loss: 0.2403, Accuracy: 0.9695, Precision: 0.0000, Recall: 0.0000, Specificity: 1.0000, F1-Score: 0.0000 
13:59:29 : Epoch [4/50], Loss: 0.2436, Accuracy: 0.9695, Precision: 0.0000, Recall: 0.0000, Specificity: 1.0000, F1-Score: 0.0000 
14:00:13 : Epoch [5/50], Loss: 0.2656, Accuracy: 0.9695, Precision: 0.0000, Recall: 0.0000, Specificity: 1.0000, F1-Score: 0.0000 
14:00:57 : Epoch [6/50], Loss: 0.2809, Accuracy: 0.9695, Precision: 0.0000, Recall: 0.0000, Specificity: 1.0000, F1-Score: 0.0000 
14:01:41 : Epoch [7/50], Loss: 0.2781, Accuracy: 0.9712, Precision: 0.9200, Recall: 0.0602, Specificity: 0.9998, F1-Score: 0.1130 
14:02:23 : Epoch [8/50], Loss: 0.2619, Accuracy: 0.9738, Precision: 0.9091, Recall: 0.1571, Specificity: 0.9995, F1-Score: 0.2679 
14:03:07 : Epoch [9/50], Loss: 0.2381, Accuracy: 0.9763, Precision: 0.8571, Recall: 0.2670, Specificity: 0.9986, F1-Score: 0.4072 
14:03:50 : Epoch [10/50], Loss: 0.2116, Accuracy: 0.9769, Precision: 0.8496, Recall: 0.2958, Specificity: 0.9984, F1-Score: 0.4388 
14:04:33 : Epoch [11/50], Loss: 0.1876, Accuracy: 0.9786, Precision: 0.8608, Recall: 0.3560, Specificity: 0.9982, F1-Score: 0.5037 
14:05:18 : Epoch [12/50], Loss: 0.1658, Accuracy: 0.9788, Precision: 0.8063, Recall: 0.4031, Specificity: 0.9970, F1-Score: 0.5375 
14:06:00 : Epoch [13/50], Loss: 0.1478, Accuracy: 0.9795, Precision: 0.8492, Recall: 0.3979, Specificity: 0.9978, F1-Score: 0.5419 
14:06:45 : Epoch [14/50], Loss: 0.1349, Accuracy: 0.9803, Precision: 0.8358, Recall: 0.4398, Specificity: 0.9973, F1-Score: 0.5763 
14:07:28 : Epoch [15/50], Loss: 0.1257, Accuracy: 0.9807, Precision: 0.8097, Recall: 0.4791, Specificity: 0.9965, F1-Score: 0.6020 
14:08:12 : Epoch [16/50], Loss: 0.1156, Accuracy: 0.9809, Precision: 0.8295, Recall: 0.4712, Specificity: 0.9970, F1-Score: 0.6010 
14:08:53 : Epoch [17/50], Loss: 0.1074, Accuracy: 0.9812, Precision: 0.8356, Recall: 0.4791, Specificity: 0.9970, F1-Score: 0.6090 
14:09:36 : Epoch [18/50], Loss: 0.1027, Accuracy: 0.9811, Precision: 0.8112, Recall: 0.4948, Specificity: 0.9964, F1-Score: 0.6146 
14:10:20 : Epoch [19/50], Loss: 0.1003, Accuracy: 0.9811, Precision: 0.7778, Recall: 0.5314, Specificity: 0.9952, F1-Score: 0.6314 
14:11:03 : Epoch [20/50], Loss: 0.0926, Accuracy: 0.9810, Precision: 0.7903, Recall: 0.5131, Specificity: 0.9957, F1-Score: 0.6222 
14:11:48 : Epoch [21/50], Loss: 0.0879, Accuracy: 0.9815, Precision: 0.8024, Recall: 0.5209, Specificity: 0.9960, F1-Score: 0.6317 
14:12:30 : Epoch [22/50], Loss: 0.0854, Accuracy: 0.9816, Precision: 0.7901, Recall: 0.5419, Specificity: 0.9955, F1-Score: 0.6429 
14:13:13 : Epoch [23/50], Loss: 0.0773, Accuracy: 0.9816, Precision: 0.8248, Recall: 0.5052, Specificity: 0.9966, F1-Score: 0.6266 
14:13:56 : Epoch [24/50], Loss: 0.0746, Accuracy: 0.9820, Precision: 0.8285, Recall: 0.5183, Specificity: 0.9966, F1-Score: 0.6377 
14:14:41 : Epoch [25/50], Loss: 0.0754, Accuracy: 0.9820, Precision: 0.8000, Recall: 0.5445, Specificity: 0.9957, F1-Score: 0.6480 
14:15:24 : Epoch [26/50], Loss: 0.0737, Accuracy: 0.9821, Precision: 0.7926, Recall: 0.5602, Specificity: 0.9954, F1-Score: 0.6564 
14:16:08 : Epoch [27/50], Loss: 0.0692, Accuracy: 0.9823, Precision: 0.8150, Recall: 0.5419, Specificity: 0.9961, F1-Score: 0.6509 
14:16:51 : Epoch [28/50], Loss: 0.0677, Accuracy: 0.9828, Precision: 0.8168, Recall: 0.5602, Specificity: 0.9960, F1-Score: 0.6646 
14:17:35 : Epoch [29/50], Loss: 0.0653, Accuracy: 0.9828, Precision: 0.8192, Recall: 0.5576, Specificity: 0.9961, F1-Score: 0.6636 
14:18:20 : Epoch [30/50], Loss: 0.0611, Accuracy: 0.9827, Precision: 0.8340, Recall: 0.5393, Specificity: 0.9966, F1-Score: 0.6550 
14:19:02 : Epoch [31/50], Loss: 0.0604, Accuracy: 0.9830, Precision: 0.8288, Recall: 0.5576, Specificity: 0.9964, F1-Score: 0.6667 
14:19:45 : Epoch [32/50], Loss: 0.0596, Accuracy: 0.9831, Precision: 0.8195, Recall: 0.5707, Specificity: 0.9960, F1-Score: 0.6728 
14:20:28 : Epoch [33/50], Loss: 0.0595, Accuracy: 0.9835, Precision: 0.8229, Recall: 0.5838, Specificity: 0.9960, F1-Score: 0.6830 
14:21:13 : Epoch [34/50], Loss: 0.0568, Accuracy: 0.9832, Precision: 0.8258, Recall: 0.5707, Specificity: 0.9962, F1-Score: 0.6749 
14:21:56 : Epoch [35/50], Loss: 0.0533, Accuracy: 0.9832, Precision: 0.8440, Recall: 0.5524, Specificity: 0.9968, F1-Score: 0.6677 
14:22:40 : Epoch [36/50], Loss: 0.0558, Accuracy: 0.9832, Precision: 0.8178, Recall: 0.5759, Specificity: 0.9960, F1-Score: 0.6759 
14:23:24 : Epoch [37/50], Loss: 0.0548, Accuracy: 0.9832, Precision: 0.8209, Recall: 0.5759, Specificity: 0.9960, F1-Score: 0.6769 
14:24:09 : Epoch [38/50], Loss: 0.0525, Accuracy: 0.9832, Precision: 0.8258, Recall: 0.5707, Specificity: 0.9962, F1-Score: 0.6749 
14:24:54 : Epoch [39/50], Loss: 0.0539, Accuracy: 0.9836, Precision: 0.8121, Recall: 0.5995, Specificity: 0.9956, F1-Score: 0.6898 
14:25:37 : Epoch [40/50], Loss: 0.0506, Accuracy: 0.9832, Precision: 0.8209, Recall: 0.5759, Specificity: 0.9960, F1-Score: 0.6769 
14:26:20 : Epoch [41/50], Loss: 0.0473, Accuracy: 0.9835, Precision: 0.8431, Recall: 0.5628, Specificity: 0.9967, F1-Score: 0.6750 
14:27:02 : Epoch [42/50], Loss: 0.0512, Accuracy: 0.9838, Precision: 0.8208, Recall: 0.5995, Specificity: 0.9959, F1-Score: 0.6929 
14:27:46 : Epoch [43/50], Loss: 0.0490, Accuracy: 0.9836, Precision: 0.8218, Recall: 0.5916, Specificity: 0.9960, F1-Score: 0.6880 
14:28:28 : Epoch [44/50], Loss: 0.0489, Accuracy: 0.9839, Precision: 0.8237, Recall: 0.5995, Specificity: 0.9960, F1-Score: 0.6939 
14:29:12 : Epoch [45/50], Loss: 0.0462, Accuracy: 0.9840, Precision: 0.8346, Recall: 0.5942, Specificity: 0.9963, F1-Score: 0.6942 
14:29:56 : Epoch [46/50], Loss: 0.0468, Accuracy: 0.9842, Precision: 0.8333, Recall: 0.6021, Specificity: 0.9962, F1-Score: 0.6991 
14:30:40 : Epoch [47/50], Loss: 0.0441, Accuracy: 0.9842, Precision: 0.8407, Recall: 0.5942, Specificity: 0.9965, F1-Score: 0.6963 
14:31:24 : Epoch [48/50], Loss: 0.0477, Accuracy: 0.9848, Precision: 0.8194, Recall: 0.6414, Specificity: 0.9956, F1-Score: 0.7195 
14:32:06 : Epoch [49/50], Loss: 0.0445, Accuracy: 0.9846, Precision: 0.8387, Recall: 0.6126, Specificity: 0.9963, F1-Score: 0.7080 
14:32:50 : Epoch [50/50], Loss: 0.0423, Accuracy: 0.9844, Precision: 0.8370, Recall: 0.6047, Specificity: 0.9963, F1-Score: 0.7021 
14:33:03 : Test Loss: 0.0422, Test Accuracy: 0.9853, Test Precision: 0.8650, Test Recall: 0.6172, Test Specificity: 0.9970, Test F1-Score: 0.7204 
14:33:03 : Total Time taken: 2204.654279999995 Seconds 
