15:18:15 : Sample raw path is  D:/UH_KTP/Outputs/Exp_6_3_Baseline_128x96_80_split/balanced 
15:18:15 : Sample of path is  E:/Outputs/Exp_6_4_OF_HighRes_128x96/balanced 
15:35:47 : Running on GPU 
15:35:47 : Model is OF_HighRes_b32e100L0.0001 
15:35:48 : Preparing Model Summary 
15:35:48 : Model Summary Complete 
15:35:48 : Saved Model Path is ./Results/Exp7_4_LateFusion_HighRes/OF_HighRes/OF_HighRes_b32e100L0.0001.pth 
15:35:48 : No saved model found. Training a new model. 
15:36:30 : Error occured cuDNN error: CUDNN_STATUS_MAPPING_ERROR 
15:36:30 : Traceback (most recent call last):
  File "D:\Cloud_drives\OneDrive - University of Hertfordshire\ProjectWorkables\MscProjectRepo\smt_repo\Exp7_4_LateFusion_HighRes.py", line 698, in <module>
    model = train_model(dataloader_train_raw, dataloader_val_raw,dataloader_train_OF, dataloader_val_OF, num_epochs,learning_rate)
            ^^^^^^^^^^^^^^^^^^^^^^^^^^^^^^^^^^^^^^^^^^^^^^^^^^^^^^^^^^^^^^^^^^^^^^^^^^^^^^^^^^^^^^^^^^^^^^^^^^^^^^^^^^^^^^^^^^^^^^
  File "D:\Cloud_drives\OneDrive - University of Hertfordshire\ProjectWorkables\MscProjectRepo\smt_repo\Exp7_4_LateFusion_HighRes.py", line 414, in train_model
    outputs = model(batch_features1,batch_features2)
              ^^^^^^^^^^^^^^^^^^^^^^^^^^^^^^^^^^^^^^
  File "C:\Users\binso\anaconda3\Lib\site-packages\torch\nn\modules\module.py", line 1511, in _wrapped_call_impl
    return self._call_impl(*args, **kwargs)
           ^^^^^^^^^^^^^^^^^^^^^^^^^^^^^^^^
  File "C:\Users\binso\anaconda3\Lib\site-packages\torch\nn\modules\module.py", line 1520, in _call_impl
    return forward_call(*args, **kwargs)
           ^^^^^^^^^^^^^^^^^^^^^^^^^^^^^
  File "D:\Cloud_drives\OneDrive - University of Hertfordshire\ProjectWorkables\MscProjectRepo\smt_repo\Exp7_4_LateFusion_HighRes.py", line 226, in forward
    logits1 = self.stream1(x1)
              ^^^^^^^^^^^^^^^^
  File "C:\Users\binso\anaconda3\Lib\site-packages\torch\nn\modules\module.py", line 1511, in _wrapped_call_impl
    return self._call_impl(*args, **kwargs)
           ^^^^^^^^^^^^^^^^^^^^^^^^^^^^^^^^
  File "C:\Users\binso\anaconda3\Lib\site-packages\torch\nn\modules\module.py", line 1520, in _call_impl
    return forward_call(*args, **kwargs)
           ^^^^^^^^^^^^^^^^^^^^^^^^^^^^^
  File "D:\Cloud_drives\OneDrive - University of Hertfordshire\ProjectWorkables\MscProjectRepo\smt_repo\Exp7_4_LateFusion_HighRes.py", line 134, in forward
    x = F.relu(self.bn2(self.conv2(x)))
                        ^^^^^^^^^^^^^
  File "C:\Users\binso\anaconda3\Lib\site-packages\torch\nn\modules\module.py", line 1511, in _wrapped_call_impl
    return self._call_impl(*args, **kwargs)
           ^^^^^^^^^^^^^^^^^^^^^^^^^^^^^^^^
  File "C:\Users\binso\anaconda3\Lib\site-packages\torch\nn\modules\module.py", line 1520, in _call_impl
    return forward_call(*args, **kwargs)
           ^^^^^^^^^^^^^^^^^^^^^^^^^^^^^
  File "C:\Users\binso\anaconda3\Lib\site-packages\torch\nn\modules\conv.py", line 610, in forward
    return self._conv_forward(input, self.weight, self.bias)
           ^^^^^^^^^^^^^^^^^^^^^^^^^^^^^^^^^^^^^^^^^^^^^^^^^
  File "C:\Users\binso\anaconda3\Lib\site-packages\torch\nn\modules\conv.py", line 605, in _conv_forward
    return F.conv3d(
           ^^^^^^^^^
RuntimeError: cuDNN error: CUDNN_STATUS_MAPPING_ERROR
 
15:36:30 : ****************************** 
01:03:57 : Sample raw path is  C:/Users/bt22aak/GPU_DS/Exp_6_3_Baseline_128x96_80_split/balanced 
01:03:57 : Sample of path is  C:/Users/bt22aak/GPU_DS/Exp_6_4_OF_HighRes_128x96/balanced 
01:06:21 : Running on GPU 
01:06:21 : Model is OF_HighRes_b32e100L0.0001 
01:06:21 : Preparing Model Summary 
01:06:22 : Model Summary Complete 
01:06:22 : Saved Model Path is ./Results/Exp7_4_LateFusion_HighRes/OF_HighRes/OF_HighRes_b32e100L0.0001.pth 
01:06:22 : No saved model found. Training a new model. 
01:16:19 : Epoch [1/100], Loss: 0.6654, Accuracy: 0.7794, Precision: 0.6938, Recall: 1.0000, Specificity: 0.5587, F1-Score: 0.8193 
01:26:28 : Epoch [2/100], Loss: 0.5226, Accuracy: 0.6201, Precision: 0.5682, Recall: 1.0000, Specificity: 0.2402, F1-Score: 0.7247 
01:32:44 : Sample raw path is  C:/Users/bt22aak/GPU_DS/Exp_6_3_Baseline_128x96_80_split/balanced 
01:32:44 : Sample of path is  C:/Users/bt22aak/GPU_DS/Exp_6_4_OF_HighRes_128x96/balanced 
01:35:08 : Running on GPU 
01:35:08 : Model is OF_HighRes_b32e50L0.0001 
01:35:08 : Preparing Model Summary 
01:35:09 : Model Summary Complete 
01:35:09 : Saved Model Path is ./Results/Exp7_4_LateFusion_HighRes/OF_HighRes/OF_HighRes_b32e50L0.0001.pth 
01:35:09 : No saved model found. Training a new model. 
01:45:11 : Epoch [1/50], Loss: 0.6654, Accuracy: 0.7794, Precision: 0.6938, Recall: 1.0000, Specificity: 0.5587, F1-Score: 0.8193 
01:55:07 : Epoch [2/50], Loss: 0.5226, Accuracy: 0.6201, Precision: 0.5682, Recall: 1.0000, Specificity: 0.2402, F1-Score: 0.7247 
02:05:03 : Epoch [3/50], Loss: 0.3823, Accuracy: 0.8655, Precision: 0.7881, Recall: 1.0000, Specificity: 0.7311, F1-Score: 0.8815 
02:15:23 : Epoch [4/50], Loss: 0.4142, Accuracy: 0.9269, Precision: 0.8724, Recall: 1.0000, Specificity: 0.8538, F1-Score: 0.9319 
02:25:48 : Epoch [5/50], Loss: 0.3986, Accuracy: 0.9791, Precision: 0.9842, Recall: 0.9739, Specificity: 0.9843, F1-Score: 0.9790 
02:36:14 : Epoch [6/50], Loss: 0.3310, Accuracy: 0.9595, Precision: 0.9536, Recall: 0.9661, Specificity: 0.9530, F1-Score: 0.9598 
02:46:39 : Epoch [7/50], Loss: 0.3262, Accuracy: 0.5222, Precision: 0.5113, Recall: 1.0000, Specificity: 0.0444, F1-Score: 0.6767 
02:57:05 : Epoch [8/50], Loss: 0.3568, Accuracy: 0.9843, Precision: 0.9894, Recall: 0.9791, Specificity: 0.9896, F1-Score: 0.9843 
03:07:29 : Epoch [9/50], Loss: 0.3700, Accuracy: 0.8786, Precision: 0.8046, Recall: 1.0000, Specificity: 0.7572, F1-Score: 0.8917 
03:17:52 : Epoch [10/50], Loss: 0.3172, Accuracy: 0.7337, Precision: 1.0000, Recall: 0.4674, Specificity: 1.0000, F1-Score: 0.6370 
03:28:15 : Epoch [11/50], Loss: 0.3190, Accuracy: 0.9830, Precision: 0.9768, Recall: 0.9896, Specificity: 0.9765, F1-Score: 0.9831 
03:38:37 : Epoch [12/50], Loss: 0.3151, Accuracy: 0.5091, Precision: 1.0000, Recall: 0.0183, Specificity: 1.0000, F1-Score: 0.0359 
03:49:01 : Epoch [13/50], Loss: 0.3228, Accuracy: 0.5705, Precision: 0.5379, Recall: 1.0000, Specificity: 0.1410, F1-Score: 0.6995 
03:59:24 : Epoch [14/50], Loss: 0.3168, Accuracy: 0.5862, Precision: 1.0000, Recall: 0.1723, Specificity: 1.0000, F1-Score: 0.2940 
04:09:48 : Epoch [15/50], Loss: 0.3196, Accuracy: 0.6919, Precision: 0.6187, Recall: 1.0000, Specificity: 0.3838, F1-Score: 0.7645 
04:20:12 : Epoch [16/50], Loss: 0.3447, Accuracy: 0.9243, Precision: 0.8685, Recall: 1.0000, Specificity: 0.8486, F1-Score: 0.9296 
04:30:35 : Epoch [17/50], Loss: 0.3189, Accuracy: 0.6279, Precision: 0.5734, Recall: 1.0000, Specificity: 0.2559, F1-Score: 0.7288 
04:40:58 : Epoch [18/50], Loss: 0.3145, Accuracy: 0.7663, Precision: 0.6815, Recall: 1.0000, Specificity: 0.5326, F1-Score: 0.8106 
04:51:25 : Epoch [19/50], Loss: 0.3168, Accuracy: 0.9883, Precision: 0.9947, Recall: 0.9817, Specificity: 0.9948, F1-Score: 0.9882 
05:02:07 : Epoch [20/50], Loss: 0.3187, Accuracy: 0.9073, Precision: 1.0000, Recall: 0.8146, Specificity: 1.0000, F1-Score: 0.8978 
15:09:17 : Sample raw path is  C:/Users/bt22aak/GPU_DS/Exp_6_3_Baseline_128x96_80_split/balanced 
15:09:17 : Sample of path is  C:/Users/bt22aak/GPU_DS/Exp_6_4_OF_HighRes_128x96/balanced 
15:12:21 : Running on GPU 
15:12:21 : Model is OF_HighRes_b32e50L0.0001 
15:12:21 : Preparing Model Summary 
15:12:22 : Model Summary Complete 
15:12:22 : Saved Model Path is ./Results/Exp7_4_LateFusion_HighRes/OF_HighRes/OF_HighRes_b32e50L0.0001.pth 
15:12:22 : No saved model found. Training a new model. 
