13:37:47 : ============================================================================= 
13:37:47 : learinng rate of 0.01 
13:37:47 : Path identified is C:\Users\bt22aak\GPU_DS\Exp_5\Exp_5_1_MultipleChecks\Balanced and C:\Users\bt22aak\GPU_DS\Exp_5\Exp_5_1_MultipleChecks\Unbalanced 
13:37:47 : Starting the processing of Exp_5_1_MultipleChecks_b32e50L0.01 
13:38:06 : Running on GPU 
13:38:06 : Model is Exp_5_1_MultipleChecks_b32e50L0.01 
13:38:18 : Epoch [1/50], Loss: 0.6941, Accuracy: 0.4990, Precision: 0.0000, Recall: 0.0000, Specificity: 0.9979, F1-Score: 0.0000 
13:38:26 : Epoch [2/50], Loss: 0.6932, Accuracy: 0.5000, Precision: 0.5000, Recall: 1.0000, Specificity: 0.0000, F1-Score: 0.6667 
13:38:34 : Epoch [3/50], Loss: 0.6935, Accuracy: 0.5000, Precision: 0.5000, Recall: 1.0000, Specificity: 0.0000, F1-Score: 0.6667 
13:38:42 : Epoch [4/50], Loss: 0.6933, Accuracy: 0.5000, Precision: 0.5000, Recall: 1.0000, Specificity: 0.0000, F1-Score: 0.6667 
13:38:51 : Epoch [5/50], Loss: 0.6966, Accuracy: 0.5000, Precision: 0.0000, Recall: 0.0000, Specificity: 1.0000, F1-Score: 0.0000 
13:39:05 : Epoch [6/50], Loss: 0.6948, Accuracy: 0.5000, Precision: 0.5000, Recall: 1.0000, Specificity: 0.0000, F1-Score: 0.6667 
13:39:14 : Epoch [7/50], Loss: 0.6932, Accuracy: 0.5000, Precision: 0.5000, Recall: 1.0000, Specificity: 0.0000, F1-Score: 0.6667 
13:39:22 : Epoch [8/50], Loss: 0.6943, Accuracy: 0.5000, Precision: 0.5000, Recall: 1.0000, Specificity: 0.0000, F1-Score: 0.6667 
13:39:30 : Epoch [9/50], Loss: 0.6932, Accuracy: 0.5000, Precision: 0.0000, Recall: 0.0000, Specificity: 1.0000, F1-Score: 0.0000 
13:39:38 : Epoch [10/50], Loss: 0.6955, Accuracy: 0.5000, Precision: 0.0000, Recall: 0.0000, Specificity: 1.0000, F1-Score: 0.0000 
13:39:47 : Epoch [11/50], Loss: 0.6931, Accuracy: 0.5000, Precision: 0.5000, Recall: 1.0000, Specificity: 0.0000, F1-Score: 0.6667 
13:39:55 : Epoch [12/50], Loss: 0.6942, Accuracy: 0.5000, Precision: 0.5000, Recall: 1.0000, Specificity: 0.0000, F1-Score: 0.6667 
13:40:04 : Epoch [13/50], Loss: 0.6931, Accuracy: 0.5000, Precision: 0.5000, Recall: 1.0000, Specificity: 0.0000, F1-Score: 0.6667 
13:40:12 : Epoch [14/50], Loss: 0.6939, Accuracy: 0.5000, Precision: 0.5000, Recall: 1.0000, Specificity: 0.0000, F1-Score: 0.6667 
13:40:20 : Epoch [15/50], Loss: 0.6934, Accuracy: 0.5000, Precision: 0.5000, Recall: 1.0000, Specificity: 0.0000, F1-Score: 0.6667 
13:40:29 : Epoch [16/50], Loss: 0.6934, Accuracy: 0.5000, Precision: 0.0000, Recall: 0.0000, Specificity: 1.0000, F1-Score: 0.0000 
13:40:37 : Epoch [17/50], Loss: 0.6932, Accuracy: 0.5000, Precision: 0.5000, Recall: 1.0000, Specificity: 0.0000, F1-Score: 0.6667 
13:40:45 : Epoch [18/50], Loss: 0.6932, Accuracy: 0.5000, Precision: 0.5000, Recall: 1.0000, Specificity: 0.0000, F1-Score: 0.6667 
13:40:54 : Epoch [19/50], Loss: 0.6932, Accuracy: 0.5000, Precision: 0.0000, Recall: 0.0000, Specificity: 1.0000, F1-Score: 0.0000 
13:41:02 : Epoch [20/50], Loss: 0.6940, Accuracy: 0.5000, Precision: 0.0000, Recall: 0.0000, Specificity: 1.0000, F1-Score: 0.0000 
13:41:10 : Epoch [21/50], Loss: 0.6935, Accuracy: 0.5000, Precision: 0.0000, Recall: 0.0000, Specificity: 1.0000, F1-Score: 0.0000 
13:41:18 : Epoch [22/50], Loss: 0.6932, Accuracy: 0.5000, Precision: 0.0000, Recall: 0.0000, Specificity: 1.0000, F1-Score: 0.0000 
13:41:26 : Epoch [23/50], Loss: 0.6936, Accuracy: 0.5000, Precision: 0.0000, Recall: 0.0000, Specificity: 1.0000, F1-Score: 0.0000 
13:41:35 : Epoch [24/50], Loss: 0.6931, Accuracy: 0.5000, Precision: 0.5000, Recall: 1.0000, Specificity: 0.0000, F1-Score: 0.6667 
13:41:43 : Epoch [25/50], Loss: 0.6932, Accuracy: 0.5000, Precision: 0.5000, Recall: 1.0000, Specificity: 0.0000, F1-Score: 0.6667 
13:41:51 : Epoch [26/50], Loss: 0.6935, Accuracy: 0.5000, Precision: 0.5000, Recall: 1.0000, Specificity: 0.0000, F1-Score: 0.6667 
13:41:59 : Epoch [27/50], Loss: 0.6931, Accuracy: 0.5000, Precision: 0.0000, Recall: 0.0000, Specificity: 1.0000, F1-Score: 0.0000 
13:42:07 : Epoch [28/50], Loss: 0.6934, Accuracy: 0.5000, Precision: 0.5000, Recall: 1.0000, Specificity: 0.0000, F1-Score: 0.6667 
13:42:16 : Epoch [29/50], Loss: 0.6937, Accuracy: 0.5000, Precision: 0.5000, Recall: 1.0000, Specificity: 0.0000, F1-Score: 0.6667 
13:42:24 : Epoch [30/50], Loss: 0.6932, Accuracy: 0.5000, Precision: 0.5000, Recall: 1.0000, Specificity: 0.0000, F1-Score: 0.6667 
13:42:32 : Epoch [31/50], Loss: 0.6935, Accuracy: 0.5000, Precision: 0.0000, Recall: 0.0000, Specificity: 1.0000, F1-Score: 0.0000 
13:42:40 : Epoch [32/50], Loss: 0.6932, Accuracy: 0.5000, Precision: 0.0000, Recall: 0.0000, Specificity: 1.0000, F1-Score: 0.0000 
13:42:48 : Epoch [33/50], Loss: 0.6949, Accuracy: 0.5000, Precision: 0.5000, Recall: 1.0000, Specificity: 0.0000, F1-Score: 0.6667 
13:42:57 : Epoch [34/50], Loss: 0.6932, Accuracy: 0.5000, Precision: 0.5000, Recall: 1.0000, Specificity: 0.0000, F1-Score: 0.6667 
13:43:05 : Epoch [35/50], Loss: 0.6933, Accuracy: 0.5000, Precision: 0.0000, Recall: 0.0000, Specificity: 1.0000, F1-Score: 0.0000 
13:43:13 : Epoch [36/50], Loss: 0.6932, Accuracy: 0.5000, Precision: 0.5000, Recall: 1.0000, Specificity: 0.0000, F1-Score: 0.6667 
13:43:22 : Epoch [37/50], Loss: 0.6931, Accuracy: 0.5000, Precision: 0.0000, Recall: 0.0000, Specificity: 1.0000, F1-Score: 0.0000 
13:43:30 : Epoch [38/50], Loss: 0.6932, Accuracy: 0.5000, Precision: 0.5000, Recall: 1.0000, Specificity: 0.0000, F1-Score: 0.6667 
13:43:39 : Epoch [39/50], Loss: 0.6933, Accuracy: 0.5000, Precision: 0.0000, Recall: 0.0000, Specificity: 1.0000, F1-Score: 0.0000 
13:43:47 : Epoch [40/50], Loss: 0.6933, Accuracy: 0.5000, Precision: 0.0000, Recall: 0.0000, Specificity: 1.0000, F1-Score: 0.0000 
13:43:55 : Epoch [41/50], Loss: 0.6932, Accuracy: 0.5000, Precision: 0.0000, Recall: 0.0000, Specificity: 1.0000, F1-Score: 0.0000 
13:44:04 : Epoch [42/50], Loss: 0.6933, Accuracy: 0.5000, Precision: 0.5000, Recall: 1.0000, Specificity: 0.0000, F1-Score: 0.6667 
13:44:12 : Epoch [43/50], Loss: 0.6931, Accuracy: 0.5000, Precision: 0.5000, Recall: 1.0000, Specificity: 0.0000, F1-Score: 0.6667 
13:44:20 : Epoch [44/50], Loss: 0.6932, Accuracy: 0.5000, Precision: 0.0000, Recall: 0.0000, Specificity: 1.0000, F1-Score: 0.0000 
13:44:28 : Epoch [45/50], Loss: 0.6935, Accuracy: 0.5000, Precision: 0.0000, Recall: 0.0000, Specificity: 1.0000, F1-Score: 0.0000 
13:44:37 : Epoch [46/50], Loss: 0.6934, Accuracy: 0.5000, Precision: 0.0000, Recall: 0.0000, Specificity: 1.0000, F1-Score: 0.0000 
13:44:45 : Epoch [47/50], Loss: 0.6932, Accuracy: 0.5000, Precision: 0.5000, Recall: 1.0000, Specificity: 0.0000, F1-Score: 0.6667 
13:44:54 : Epoch [48/50], Loss: 0.6932, Accuracy: 0.5000, Precision: 0.5000, Recall: 1.0000, Specificity: 0.0000, F1-Score: 0.6667 
13:45:03 : Epoch [49/50], Loss: 0.6937, Accuracy: 0.5000, Precision: 0.5000, Recall: 1.0000, Specificity: 0.0000, F1-Score: 0.6667 
13:45:12 : Epoch [50/50], Loss: 0.6937, Accuracy: 0.5000, Precision: 0.5000, Recall: 1.0000, Specificity: 0.0000, F1-Score: 0.6667 
13:47:12 : Test Loss: 0.7238, Test Accuracy: 0.0306, Test Precision: 0.0306, Test Recall: 1.0000, Test Specificity: 0.0000, Test F1-Score: 0.0594 
13:47:12 : Total Time taken: 564.7321892999971 Seconds 
13:47:12 : ============================================================================= 
13:47:12 : learinng rate of 0.001 
13:47:12 : Path identified is C:\Users\bt22aak\GPU_DS\Exp_5\Exp_5_1_MultipleChecks\Balanced and C:\Users\bt22aak\GPU_DS\Exp_5\Exp_5_1_MultipleChecks\Unbalanced 
13:47:12 : Starting the processing of Exp_5_1_MultipleChecks_b32e50L0.001 
13:47:31 : Running on GPU 
13:47:31 : Model is Exp_5_1_MultipleChecks_b32e50L0.001 
13:47:45 : Epoch [1/50], Loss: 0.2158, Accuracy: 0.9457, Precision: 0.9331, Recall: 0.9603, Specificity: 0.9311, F1-Score: 0.9465 
13:48:00 : Epoch [2/50], Loss: 0.2815, Accuracy: 0.9436, Precision: 0.9126, Recall: 0.9812, Specificity: 0.9061, F1-Score: 0.9457 
13:48:15 : Epoch [3/50], Loss: 0.2818, Accuracy: 0.9520, Precision: 0.9204, Recall: 0.9896, Specificity: 0.9144, F1-Score: 0.9537 
13:48:29 : Epoch [4/50], Loss: 0.2070, Accuracy: 0.9687, Precision: 0.9726, Recall: 0.9645, Specificity: 0.9729, F1-Score: 0.9686 
13:48:44 : Epoch [5/50], Loss: 0.3033, Accuracy: 0.9656, Precision: 0.9514, Recall: 0.9812, Specificity: 0.9499, F1-Score: 0.9661 
13:48:58 : Epoch [6/50], Loss: 0.2427, Accuracy: 0.9645, Precision: 0.9406, Recall: 0.9916, Specificity: 0.9374, F1-Score: 0.9654 
13:49:13 : Epoch [7/50], Loss: 0.3503, Accuracy: 0.9718, Precision: 0.9689, Recall: 0.9749, Specificity: 0.9687, F1-Score: 0.9719 
13:49:28 : Epoch [8/50], Loss: 0.3784, Accuracy: 0.9729, Precision: 0.9632, Recall: 0.9833, Specificity: 0.9624, F1-Score: 0.9731 
13:49:43 : Epoch [9/50], Loss: 0.4662, Accuracy: 0.9697, Precision: 0.9555, Recall: 0.9854, Specificity: 0.9541, F1-Score: 0.9702 
13:49:57 : Epoch [10/50], Loss: 0.4761, Accuracy: 0.9676, Precision: 0.9609, Recall: 0.9749, Specificity: 0.9603, F1-Score: 0.9679 
13:50:11 : Epoch [11/50], Loss: 0.5950, Accuracy: 0.9697, Precision: 0.9592, Recall: 0.9812, Specificity: 0.9582, F1-Score: 0.9701 
13:50:22 : Epoch [12/50], Loss: 0.6128, Accuracy: 0.9666, Precision: 0.9515, Recall: 0.9833, Specificity: 0.9499, F1-Score: 0.9671 
13:50:30 : Epoch [13/50], Loss: 0.4211, Accuracy: 0.9718, Precision: 0.9650, Recall: 0.9791, Specificity: 0.9645, F1-Score: 0.9720 
13:50:39 : Epoch [14/50], Loss: 0.5750, Accuracy: 0.9645, Precision: 0.9607, Recall: 0.9687, Specificity: 0.9603, F1-Score: 0.9647 
13:50:47 : Epoch [15/50], Loss: 1.0009, Accuracy: 0.9666, Precision: 0.9552, Recall: 0.9791, Specificity: 0.9541, F1-Score: 0.9670 
13:50:56 : Epoch [16/50], Loss: 0.5423, Accuracy: 0.9687, Precision: 0.9726, Recall: 0.9645, Specificity: 0.9729, F1-Score: 0.9686 
13:51:04 : Epoch [17/50], Loss: 0.7912, Accuracy: 0.9656, Precision: 0.9551, Recall: 0.9770, Specificity: 0.9541, F1-Score: 0.9659 
13:51:12 : Epoch [18/50], Loss: 0.6026, Accuracy: 0.9687, Precision: 0.9572, Recall: 0.9812, Specificity: 0.9562, F1-Score: 0.9691 
13:51:21 : Epoch [19/50], Loss: 0.4772, Accuracy: 0.9614, Precision: 0.9438, Recall: 0.9812, Specificity: 0.9415, F1-Score: 0.9621 
13:51:29 : Epoch [20/50], Loss: 0.2914, Accuracy: 0.9541, Precision: 0.9657, Recall: 0.9415, Specificity: 0.9666, F1-Score: 0.9535 
13:51:38 : Epoch [21/50], Loss: 0.3880, Accuracy: 0.9582, Precision: 0.9526, Recall: 0.9645, Specificity: 0.9520, F1-Score: 0.9585 
13:51:46 : Epoch [22/50], Loss: 0.6624, Accuracy: 0.9635, Precision: 0.9494, Recall: 0.9791, Specificity: 0.9478, F1-Score: 0.9640 
13:51:55 : Epoch [23/50], Loss: 0.6917, Accuracy: 0.9624, Precision: 0.9548, Recall: 0.9708, Specificity: 0.9541, F1-Score: 0.9627 
13:52:03 : Epoch [24/50], Loss: 0.9217, Accuracy: 0.9572, Precision: 0.9398, Recall: 0.9770, Specificity: 0.9374, F1-Score: 0.9580 
13:52:11 : Epoch [25/50], Loss: 1.0179, Accuracy: 0.9624, Precision: 0.9493, Recall: 0.9770, Specificity: 0.9478, F1-Score: 0.9630 
13:52:19 : Epoch [26/50], Loss: 1.0595, Accuracy: 0.9624, Precision: 0.9493, Recall: 0.9770, Specificity: 0.9478, F1-Score: 0.9630 
13:52:28 : Epoch [27/50], Loss: 1.0949, Accuracy: 0.9614, Precision: 0.9474, Recall: 0.9770, Specificity: 0.9457, F1-Score: 0.9620 
13:52:36 : Epoch [28/50], Loss: 1.1689, Accuracy: 0.9603, Precision: 0.9437, Recall: 0.9791, Specificity: 0.9415, F1-Score: 0.9611 
13:52:44 : Epoch [29/50], Loss: 1.0967, Accuracy: 0.9593, Precision: 0.9472, Recall: 0.9729, Specificity: 0.9457, F1-Score: 0.9598 
13:52:52 : Epoch [30/50], Loss: 0.3546, Accuracy: 0.9520, Precision: 0.9253, Recall: 0.9833, Specificity: 0.9207, F1-Score: 0.9534 
13:53:01 : Epoch [31/50], Loss: 0.5928, Accuracy: 0.9603, Precision: 0.9528, Recall: 0.9687, Specificity: 0.9520, F1-Score: 0.9607 
13:53:09 : Epoch [32/50], Loss: 0.8303, Accuracy: 0.9614, Precision: 0.9492, Recall: 0.9749, Specificity: 0.9478, F1-Score: 0.9619 
13:53:18 : Epoch [33/50], Loss: 1.1036, Accuracy: 0.9614, Precision: 0.9402, Recall: 0.9854, Specificity: 0.9374, F1-Score: 0.9623 
13:53:27 : Epoch [34/50], Loss: 1.0396, Accuracy: 0.9593, Precision: 0.9490, Recall: 0.9708, Specificity: 0.9478, F1-Score: 0.9598 
13:53:35 : Epoch [35/50], Loss: 1.0652, Accuracy: 0.9593, Precision: 0.9472, Recall: 0.9729, Specificity: 0.9457, F1-Score: 0.9598 
13:53:44 : Epoch [36/50], Loss: 1.1597, Accuracy: 0.9614, Precision: 0.9529, Recall: 0.9708, Specificity: 0.9520, F1-Score: 0.9617 
13:53:53 : Epoch [37/50], Loss: 1.1644, Accuracy: 0.9614, Precision: 0.9492, Recall: 0.9749, Specificity: 0.9478, F1-Score: 0.9619 
13:54:01 : Epoch [38/50], Loss: 1.2660, Accuracy: 0.9614, Precision: 0.9529, Recall: 0.9708, Specificity: 0.9520, F1-Score: 0.9617 
13:54:09 : Epoch [39/50], Loss: 1.2713, Accuracy: 0.9624, Precision: 0.9511, Recall: 0.9749, Specificity: 0.9499, F1-Score: 0.9629 
13:54:18 : Epoch [40/50], Loss: 1.3031, Accuracy: 0.9635, Precision: 0.9494, Recall: 0.9791, Specificity: 0.9478, F1-Score: 0.9640 
13:54:27 : Epoch [41/50], Loss: 1.3537, Accuracy: 0.9635, Precision: 0.9531, Recall: 0.9749, Specificity: 0.9520, F1-Score: 0.9639 
13:54:35 : Epoch [42/50], Loss: 1.3872, Accuracy: 0.9635, Precision: 0.9531, Recall: 0.9749, Specificity: 0.9520, F1-Score: 0.9639 
13:54:44 : Epoch [43/50], Loss: 1.4216, Accuracy: 0.9645, Precision: 0.9532, Recall: 0.9770, Specificity: 0.9520, F1-Score: 0.9649 
13:54:53 : Epoch [44/50], Loss: 1.4675, Accuracy: 0.9645, Precision: 0.9532, Recall: 0.9770, Specificity: 0.9520, F1-Score: 0.9649 
13:55:01 : Epoch [45/50], Loss: 1.5234, Accuracy: 0.9635, Precision: 0.9531, Recall: 0.9749, Specificity: 0.9520, F1-Score: 0.9639 
13:55:10 : Epoch [46/50], Loss: 1.5938, Accuracy: 0.9635, Precision: 0.9531, Recall: 0.9749, Specificity: 0.9520, F1-Score: 0.9639 
13:55:19 : Epoch [47/50], Loss: 1.6304, Accuracy: 0.9635, Precision: 0.9531, Recall: 0.9749, Specificity: 0.9520, F1-Score: 0.9639 
13:55:27 : Epoch [48/50], Loss: 1.7133, Accuracy: 0.9635, Precision: 0.9531, Recall: 0.9749, Specificity: 0.9520, F1-Score: 0.9639 
13:55:36 : Epoch [49/50], Loss: 1.8143, Accuracy: 0.9635, Precision: 0.9531, Recall: 0.9749, Specificity: 0.9520, F1-Score: 0.9639 
13:55:45 : Epoch [50/50], Loss: 2.0218, Accuracy: 0.9624, Precision: 0.9511, Recall: 0.9749, Specificity: 0.9499, F1-Score: 0.9629 
13:57:10 : Test Loss: 0.7377, Test Accuracy: 0.9587, Test Precision: 0.4251, Test Recall: 0.9937, Test Specificity: 0.9576, Test F1-Score: 0.5955 
13:57:10 : Total Time taken: 598.2550220000048 Seconds 
13:57:10 : ============================================================================= 
13:57:10 : learinng rate of 1e-06 
13:57:10 : Path identified is C:\Users\bt22aak\GPU_DS\Exp_5\Exp_5_1_MultipleChecks\Balanced and C:\Users\bt22aak\GPU_DS\Exp_5\Exp_5_1_MultipleChecks\Unbalanced 
13:57:10 : Starting the processing of Exp_5_1_MultipleChecks_b32e50L1e-06 
13:57:27 : Running on GPU 
13:57:27 : Model is Exp_5_1_MultipleChecks_b32e50L1e-06 
13:57:36 : Epoch [1/50], Loss: 0.6065, Accuracy: 0.8111, Precision: 0.7321, Recall: 0.9812, Specificity: 0.6409, F1-Score: 0.8385 
13:57:45 : Epoch [2/50], Loss: 0.5262, Accuracy: 0.8737, Precision: 0.8003, Recall: 0.9958, Specificity: 0.7516, F1-Score: 0.8874 
13:57:54 : Epoch [3/50], Loss: 0.4560, Accuracy: 0.8956, Precision: 0.8354, Recall: 0.9854, Specificity: 0.8058, F1-Score: 0.9042 
13:58:03 : Epoch [4/50], Loss: 0.3983, Accuracy: 0.9228, Precision: 0.8857, Recall: 0.9708, Specificity: 0.8747, F1-Score: 0.9263 
13:58:11 : Epoch [5/50], Loss: 0.3510, Accuracy: 0.9311, Precision: 0.9122, Recall: 0.9541, Specificity: 0.9081, F1-Score: 0.9327 
13:58:20 : Epoch [6/50], Loss: 0.3195, Accuracy: 0.9332, Precision: 0.9209, Recall: 0.9478, Specificity: 0.9186, F1-Score: 0.9342 
13:58:29 : Epoch [7/50], Loss: 0.3000, Accuracy: 0.9311, Precision: 0.9240, Recall: 0.9395, Specificity: 0.9228, F1-Score: 0.9317 
13:58:38 : Epoch [8/50], Loss: 0.2875, Accuracy: 0.9332, Precision: 0.9278, Recall: 0.9395, Specificity: 0.9269, F1-Score: 0.9336 
13:58:46 : Epoch [9/50], Loss: 0.2789, Accuracy: 0.9342, Precision: 0.9298, Recall: 0.9395, Specificity: 0.9290, F1-Score: 0.9346 
13:58:55 : Epoch [10/50], Loss: 0.2738, Accuracy: 0.9353, Precision: 0.9317, Recall: 0.9395, Specificity: 0.9311, F1-Score: 0.9356 
13:59:04 : Epoch [11/50], Loss: 0.2704, Accuracy: 0.9405, Precision: 0.9360, Recall: 0.9457, Specificity: 0.9353, F1-Score: 0.9408 
13:59:13 : Epoch [12/50], Loss: 0.2699, Accuracy: 0.9426, Precision: 0.9380, Recall: 0.9478, Specificity: 0.9374, F1-Score: 0.9429 
13:59:21 : Epoch [13/50], Loss: 0.2673, Accuracy: 0.9426, Precision: 0.9380, Recall: 0.9478, Specificity: 0.9374, F1-Score: 0.9429 
13:59:30 : Epoch [14/50], Loss: 0.2654, Accuracy: 0.9457, Precision: 0.9384, Recall: 0.9541, Specificity: 0.9374, F1-Score: 0.9462 
13:59:39 : Epoch [15/50], Loss: 0.2648, Accuracy: 0.9457, Precision: 0.9366, Recall: 0.9562, Specificity: 0.9353, F1-Score: 0.9463 
13:59:48 : Epoch [16/50], Loss: 0.2658, Accuracy: 0.9457, Precision: 0.9366, Recall: 0.9562, Specificity: 0.9353, F1-Score: 0.9463 
13:59:56 : Epoch [17/50], Loss: 0.2653, Accuracy: 0.9468, Precision: 0.9367, Recall: 0.9582, Specificity: 0.9353, F1-Score: 0.9474 
14:00:05 : Epoch [18/50], Loss: 0.2667, Accuracy: 0.9468, Precision: 0.9367, Recall: 0.9582, Specificity: 0.9353, F1-Score: 0.9474 
14:00:14 : Epoch [19/50], Loss: 0.2685, Accuracy: 0.9447, Precision: 0.9365, Recall: 0.9541, Specificity: 0.9353, F1-Score: 0.9452 
14:00:22 : Epoch [20/50], Loss: 0.2690, Accuracy: 0.9457, Precision: 0.9384, Recall: 0.9541, Specificity: 0.9374, F1-Score: 0.9462 
14:00:31 : Epoch [21/50], Loss: 0.2700, Accuracy: 0.9468, Precision: 0.9385, Recall: 0.9562, Specificity: 0.9374, F1-Score: 0.9473 
14:00:40 : Epoch [22/50], Loss: 0.2693, Accuracy: 0.9489, Precision: 0.9388, Recall: 0.9603, Specificity: 0.9374, F1-Score: 0.9494 
14:00:49 : Epoch [23/50], Loss: 0.2720, Accuracy: 0.9468, Precision: 0.9403, Recall: 0.9541, Specificity: 0.9395, F1-Score: 0.9472 
14:00:57 : Epoch [24/50], Loss: 0.2727, Accuracy: 0.9489, Precision: 0.9406, Recall: 0.9582, Specificity: 0.9395, F1-Score: 0.9493 
14:01:06 : Epoch [25/50], Loss: 0.2722, Accuracy: 0.9489, Precision: 0.9424, Recall: 0.9562, Specificity: 0.9415, F1-Score: 0.9492 
14:01:15 : Epoch [26/50], Loss: 0.2724, Accuracy: 0.9509, Precision: 0.9426, Recall: 0.9603, Specificity: 0.9415, F1-Score: 0.9514 
14:01:24 : Epoch [27/50], Loss: 0.2757, Accuracy: 0.9478, Precision: 0.9441, Recall: 0.9520, Specificity: 0.9436, F1-Score: 0.9480 
14:01:32 : Epoch [28/50], Loss: 0.2726, Accuracy: 0.9530, Precision: 0.9447, Recall: 0.9624, Specificity: 0.9436, F1-Score: 0.9535 
14:01:41 : Epoch [29/50], Loss: 0.2729, Accuracy: 0.9530, Precision: 0.9447, Recall: 0.9624, Specificity: 0.9436, F1-Score: 0.9535 
14:01:50 : Epoch [30/50], Loss: 0.2735, Accuracy: 0.9530, Precision: 0.9447, Recall: 0.9624, Specificity: 0.9436, F1-Score: 0.9535 
14:01:58 : Epoch [31/50], Loss: 0.2756, Accuracy: 0.9509, Precision: 0.9463, Recall: 0.9562, Specificity: 0.9457, F1-Score: 0.9512 
14:02:07 : Epoch [32/50], Loss: 0.2733, Accuracy: 0.9551, Precision: 0.9467, Recall: 0.9645, Specificity: 0.9457, F1-Score: 0.9555 
14:02:16 : Epoch [33/50], Loss: 0.2738, Accuracy: 0.9551, Precision: 0.9467, Recall: 0.9645, Specificity: 0.9457, F1-Score: 0.9555 
14:02:25 : Epoch [34/50], Loss: 0.2747, Accuracy: 0.9551, Precision: 0.9467, Recall: 0.9645, Specificity: 0.9457, F1-Score: 0.9555 
14:02:34 : Epoch [35/50], Loss: 0.2749, Accuracy: 0.9541, Precision: 0.9466, Recall: 0.9624, Specificity: 0.9457, F1-Score: 0.9545 
14:02:42 : Epoch [36/50], Loss: 0.2767, Accuracy: 0.9541, Precision: 0.9485, Recall: 0.9603, Specificity: 0.9478, F1-Score: 0.9544 
14:02:51 : Epoch [37/50], Loss: 0.2749, Accuracy: 0.9551, Precision: 0.9467, Recall: 0.9645, Specificity: 0.9457, F1-Score: 0.9555 
14:03:00 : Epoch [38/50], Loss: 0.2738, Accuracy: 0.9551, Precision: 0.9486, Recall: 0.9624, Specificity: 0.9478, F1-Score: 0.9554 
14:03:09 : Epoch [39/50], Loss: 0.2762, Accuracy: 0.9572, Precision: 0.9525, Recall: 0.9624, Specificity: 0.9520, F1-Score: 0.9574 
14:03:18 : Epoch [40/50], Loss: 0.2747, Accuracy: 0.9572, Precision: 0.9525, Recall: 0.9624, Specificity: 0.9520, F1-Score: 0.9574 
14:03:28 : Epoch [41/50], Loss: 0.2730, Accuracy: 0.9572, Precision: 0.9488, Recall: 0.9666, Specificity: 0.9478, F1-Score: 0.9576 
14:03:37 : Epoch [42/50], Loss: 0.2732, Accuracy: 0.9562, Precision: 0.9468, Recall: 0.9666, Specificity: 0.9457, F1-Score: 0.9566 
14:03:46 : Epoch [43/50], Loss: 0.2729, Accuracy: 0.9562, Precision: 0.9450, Recall: 0.9687, Specificity: 0.9436, F1-Score: 0.9567 
14:03:55 : Epoch [44/50], Loss: 0.2756, Accuracy: 0.9562, Precision: 0.9543, Recall: 0.9582, Specificity: 0.9541, F1-Score: 0.9562 
14:04:04 : Epoch [45/50], Loss: 0.2730, Accuracy: 0.9593, Precision: 0.9527, Recall: 0.9666, Specificity: 0.9520, F1-Score: 0.9596 
14:04:13 : Epoch [46/50], Loss: 0.2714, Accuracy: 0.9562, Precision: 0.9524, Recall: 0.9603, Specificity: 0.9520, F1-Score: 0.9563 
14:04:22 : Epoch [47/50], Loss: 0.2712, Accuracy: 0.9603, Precision: 0.9528, Recall: 0.9687, Specificity: 0.9520, F1-Score: 0.9607 
14:04:32 : Epoch [48/50], Loss: 0.2702, Accuracy: 0.9603, Precision: 0.9528, Recall: 0.9687, Specificity: 0.9520, F1-Score: 0.9607 
14:04:41 : Epoch [49/50], Loss: 0.2701, Accuracy: 0.9582, Precision: 0.9526, Recall: 0.9645, Specificity: 0.9520, F1-Score: 0.9585 
14:04:50 : Epoch [50/50], Loss: 0.2700, Accuracy: 0.9582, Precision: 0.9526, Recall: 0.9645, Specificity: 0.9520, F1-Score: 0.9585 
14:06:24 : Test Loss: 0.1456, Test Accuracy: 0.9535, Test Precision: 0.3949, Test Recall: 0.9770, Test Specificity: 0.9527, Test F1-Score: 0.5624 
14:06:24 : Total Time taken: 553.2266670999961 Seconds 
