13:45:30 : Path identified is C:\Users\bt22aak\GPU_DS\Exp_1\Exp_1_1_MultipleChecks\Balanced and C:\Users\bt22aak\GPU_DS\Exp_1\Exp_1_1_MultipleChecks\Unbalanced 
13:45:30 : Starting the processing of Exp_1_1_MultipleChecks_b32e50L0.01 
13:45:50 : Running on GPU 
13:45:50 : Model is Exp_1_1_MultipleChecks_b32e50L0.01 
13:46:08 : Epoch [1/50], Loss: 0.6913, Accuracy: 0.5000, Precision: 0.0000, Recall: 0.0000, Specificity: 1.0000, F1-Score: 0.0000 
13:46:20 : Epoch [2/50], Loss: 0.6793, Accuracy: 0.5000, Precision: 0.0000, Recall: 0.0000, Specificity: 1.0000, F1-Score: 0.0000 
13:46:32 : Epoch [3/50], Loss: 0.6984, Accuracy: 0.5000, Precision: 0.5000, Recall: 1.0000, Specificity: 0.0000, F1-Score: 0.6667 
13:46:45 : Epoch [4/50], Loss: 0.7125, Accuracy: 0.5000, Precision: 0.5000, Recall: 1.0000, Specificity: 0.0000, F1-Score: 0.6667 
13:46:57 : Epoch [5/50], Loss: 0.6861, Accuracy: 0.5000, Precision: 0.0000, Recall: 0.0000, Specificity: 1.0000, F1-Score: 0.0000 
13:47:09 : Epoch [6/50], Loss: 0.6934, Accuracy: 0.5000, Precision: 0.5000, Recall: 1.0000, Specificity: 0.0000, F1-Score: 0.6667 
13:47:18 : Epoch [7/50], Loss: 0.6807, Accuracy: 0.5000, Precision: 0.0000, Recall: 0.0000, Specificity: 1.0000, F1-Score: 0.0000 
13:47:26 : Epoch [8/50], Loss: 0.6846, Accuracy: 0.5000, Precision: 0.0000, Recall: 0.0000, Specificity: 1.0000, F1-Score: 0.0000 
13:47:38 : Epoch [9/50], Loss: 0.6801, Accuracy: 0.5000, Precision: 0.0000, Recall: 0.0000, Specificity: 1.0000, F1-Score: 0.0000 
13:47:53 : Epoch [10/50], Loss: 0.6839, Accuracy: 0.5000, Precision: 0.0000, Recall: 0.0000, Specificity: 1.0000, F1-Score: 0.0000 
13:48:08 : Epoch [11/50], Loss: 0.6991, Accuracy: 0.5000, Precision: 0.5000, Recall: 1.0000, Specificity: 0.0000, F1-Score: 0.6667 
13:48:22 : Epoch [12/50], Loss: 0.6860, Accuracy: 0.5000, Precision: 0.0000, Recall: 0.0000, Specificity: 1.0000, F1-Score: 0.0000 
13:48:37 : Epoch [13/50], Loss: 0.6691, Accuracy: 0.5000, Precision: 0.0000, Recall: 0.0000, Specificity: 1.0000, F1-Score: 0.0000 
13:48:51 : Epoch [14/50], Loss: 0.6964, Accuracy: 0.5000, Precision: 0.5000, Recall: 1.0000, Specificity: 0.0000, F1-Score: 0.6667 
13:49:05 : Epoch [15/50], Loss: 0.6802, Accuracy: 0.5000, Precision: 0.0000, Recall: 0.0000, Specificity: 1.0000, F1-Score: 0.0000 
13:49:20 : Epoch [16/50], Loss: 0.6826, Accuracy: 0.5000, Precision: 0.0000, Recall: 0.0000, Specificity: 1.0000, F1-Score: 0.0000 
13:49:35 : Epoch [17/50], Loss: 0.7078, Accuracy: 0.5000, Precision: 0.5000, Recall: 1.0000, Specificity: 0.0000, F1-Score: 0.6667 
13:49:50 : Epoch [18/50], Loss: 0.6950, Accuracy: 0.5000, Precision: 0.5000, Recall: 1.0000, Specificity: 0.0000, F1-Score: 0.6667 
13:50:04 : Epoch [19/50], Loss: 0.6921, Accuracy: 0.5000, Precision: 0.0000, Recall: 0.0000, Specificity: 1.0000, F1-Score: 0.0000 
14:07:13 : Learning rate is 0.001 
14:07:13 : Path identified is C:\Users\bt22aak\GPU_DS\Exp_1\Exp_1_1_MultipleChecks\Balanced and C:\Users\bt22aak\GPU_DS\Exp_1\Exp_1_1_MultipleChecks\Unbalanced 
14:07:13 : Starting the processing of Exp_1_1_MultipleChecks_b32e50L0.001 
14:07:30 : Running on GPU 
14:07:30 : Model is Exp_1_1_MultipleChecks_b32e50L0.001 
14:07:41 : Epoch [1/50], Loss: 0.6304, Accuracy: 0.9186, Precision: 0.8939, Recall: 0.9499, Specificity: 0.8873, F1-Score: 0.9211 
14:07:50 : Epoch [2/50], Loss: 0.3467, Accuracy: 0.9301, Precision: 0.9170, Recall: 0.9457, Specificity: 0.9144, F1-Score: 0.9311 
14:07:58 : Epoch [3/50], Loss: 0.3117, Accuracy: 0.9332, Precision: 0.9540, Recall: 0.9102, Specificity: 0.9562, F1-Score: 0.9316 
14:08:07 : Epoch [4/50], Loss: 0.3325, Accuracy: 0.9154, Precision: 0.8699, Recall: 0.9770, Specificity: 0.8539, F1-Score: 0.9204 
14:08:16 : Epoch [5/50], Loss: 0.3282, Accuracy: 0.9447, Precision: 0.9294, Recall: 0.9624, Specificity: 0.9269, F1-Score: 0.9456 
14:08:24 : Epoch [6/50], Loss: 0.3104, Accuracy: 0.9353, Precision: 0.9542, Recall: 0.9144, Specificity: 0.9562, F1-Score: 0.9339 
14:08:33 : Epoch [7/50], Loss: 0.5011, Accuracy: 0.9447, Precision: 0.9260, Recall: 0.9666, Specificity: 0.9228, F1-Score: 0.9459 
14:08:42 : Epoch [8/50], Loss: 0.4248, Accuracy: 0.9384, Precision: 0.9183, Recall: 0.9624, Specificity: 0.9144, F1-Score: 0.9399 
14:08:50 : Epoch [9/50], Loss: 0.4396, Accuracy: 0.9468, Precision: 0.9385, Recall: 0.9562, Specificity: 0.9374, F1-Score: 0.9473 
14:08:59 : Epoch [10/50], Loss: 0.5258, Accuracy: 0.9436, Precision: 0.9259, Recall: 0.9645, Specificity: 0.9228, F1-Score: 0.9448 
14:09:07 : Epoch [11/50], Loss: 0.6915, Accuracy: 0.9468, Precision: 0.9385, Recall: 0.9562, Specificity: 0.9374, F1-Score: 0.9473 
14:09:16 : Epoch [12/50], Loss: 0.7418, Accuracy: 0.9489, Precision: 0.9424, Recall: 0.9562, Specificity: 0.9415, F1-Score: 0.9492 
14:09:24 : Epoch [13/50], Loss: 0.7885, Accuracy: 0.9478, Precision: 0.9423, Recall: 0.9541, Specificity: 0.9415, F1-Score: 0.9481 
14:09:33 : Epoch [14/50], Loss: 0.8040, Accuracy: 0.9478, Precision: 0.9423, Recall: 0.9541, Specificity: 0.9415, F1-Score: 0.9481 
14:09:42 : Epoch [15/50], Loss: 0.8227, Accuracy: 0.9478, Precision: 0.9423, Recall: 0.9541, Specificity: 0.9415, F1-Score: 0.9481 
14:09:50 : Epoch [16/50], Loss: 0.9065, Accuracy: 0.9478, Precision: 0.9423, Recall: 0.9541, Specificity: 0.9415, F1-Score: 0.9481 
14:09:59 : Epoch [17/50], Loss: 0.9220, Accuracy: 0.9478, Precision: 0.9423, Recall: 0.9541, Specificity: 0.9415, F1-Score: 0.9481 
14:10:08 : Epoch [18/50], Loss: 0.9574, Accuracy: 0.9478, Precision: 0.9423, Recall: 0.9541, Specificity: 0.9415, F1-Score: 0.9481 
14:10:16 : Epoch [19/50], Loss: 0.9143, Accuracy: 0.9478, Precision: 0.9423, Recall: 0.9541, Specificity: 0.9415, F1-Score: 0.9481 
14:10:25 : Epoch [20/50], Loss: 0.9752, Accuracy: 0.9478, Precision: 0.9423, Recall: 0.9541, Specificity: 0.9415, F1-Score: 0.9481 
14:10:34 : Epoch [21/50], Loss: 0.9894, Accuracy: 0.9478, Precision: 0.9423, Recall: 0.9541, Specificity: 0.9415, F1-Score: 0.9481 
14:10:42 : Epoch [22/50], Loss: 0.9397, Accuracy: 0.9478, Precision: 0.9423, Recall: 0.9541, Specificity: 0.9415, F1-Score: 0.9481 
14:10:51 : Epoch [23/50], Loss: 0.9507, Accuracy: 0.9478, Precision: 0.9423, Recall: 0.9541, Specificity: 0.9415, F1-Score: 0.9481 
14:10:59 : Epoch [24/50], Loss: 1.0228, Accuracy: 0.9478, Precision: 0.9423, Recall: 0.9541, Specificity: 0.9415, F1-Score: 0.9481 
14:11:08 : Epoch [25/50], Loss: 0.9844, Accuracy: 0.9478, Precision: 0.9423, Recall: 0.9541, Specificity: 0.9415, F1-Score: 0.9481 
14:11:17 : Epoch [26/50], Loss: 1.0557, Accuracy: 0.9478, Precision: 0.9423, Recall: 0.9541, Specificity: 0.9415, F1-Score: 0.9481 
14:11:25 : Epoch [27/50], Loss: 1.0689, Accuracy: 0.9478, Precision: 0.9423, Recall: 0.9541, Specificity: 0.9415, F1-Score: 0.9481 
14:11:34 : Epoch [28/50], Loss: 1.0643, Accuracy: 0.9478, Precision: 0.9423, Recall: 0.9541, Specificity: 0.9415, F1-Score: 0.9481 
14:11:42 : Epoch [29/50], Loss: 1.0560, Accuracy: 0.9478, Precision: 0.9423, Recall: 0.9541, Specificity: 0.9415, F1-Score: 0.9481 
14:11:51 : Epoch [30/50], Loss: 1.1617, Accuracy: 0.9489, Precision: 0.9442, Recall: 0.9541, Specificity: 0.9436, F1-Score: 0.9491 
14:12:00 : Epoch [31/50], Loss: 1.0632, Accuracy: 0.9478, Precision: 0.9423, Recall: 0.9541, Specificity: 0.9415, F1-Score: 0.9481 
14:12:08 : Epoch [32/50], Loss: 0.9945, Accuracy: 0.9478, Precision: 0.9405, Recall: 0.9562, Specificity: 0.9395, F1-Score: 0.9482 
14:12:17 : Epoch [33/50], Loss: 1.0265, Accuracy: 0.9478, Precision: 0.9405, Recall: 0.9562, Specificity: 0.9395, F1-Score: 0.9482 
14:12:26 : Epoch [34/50], Loss: 1.1029, Accuracy: 0.9468, Precision: 0.9403, Recall: 0.9541, Specificity: 0.9395, F1-Score: 0.9472 
14:12:34 : Epoch [35/50], Loss: 1.1874, Accuracy: 0.9489, Precision: 0.9442, Recall: 0.9541, Specificity: 0.9436, F1-Score: 0.9491 
14:12:43 : Epoch [36/50], Loss: 1.1985, Accuracy: 0.9489, Precision: 0.9442, Recall: 0.9541, Specificity: 0.9436, F1-Score: 0.9491 
14:12:51 : Epoch [37/50], Loss: 1.0880, Accuracy: 0.9478, Precision: 0.9405, Recall: 0.9562, Specificity: 0.9395, F1-Score: 0.9482 
14:13:00 : Epoch [38/50], Loss: 1.1541, Accuracy: 0.9489, Precision: 0.9442, Recall: 0.9541, Specificity: 0.9436, F1-Score: 0.9491 
14:13:09 : Epoch [39/50], Loss: 1.2234, Accuracy: 0.9489, Precision: 0.9442, Recall: 0.9541, Specificity: 0.9436, F1-Score: 0.9491 
14:13:17 : Epoch [40/50], Loss: 1.0040, Accuracy: 0.9468, Precision: 0.9367, Recall: 0.9582, Specificity: 0.9353, F1-Score: 0.9474 
14:13:26 : Epoch [41/50], Loss: 1.1948, Accuracy: 0.9489, Precision: 0.9424, Recall: 0.9562, Specificity: 0.9415, F1-Score: 0.9492 
14:13:35 : Epoch [42/50], Loss: 1.2010, Accuracy: 0.9489, Precision: 0.9424, Recall: 0.9562, Specificity: 0.9415, F1-Score: 0.9492 
14:13:43 : Epoch [43/50], Loss: 1.0915, Accuracy: 0.9489, Precision: 0.9406, Recall: 0.9582, Specificity: 0.9395, F1-Score: 0.9493 
14:13:52 : Epoch [44/50], Loss: 1.1097, Accuracy: 0.9489, Precision: 0.9406, Recall: 0.9582, Specificity: 0.9395, F1-Score: 0.9493 
14:14:01 : Epoch [45/50], Loss: 1.2895, Accuracy: 0.9489, Precision: 0.9442, Recall: 0.9541, Specificity: 0.9436, F1-Score: 0.9491 
14:14:09 : Epoch [46/50], Loss: 1.2408, Accuracy: 0.9489, Precision: 0.9442, Recall: 0.9541, Specificity: 0.9436, F1-Score: 0.9491 
14:14:18 : Epoch [47/50], Loss: 1.3315, Accuracy: 0.9489, Precision: 0.9461, Recall: 0.9520, Specificity: 0.9457, F1-Score: 0.9490 
14:14:26 : Epoch [48/50], Loss: 1.2979, Accuracy: 0.9499, Precision: 0.9462, Recall: 0.9541, Specificity: 0.9457, F1-Score: 0.9501 
14:14:35 : Epoch [49/50], Loss: 1.1243, Accuracy: 0.9489, Precision: 0.9406, Recall: 0.9582, Specificity: 0.9395, F1-Score: 0.9493 
14:14:44 : Epoch [50/50], Loss: 1.1482, Accuracy: 0.9489, Precision: 0.9406, Recall: 0.9582, Specificity: 0.9395, F1-Score: 0.9493 
14:16:10 : Test Loss: 0.7194, Test Accuracy: 0.9380, Test Precision: 0.3292, Test Recall: 0.9890, Test Specificity: 0.9364, Test F1-Score: 0.4940 
14:16:10 : Total Time taken: 537.6964535000006 Seconds 
14:16:11 : Learning rate is 1e-05 
14:16:11 : Path identified is C:\Users\bt22aak\GPU_DS\Exp_1\Exp_1_1_MultipleChecks\Balanced and C:\Users\bt22aak\GPU_DS\Exp_1\Exp_1_1_MultipleChecks\Unbalanced 
14:16:11 : Starting the processing of Exp_1_1_MultipleChecks_b32e50L1e-05 
14:16:27 : Running on GPU 
14:16:27 : Model is Exp_1_1_MultipleChecks_b32e50L1e-05 
14:16:36 : Epoch [1/50], Loss: 0.6042, Accuracy: 0.8820, Precision: 0.8315, Recall: 0.9582, Specificity: 0.8058, F1-Score: 0.8904 
14:16:45 : Epoch [2/50], Loss: 0.5697, Accuracy: 0.8883, Precision: 0.8591, Recall: 0.9290, Specificity: 0.8476, F1-Score: 0.8927 
14:16:54 : Epoch [3/50], Loss: 0.6400, Accuracy: 0.9008, Precision: 0.8529, Recall: 0.9687, Specificity: 0.8330, F1-Score: 0.9071 
14:17:02 : Epoch [4/50], Loss: 0.5559, Accuracy: 0.9040, Precision: 0.8700, Recall: 0.9499, Specificity: 0.8580, F1-Score: 0.9082 
14:17:11 : Epoch [5/50], Loss: 0.5111, Accuracy: 0.9207, Precision: 0.9104, Recall: 0.9332, Specificity: 0.9081, F1-Score: 0.9216 
14:17:19 : Epoch [6/50], Loss: 0.5719, Accuracy: 0.9134, Precision: 0.8708, Recall: 0.9708, Specificity: 0.8559, F1-Score: 0.9181 
14:17:28 : Epoch [7/50], Loss: 0.5072, Accuracy: 0.9322, Precision: 0.9207, Recall: 0.9457, Specificity: 0.9186, F1-Score: 0.9331 
14:17:37 : Epoch [8/50], Loss: 0.5070, Accuracy: 0.9259, Precision: 0.9064, Recall: 0.9499, Specificity: 0.9019, F1-Score: 0.9276 
14:17:46 : Epoch [9/50], Loss: 0.5081, Accuracy: 0.9363, Precision: 0.9248, Recall: 0.9499, Specificity: 0.9228, F1-Score: 0.9372 
14:17:56 : Epoch [10/50], Loss: 0.4536, Accuracy: 0.9332, Precision: 0.9296, Recall: 0.9374, Specificity: 0.9290, F1-Score: 0.9335 
14:18:05 : Epoch [11/50], Loss: 0.4476, Accuracy: 0.9280, Precision: 0.9457, Recall: 0.9081, Specificity: 0.9478, F1-Score: 0.9265 
14:18:14 : Epoch [12/50], Loss: 0.4846, Accuracy: 0.9447, Precision: 0.9329, Recall: 0.9582, Specificity: 0.9311, F1-Score: 0.9454 
14:18:23 : Epoch [13/50], Loss: 0.4986, Accuracy: 0.9405, Precision: 0.9271, Recall: 0.9562, Specificity: 0.9248, F1-Score: 0.9414 
14:18:32 : Epoch [14/50], Loss: 0.4516, Accuracy: 0.9436, Precision: 0.9512, Recall: 0.9353, Specificity: 0.9520, F1-Score: 0.9432 
14:18:42 : Epoch [15/50], Loss: 0.4578, Accuracy: 0.9457, Precision: 0.9331, Recall: 0.9603, Specificity: 0.9311, F1-Score: 0.9465 
14:18:51 : Epoch [16/50], Loss: 0.4850, Accuracy: 0.9489, Precision: 0.9406, Recall: 0.9582, Specificity: 0.9395, F1-Score: 0.9493 
14:19:00 : Epoch [17/50], Loss: 0.4740, Accuracy: 0.9489, Precision: 0.9352, Recall: 0.9645, Specificity: 0.9332, F1-Score: 0.9496 
14:19:09 : Epoch [18/50], Loss: 0.4771, Accuracy: 0.9478, Precision: 0.9497, Recall: 0.9457, Specificity: 0.9499, F1-Score: 0.9477 
14:19:18 : Epoch [19/50], Loss: 0.5723, Accuracy: 0.9426, Precision: 0.9173, Recall: 0.9729, Specificity: 0.9123, F1-Score: 0.9443 
14:19:27 : Epoch [20/50], Loss: 0.4984, Accuracy: 0.9530, Precision: 0.9483, Recall: 0.9582, Specificity: 0.9478, F1-Score: 0.9533 
14:19:36 : Epoch [21/50], Loss: 0.5396, Accuracy: 0.9468, Precision: 0.9496, Recall: 0.9436, Specificity: 0.9499, F1-Score: 0.9466 
14:19:45 : Epoch [22/50], Loss: 0.5637, Accuracy: 0.9489, Precision: 0.9370, Recall: 0.9624, Specificity: 0.9353, F1-Score: 0.9495 
14:19:54 : Epoch [23/50], Loss: 0.4904, Accuracy: 0.9478, Precision: 0.9405, Recall: 0.9562, Specificity: 0.9395, F1-Score: 0.9482 
14:20:03 : Epoch [24/50], Loss: 0.5531, Accuracy: 0.9509, Precision: 0.9481, Recall: 0.9541, Specificity: 0.9478, F1-Score: 0.9511 
14:20:12 : Epoch [25/50], Loss: 0.5585, Accuracy: 0.9499, Precision: 0.9462, Recall: 0.9541, Specificity: 0.9457, F1-Score: 0.9501 
14:20:21 : Epoch [26/50], Loss: 0.5319, Accuracy: 0.9415, Precision: 0.9471, Recall: 0.9353, Specificity: 0.9478, F1-Score: 0.9412 
14:20:30 : Epoch [27/50], Loss: 0.5732, Accuracy: 0.9478, Precision: 0.9405, Recall: 0.9562, Specificity: 0.9395, F1-Score: 0.9482 
14:20:39 : Epoch [28/50], Loss: 0.5990, Accuracy: 0.9468, Precision: 0.9458, Recall: 0.9478, Specificity: 0.9457, F1-Score: 0.9468 
14:20:48 : Epoch [29/50], Loss: 0.5782, Accuracy: 0.9353, Precision: 0.9603, Recall: 0.9081, Specificity: 0.9624, F1-Score: 0.9335 
14:20:57 : Epoch [30/50], Loss: 0.5715, Accuracy: 0.9457, Precision: 0.9420, Recall: 0.9499, Specificity: 0.9415, F1-Score: 0.9459 
14:21:06 : Epoch [31/50], Loss: 0.5646, Accuracy: 0.9478, Precision: 0.9478, Recall: 0.9478, Specificity: 0.9478, F1-Score: 0.9478 
14:21:15 : Epoch [32/50], Loss: 0.6255, Accuracy: 0.9489, Precision: 0.9517, Recall: 0.9457, Specificity: 0.9520, F1-Score: 0.9487 
14:21:24 : Epoch [33/50], Loss: 0.5866, Accuracy: 0.9478, Precision: 0.9441, Recall: 0.9520, Specificity: 0.9436, F1-Score: 0.9480 
14:21:33 : Epoch [34/50], Loss: 0.6318, Accuracy: 0.9426, Precision: 0.9473, Recall: 0.9374, Specificity: 0.9478, F1-Score: 0.9423 
14:21:42 : Epoch [35/50], Loss: 0.8076, Accuracy: 0.9489, Precision: 0.9370, Recall: 0.9624, Specificity: 0.9353, F1-Score: 0.9495 
14:21:51 : Epoch [36/50], Loss: 0.6389, Accuracy: 0.9478, Precision: 0.9441, Recall: 0.9520, Specificity: 0.9436, F1-Score: 0.9480 
14:22:04 : Epoch [37/50], Loss: 0.5758, Accuracy: 0.9457, Precision: 0.9476, Recall: 0.9436, Specificity: 0.9478, F1-Score: 0.9456 
14:22:13 : Epoch [38/50], Loss: 0.6063, Accuracy: 0.9478, Precision: 0.9459, Recall: 0.9499, Specificity: 0.9457, F1-Score: 0.9479 
14:22:22 : Epoch [39/50], Loss: 0.6161, Accuracy: 0.9509, Precision: 0.9500, Recall: 0.9520, Specificity: 0.9499, F1-Score: 0.9510 
14:22:31 : Epoch [40/50], Loss: 0.6835, Accuracy: 0.9499, Precision: 0.9499, Recall: 0.9499, Specificity: 0.9499, F1-Score: 0.9499 
14:22:40 : Epoch [41/50], Loss: 0.6518, Accuracy: 0.9447, Precision: 0.9513, Recall: 0.9374, Specificity: 0.9520, F1-Score: 0.9443 
14:22:49 : Epoch [42/50], Loss: 0.6637, Accuracy: 0.9520, Precision: 0.9501, Recall: 0.9541, Specificity: 0.9499, F1-Score: 0.9521 
14:22:58 : Epoch [43/50], Loss: 0.6743, Accuracy: 0.9468, Precision: 0.9534, Recall: 0.9395, Specificity: 0.9541, F1-Score: 0.9464 
14:23:07 : Epoch [44/50], Loss: 0.7174, Accuracy: 0.9489, Precision: 0.9479, Recall: 0.9499, Specificity: 0.9478, F1-Score: 0.9489 
14:23:16 : Epoch [45/50], Loss: 0.6946, Accuracy: 0.9489, Precision: 0.9442, Recall: 0.9541, Specificity: 0.9436, F1-Score: 0.9491 
14:23:25 : Epoch [46/50], Loss: 0.7106, Accuracy: 0.9478, Precision: 0.9478, Recall: 0.9478, Specificity: 0.9478, F1-Score: 0.9478 
14:23:34 : Epoch [47/50], Loss: 0.7613, Accuracy: 0.9499, Precision: 0.9480, Recall: 0.9520, Specificity: 0.9478, F1-Score: 0.9500 
14:23:43 : Epoch [48/50], Loss: 0.7715, Accuracy: 0.9489, Precision: 0.9461, Recall: 0.9520, Specificity: 0.9457, F1-Score: 0.9490 
14:23:52 : Epoch [49/50], Loss: 0.7338, Accuracy: 0.9478, Precision: 0.9478, Recall: 0.9478, Specificity: 0.9478, F1-Score: 0.9478 
14:24:01 : Epoch [50/50], Loss: 0.7417, Accuracy: 0.9468, Precision: 0.9515, Recall: 0.9415, Specificity: 0.9520, F1-Score: 0.9465 
14:25:35 : Test Loss: 0.2933, Test Accuracy: 0.9518, Test Precision: 0.3870, Test Recall: 0.9843, Test Specificity: 0.9508, Test F1-Score: 0.5555 
14:25:35 : Total Time taken: 564.244999100003 Seconds 
14:25:35 : Learning rate is 1e-06 
14:25:35 : Path identified is C:\Users\bt22aak\GPU_DS\Exp_1\Exp_1_1_MultipleChecks\Balanced and C:\Users\bt22aak\GPU_DS\Exp_1\Exp_1_1_MultipleChecks\Unbalanced 
14:25:35 : Starting the processing of Exp_1_1_MultipleChecks_b32e50L1e-06 
14:26:06 : Running on GPU 
14:26:06 : Model is Exp_1_1_MultipleChecks_b32e50L1e-06 
14:26:15 : Epoch [1/50], Loss: 0.6993, Accuracy: 0.5407, Precision: 0.5213, Recall: 0.9979, Specificity: 0.0835, F1-Score: 0.6848 
14:26:24 : Epoch [2/50], Loss: 0.6778, Accuracy: 0.5658, Precision: 0.5354, Recall: 0.9958, Specificity: 0.1357, F1-Score: 0.6964 
14:26:33 : Epoch [3/50], Loss: 0.6485, Accuracy: 0.6106, Precision: 0.5628, Recall: 0.9916, Specificity: 0.2296, F1-Score: 0.7181 
14:26:42 : Epoch [4/50], Loss: 0.6268, Accuracy: 0.6482, Precision: 0.5887, Recall: 0.9833, Specificity: 0.3132, F1-Score: 0.7365 
14:26:51 : Epoch [5/50], Loss: 0.6200, Accuracy: 0.6628, Precision: 0.6003, Recall: 0.9749, Specificity: 0.3507, F1-Score: 0.7430 
14:27:01 : Epoch [6/50], Loss: 0.6063, Accuracy: 0.6754, Precision: 0.6108, Recall: 0.9666, Specificity: 0.3841, F1-Score: 0.7486 
14:27:09 : Epoch [7/50], Loss: 0.6067, Accuracy: 0.6879, Precision: 0.6210, Recall: 0.9645, Specificity: 0.4113, F1-Score: 0.7555 
14:27:18 : Epoch [8/50], Loss: 0.6044, Accuracy: 0.6931, Precision: 0.6269, Recall: 0.9541, Specificity: 0.4322, F1-Score: 0.7566 
14:27:26 : Epoch [9/50], Loss: 0.6053, Accuracy: 0.7015, Precision: 0.6338, Recall: 0.9541, Specificity: 0.4489, F1-Score: 0.7617 
14:27:35 : Epoch [10/50], Loss: 0.6021, Accuracy: 0.7056, Precision: 0.6378, Recall: 0.9520, Specificity: 0.4593, F1-Score: 0.7638 
14:27:44 : Epoch [11/50], Loss: 0.6002, Accuracy: 0.7056, Precision: 0.6381, Recall: 0.9499, Specificity: 0.4614, F1-Score: 0.7634 
14:27:52 : Epoch [12/50], Loss: 0.6143, Accuracy: 0.7077, Precision: 0.6392, Recall: 0.9541, Specificity: 0.4614, F1-Score: 0.7655 
14:28:01 : Epoch [13/50], Loss: 0.6042, Accuracy: 0.7140, Precision: 0.6450, Recall: 0.9520, Specificity: 0.4760, F1-Score: 0.7690 
14:28:10 : Epoch [14/50], Loss: 0.6076, Accuracy: 0.7119, Precision: 0.6440, Recall: 0.9478, Specificity: 0.4760, F1-Score: 0.7669 
14:28:18 : Epoch [15/50], Loss: 0.5938, Accuracy: 0.7109, Precision: 0.6443, Recall: 0.9415, Specificity: 0.4802, F1-Score: 0.7651 
14:28:27 : Epoch [16/50], Loss: 0.5856, Accuracy: 0.7129, Precision: 0.6474, Recall: 0.9353, Specificity: 0.4906, F1-Score: 0.7652 
14:28:36 : Epoch [17/50], Loss: 0.5928, Accuracy: 0.7129, Precision: 0.6470, Recall: 0.9374, Specificity: 0.4885, F1-Score: 0.7656 
14:28:45 : Epoch [18/50], Loss: 0.5919, Accuracy: 0.7150, Precision: 0.6488, Recall: 0.9374, Specificity: 0.4927, F1-Score: 0.7669 
14:28:53 : Epoch [19/50], Loss: 0.5902, Accuracy: 0.7182, Precision: 0.6517, Recall: 0.9374, Specificity: 0.4990, F1-Score: 0.7688 
14:29:02 : Epoch [20/50], Loss: 0.5966, Accuracy: 0.7213, Precision: 0.6541, Recall: 0.9395, Specificity: 0.5031, F1-Score: 0.7712 
14:29:11 : Epoch [21/50], Loss: 0.5816, Accuracy: 0.7213, Precision: 0.6554, Recall: 0.9332, Specificity: 0.5094, F1-Score: 0.7700 
14:29:19 : Epoch [22/50], Loss: 0.5851, Accuracy: 0.7234, Precision: 0.6574, Recall: 0.9332, Specificity: 0.5136, F1-Score: 0.7714 
14:29:28 : Epoch [23/50], Loss: 0.5867, Accuracy: 0.7244, Precision: 0.6579, Recall: 0.9353, Specificity: 0.5136, F1-Score: 0.7724 
14:29:36 : Epoch [24/50], Loss: 0.5861, Accuracy: 0.7255, Precision: 0.6588, Recall: 0.9353, Specificity: 0.5157, F1-Score: 0.7731 
14:29:45 : Epoch [25/50], Loss: 0.5751, Accuracy: 0.8873, Precision: 0.8547, Recall: 0.9332, Specificity: 0.8413, F1-Score: 0.8922 
14:29:54 : Epoch [26/50], Loss: 0.5784, Accuracy: 0.8873, Precision: 0.8547, Recall: 0.9332, Specificity: 0.8413, F1-Score: 0.8922 
14:30:03 : Epoch [27/50], Loss: 0.5720, Accuracy: 0.8894, Precision: 0.8580, Recall: 0.9332, Specificity: 0.8455, F1-Score: 0.8940 
14:30:11 : Epoch [28/50], Loss: 0.5735, Accuracy: 0.8894, Precision: 0.8580, Recall: 0.9332, Specificity: 0.8455, F1-Score: 0.8940 
14:30:20 : Epoch [29/50], Loss: 0.5645, Accuracy: 0.8925, Precision: 0.8629, Recall: 0.9332, Specificity: 0.8518, F1-Score: 0.8967 
14:30:29 : Epoch [30/50], Loss: 0.5649, Accuracy: 0.8956, Precision: 0.8680, Recall: 0.9332, Specificity: 0.8580, F1-Score: 0.8994 
14:30:37 : Epoch [31/50], Loss: 0.5605, Accuracy: 0.8977, Precision: 0.8728, Recall: 0.9311, Specificity: 0.8643, F1-Score: 0.9010 
14:30:46 : Epoch [32/50], Loss: 0.5609, Accuracy: 0.8977, Precision: 0.8728, Recall: 0.9311, Specificity: 0.8643, F1-Score: 0.9010 
14:30:55 : Epoch [33/50], Loss: 0.5638, Accuracy: 0.8998, Precision: 0.8762, Recall: 0.9311, Specificity: 0.8685, F1-Score: 0.9028 
14:31:03 : Epoch [34/50], Loss: 0.5564, Accuracy: 0.8987, Precision: 0.8760, Recall: 0.9290, Specificity: 0.8685, F1-Score: 0.9017 
14:31:12 : Epoch [35/50], Loss: 0.5545, Accuracy: 0.8987, Precision: 0.8775, Recall: 0.9269, Specificity: 0.8706, F1-Score: 0.9015 
14:31:21 : Epoch [36/50], Loss: 0.5561, Accuracy: 0.9008, Precision: 0.8780, Recall: 0.9311, Specificity: 0.8706, F1-Score: 0.9037 
14:31:29 : Epoch [37/50], Loss: 0.5629, Accuracy: 0.9029, Precision: 0.8770, Recall: 0.9374, Specificity: 0.8685, F1-Score: 0.9062 
14:31:38 : Epoch [38/50], Loss: 0.5615, Accuracy: 0.9029, Precision: 0.8784, Recall: 0.9353, Specificity: 0.8706, F1-Score: 0.9060 
14:31:47 : Epoch [39/50], Loss: 0.5657, Accuracy: 0.9050, Precision: 0.8789, Recall: 0.9395, Specificity: 0.8706, F1-Score: 0.9082 
14:31:55 : Epoch [40/50], Loss: 0.5628, Accuracy: 0.9071, Precision: 0.8824, Recall: 0.9395, Specificity: 0.8747, F1-Score: 0.9100 
14:32:04 : Epoch [41/50], Loss: 0.5616, Accuracy: 0.9071, Precision: 0.8824, Recall: 0.9395, Specificity: 0.8747, F1-Score: 0.9100 
14:32:13 : Epoch [42/50], Loss: 0.5509, Accuracy: 0.9050, Precision: 0.8834, Recall: 0.9332, Specificity: 0.8768, F1-Score: 0.9076 
14:32:22 : Epoch [43/50], Loss: 0.5588, Accuracy: 0.9081, Precision: 0.8841, Recall: 0.9395, Specificity: 0.8768, F1-Score: 0.9109 
14:32:30 : Epoch [44/50], Loss: 0.5514, Accuracy: 0.9071, Precision: 0.8854, Recall: 0.9353, Specificity: 0.8789, F1-Score: 0.9096 
14:32:39 : Epoch [45/50], Loss: 0.5555, Accuracy: 0.9092, Precision: 0.8858, Recall: 0.9395, Specificity: 0.8789, F1-Score: 0.9119 
14:32:48 : Epoch [46/50], Loss: 0.5453, Accuracy: 0.9071, Precision: 0.8869, Recall: 0.9332, Specificity: 0.8810, F1-Score: 0.9095 
14:32:56 : Epoch [47/50], Loss: 0.5522, Accuracy: 0.9113, Precision: 0.8878, Recall: 0.9415, Specificity: 0.8810, F1-Score: 0.9139 
14:33:05 : Epoch [48/50], Loss: 0.5617, Accuracy: 0.9134, Precision: 0.8882, Recall: 0.9457, Specificity: 0.8810, F1-Score: 0.9161 
14:33:14 : Epoch [49/50], Loss: 0.5617, Accuracy: 0.9134, Precision: 0.8882, Recall: 0.9457, Specificity: 0.8810, F1-Score: 0.9161 
14:33:22 : Epoch [50/50], Loss: 0.5543, Accuracy: 0.9123, Precision: 0.8880, Recall: 0.9436, Specificity: 0.8810, F1-Score: 0.9150 
14:34:51 : Test Loss: 0.4887, Test Accuracy: 0.8875, Test Precision: 0.2096, Test Recall: 0.9666, Test Specificity: 0.8850, Test F1-Score: 0.3445 
14:34:51 : Total Time taken: 555.828990199996 Seconds 
