18:45:06 : Path identified is C:\Users\bt22aak\GPU_DS\Exp_1\Exp_1_6_OG_Sobel_BGS\Balanced and C:\Users\bt22aak\GPU_DS\Exp_1\Exp_1_6_OG_Sobel_BGS\Unbalanced 
18:45:06 : Starting the processing of Exp_1_6_OG_Sobel_BGS_b32e50L0.0001 
18:46:22 : Running on GPU 
18:46:22 : Model is Exp_1_6_OG_Sobel_BGS_b32e50L0.0001 
18:46:42 : Epoch [1/50], Loss: 0.3849, Accuracy: 0.9029, Precision: 0.9089, Recall: 0.8956, Specificity: 0.9102, F1-Score: 0.9022 
18:46:52 : Epoch [2/50], Loss: 0.2340, Accuracy: 0.9238, Precision: 0.9060, Recall: 0.9457, Specificity: 0.9019, F1-Score: 0.9254 
18:47:01 : Epoch [3/50], Loss: 0.1889, Accuracy: 0.9290, Precision: 0.9272, Recall: 0.9311, Specificity: 0.9269, F1-Score: 0.9292 
18:47:11 : Epoch [4/50], Loss: 0.1860, Accuracy: 0.9301, Precision: 0.9383, Recall: 0.9207, Specificity: 0.9395, F1-Score: 0.9294 
18:47:20 : Epoch [5/50], Loss: 0.2133, Accuracy: 0.9269, Precision: 0.9637, Recall: 0.8873, Specificity: 0.9666, F1-Score: 0.9239 
18:47:29 : Epoch [6/50], Loss: 0.0684, Accuracy: 0.9363, Precision: 0.9318, Recall: 0.9415, Specificity: 0.9311, F1-Score: 0.9367 
18:47:39 : Epoch [7/50], Loss: 0.1122, Accuracy: 0.9405, Precision: 0.9607, Recall: 0.9186, Specificity: 0.9624, F1-Score: 0.9392 
18:47:48 : Epoch [8/50], Loss: 0.1843, Accuracy: 0.9395, Precision: 0.9546, Recall: 0.9228, Specificity: 0.9562, F1-Score: 0.9384 
18:47:58 : Epoch [9/50], Loss: 0.0388, Accuracy: 0.9426, Precision: 0.9417, Recall: 0.9436, Specificity: 0.9415, F1-Score: 0.9426 
18:48:07 : Epoch [10/50], Loss: 0.0358, Accuracy: 0.9468, Precision: 0.9496, Recall: 0.9436, Specificity: 0.9499, F1-Score: 0.9466 
18:48:17 : Epoch [11/50], Loss: 0.0307, Accuracy: 0.9520, Precision: 0.9577, Recall: 0.9457, Specificity: 0.9582, F1-Score: 0.9517 
18:48:26 : Epoch [12/50], Loss: 0.4739, Accuracy: 0.9478, Precision: 0.9554, Recall: 0.9395, Specificity: 0.9562, F1-Score: 0.9474 
18:48:35 : Epoch [13/50], Loss: 0.0418, Accuracy: 0.9363, Precision: 0.9147, Recall: 0.9624, Specificity: 0.9102, F1-Score: 0.9379 
18:48:45 : Epoch [14/50], Loss: 0.1259, Accuracy: 0.9426, Precision: 0.9569, Recall: 0.9269, Specificity: 0.9582, F1-Score: 0.9417 
18:48:54 : Epoch [15/50], Loss: 0.0751, Accuracy: 0.9457, Precision: 0.9495, Recall: 0.9415, Specificity: 0.9499, F1-Score: 0.9455 
18:49:04 : Epoch [16/50], Loss: 0.1341, Accuracy: 0.9436, Precision: 0.9610, Recall: 0.9248, Specificity: 0.9624, F1-Score: 0.9426 
18:49:13 : Epoch [17/50], Loss: 0.0321, Accuracy: 0.9468, Precision: 0.9477, Recall: 0.9457, Specificity: 0.9478, F1-Score: 0.9467 
18:49:23 : Epoch [18/50], Loss: 0.0412, Accuracy: 0.9436, Precision: 0.9493, Recall: 0.9374, Specificity: 0.9499, F1-Score: 0.9433 
18:49:32 : Epoch [19/50], Loss: 0.0300, Accuracy: 0.9457, Precision: 0.9476, Recall: 0.9436, Specificity: 0.9478, F1-Score: 0.9456 
18:49:41 : Epoch [20/50], Loss: 0.0373, Accuracy: 0.9436, Precision: 0.9493, Recall: 0.9374, Specificity: 0.9499, F1-Score: 0.9433 
18:49:51 : Epoch [21/50], Loss: 0.0946, Accuracy: 0.9415, Precision: 0.9529, Recall: 0.9290, Specificity: 0.9541, F1-Score: 0.9408 
18:50:00 : Epoch [22/50], Loss: 0.0494, Accuracy: 0.9415, Precision: 0.9490, Recall: 0.9332, Specificity: 0.9499, F1-Score: 0.9411 
18:50:10 : Epoch [23/50], Loss: 0.0421, Accuracy: 0.9447, Precision: 0.9513, Recall: 0.9374, Specificity: 0.9520, F1-Score: 0.9443 
18:50:19 : Epoch [24/50], Loss: 0.0996, Accuracy: 0.9405, Precision: 0.9547, Recall: 0.9248, Specificity: 0.9562, F1-Score: 0.9396 
18:50:29 : Epoch [25/50], Loss: 0.0187, Accuracy: 0.9489, Precision: 0.9442, Recall: 0.9541, Specificity: 0.9436, F1-Score: 0.9491 
18:50:38 : Epoch [26/50], Loss: 0.0774, Accuracy: 0.9447, Precision: 0.9513, Recall: 0.9374, Specificity: 0.9520, F1-Score: 0.9443 
18:50:48 : Epoch [27/50], Loss: 0.0363, Accuracy: 0.9478, Precision: 0.9497, Recall: 0.9457, Specificity: 0.9499, F1-Score: 0.9477 
18:50:57 : Epoch [28/50], Loss: 0.0759, Accuracy: 0.9457, Precision: 0.9514, Recall: 0.9395, Specificity: 0.9520, F1-Score: 0.9454 
18:51:06 : Epoch [29/50], Loss: 0.2097, Accuracy: 0.9353, Precision: 0.9503, Recall: 0.9186, Specificity: 0.9520, F1-Score: 0.9342 
18:51:16 : Epoch [30/50], Loss: 0.0467, Accuracy: 0.9436, Precision: 0.9512, Recall: 0.9353, Specificity: 0.9520, F1-Score: 0.9432 
18:51:25 : Epoch [31/50], Loss: 0.0695, Accuracy: 0.9457, Precision: 0.9495, Recall: 0.9415, Specificity: 0.9499, F1-Score: 0.9455 
18:51:35 : Epoch [32/50], Loss: 0.1199, Accuracy: 0.9489, Precision: 0.9517, Recall: 0.9457, Specificity: 0.9520, F1-Score: 0.9487 
18:51:44 : Epoch [33/50], Loss: 0.2371, Accuracy: 0.9363, Precision: 0.9543, Recall: 0.9165, Specificity: 0.9562, F1-Score: 0.9350 
18:51:54 : Epoch [34/50], Loss: 0.0719, Accuracy: 0.9447, Precision: 0.9494, Recall: 0.9395, Specificity: 0.9499, F1-Score: 0.9444 
18:52:03 : Epoch [35/50], Loss: 0.0909, Accuracy: 0.9248, Precision: 0.9062, Recall: 0.9478, Specificity: 0.9019, F1-Score: 0.9265 
18:52:13 : Epoch [36/50], Loss: 0.0974, Accuracy: 0.9436, Precision: 0.9550, Recall: 0.9311, Specificity: 0.9562, F1-Score: 0.9429 
18:52:22 : Epoch [37/50], Loss: 0.1332, Accuracy: 0.9269, Precision: 0.9417, Recall: 0.9102, Specificity: 0.9436, F1-Score: 0.9257 
18:52:31 : Epoch [38/50], Loss: 0.1103, Accuracy: 0.9415, Precision: 0.9434, Recall: 0.9395, Specificity: 0.9436, F1-Score: 0.9414 
18:52:41 : Epoch [39/50], Loss: 0.0637, Accuracy: 0.9415, Precision: 0.9648, Recall: 0.9165, Specificity: 0.9666, F1-Score: 0.9400 
18:52:50 : Epoch [40/50], Loss: 0.0179, Accuracy: 0.9436, Precision: 0.9493, Recall: 0.9374, Specificity: 0.9499, F1-Score: 0.9433 
18:53:00 : Epoch [41/50], Loss: 0.0186, Accuracy: 0.9436, Precision: 0.9550, Recall: 0.9311, Specificity: 0.9562, F1-Score: 0.9429 
18:53:09 : Epoch [42/50], Loss: 0.0174, Accuracy: 0.9447, Precision: 0.9532, Recall: 0.9353, Specificity: 0.9541, F1-Score: 0.9442 
18:53:19 : Epoch [43/50], Loss: 0.0240, Accuracy: 0.9457, Precision: 0.9631, Recall: 0.9269, Specificity: 0.9645, F1-Score: 0.9447 
18:53:28 : Epoch [44/50], Loss: 0.0166, Accuracy: 0.9447, Precision: 0.9591, Recall: 0.9290, Specificity: 0.9603, F1-Score: 0.9438 
18:53:38 : Epoch [45/50], Loss: 0.0130, Accuracy: 0.9447, Precision: 0.9571, Recall: 0.9311, Specificity: 0.9582, F1-Score: 0.9439 
18:53:47 : Epoch [46/50], Loss: 0.0104, Accuracy: 0.9468, Precision: 0.9534, Recall: 0.9395, Specificity: 0.9541, F1-Score: 0.9464 
18:53:56 : Epoch [47/50], Loss: 0.0123, Accuracy: 0.9457, Precision: 0.9591, Recall: 0.9311, Specificity: 0.9603, F1-Score: 0.9449 
18:54:06 : Epoch [48/50], Loss: 0.0103, Accuracy: 0.9457, Precision: 0.9552, Recall: 0.9353, Specificity: 0.9562, F1-Score: 0.9451 
18:54:15 : Epoch [49/50], Loss: 0.0098, Accuracy: 0.9457, Precision: 0.9533, Recall: 0.9374, Specificity: 0.9541, F1-Score: 0.9453 
18:54:25 : Epoch [50/50], Loss: 0.0133, Accuracy: 0.9457, Precision: 0.9611, Recall: 0.9290, Specificity: 0.9624, F1-Score: 0.9448 
18:56:44 : Test Loss: 0.6327, Test Accuracy: 0.9419, Test Precision: 0.3427, Test Recall: 0.9812, Test Specificity: 0.9406, Test F1-Score: 0.5080 
18:56:44 : Total Time taken: 698.5763872999814 Seconds 
